✓ [AUDIT] Starting QA cycle at Fri Mar 20 05:00:01 PM CST 2026
  → Reviewing code quality...
  → Running test suite...
  → Generating QA report...
[2026-03-20 17:01:11] ✅ QA audit complete
✓ [AUDIT] ✅ Cycle complete
✓ [AUDIT] Starting QA cycle at Fri Mar 20 05:30:01 PM CST 2026
  → Reviewing code quality...
  → Running test suite...
  → Generating QA report...
[2026-03-20 17:31:11] ✅ QA audit complete
✓ [AUDIT] ✅ Cycle complete
✓ [AUDIT] Starting QA cycle at Fri Mar 20 06:00:01 PM CST 2026
  → Reviewing code quality...
  → Running test suite...
  → Generating QA report...
[2026-03-20 18:01:11] ✅ QA audit complete
✓ [AUDIT] ✅ Cycle complete
✓ [AUDIT] Starting QA cycle at Fri Mar 20 06:30:01 PM CST 2026
  → Reviewing code quality...
  → Running test suite...
  → Generating QA report...
[2026-03-20 18:31:11] ✅ QA audit complete
✓ [AUDIT] ✅ Cycle complete
✓ [AUDIT] Starting QA cycle at Fri Mar 20 07:00:01 PM CST 2026
  → Reviewing code quality...
  → Running test suite...
  → Generating QA report...
[2026-03-20 19:01:11] ✅ QA audit complete
✓ [AUDIT] ✅ Cycle complete
✓ [AUDIT] Starting QA cycle at Fri Mar 20 07:30:01 PM CST 2026
  → Reviewing code quality...
  → Running test suite...
  → Generating QA report...
[2026-03-20 19:31:11] ✅ QA audit complete
✓ [AUDIT] ✅ Cycle complete
✓ [AUDIT] Starting QA cycle at Fri Mar 20 08:00:01 PM CST 2026
  → Reviewing code quality...
  → Running test suite...
  → Generating QA report...
[2026-03-20 20:01:11] ✅ QA audit complete
✓ [AUDIT] ✅ Cycle complete
✓ [AUDIT] Starting QA cycle at Fri Mar 20 08:30:01 PM CST 2026
  → Reviewing code quality...
  → Running test suite...
  → Generating QA report...
[2026-03-20 20:31:11] ✅ QA audit complete
✓ [AUDIT] ✅ Cycle complete
✓ [AUDIT] Starting QA cycle at Fri Mar 20 09:00:01 PM CST 2026
  → Reviewing code quality...
  → Running test suite...
  → Generating QA report...
[2026-03-20 21:01:11] ✅ QA audit complete
✓ [AUDIT] ✅ Cycle complete
✓ [AUDIT] Starting QA cycle at Fri Mar 20 09:30:01 PM CST 2026
  → Reviewing code quality...
  → Running test suite...
  → Generating QA report...
[2026-03-20 21:31:11] ✅ QA audit complete
✓ [AUDIT] ✅ Cycle complete
✓ [AUDIT] Starting QA cycle at Fri Mar 20 10:00:01 PM CST 2026
  → Reviewing code quality...
  → Running test suite...
  → Generating QA report...
[2026-03-20 22:01:11] ✅ QA audit complete
✓ [AUDIT] ✅ Cycle complete
✓ [AUDIT] Starting QA cycle at Fri Mar 20 10:30:01 PM CST 2026
  → Reviewing code quality...
  → Running test suite...
  → Generating QA report...
[2026-03-20 22:31:11] ✅ QA audit complete
✓ [AUDIT] ✅ Cycle complete
✓ [AUDIT] Starting QA cycle at Fri Mar 20 11:00:01 PM CST 2026
  → Reviewing code quality...
  → Running test suite...
  → Generating QA report...
[2026-03-20 23:01:11] ✅ QA audit complete
✓ [AUDIT] ✅ Cycle complete
✓ [AUDIT] Starting QA cycle at Fri Mar 20 11:30:01 PM CST 2026
  → Reviewing code quality...
  → Running test suite...
  → Generating QA report...
[2026-03-20 23:31:11] ✅ QA audit complete
✓ [AUDIT] ✅ Cycle complete
✓ [AUDIT] Starting QA cycle at Sat Mar 21 12:00:01 AM CST 2026
  → Reviewing code quality...
  → Running test suite...
  → Generating QA report...
[2026-03-21 00:01:11] ✅ QA audit complete
✓ [AUDIT] ✅ Cycle complete
✓ [AUDIT] Starting QA cycle at Sat Mar 21 12:30:01 AM CST 2026
  → Reviewing code quality...
  → Running test suite...
  → Generating QA report...
[2026-03-21 00:31:11] ✅ QA audit complete
✓ [AUDIT] ✅ Cycle complete
✓ [AUDIT] Starting QA cycle at Sat Mar 21 01:00:01 AM CST 2026
  → Reviewing code quality...
  → Running test suite...
  → Generating QA report...
[2026-03-21 01:01:11] ✅ QA audit complete
✓ [AUDIT] ✅ Cycle complete
✓ [AUDIT] Starting QA cycle at Sat Mar 21 01:30:01 AM CST 2026
  → Reviewing code quality...
  → Running test suite...
  → Generating QA report...
[2026-03-21 01:31:11] ✅ QA audit complete
✓ [AUDIT] ✅ Cycle complete
✓ [AUDIT] Starting QA cycle at Sat Mar 21 02:00:01 AM CST 2026
  → Reviewing code quality...
  → Running test suite...
  → Generating QA report...
[2026-03-21 02:01:11] ✅ QA audit complete
✓ [AUDIT] ✅ Cycle complete
✓ [AUDIT] Starting QA cycle at Sat Mar 21 02:30:01 AM CST 2026
  → Reviewing code quality...
  → Running test suite...
  → Generating QA report...
[2026-03-21 02:31:11] ✅ QA audit complete
✓ [AUDIT] ✅ Cycle complete
✓ [AUDIT] Starting QA cycle at Sat Mar 21 03:00:01 AM CST 2026
  → Reviewing code quality...
  → Running test suite...
  → Generating QA report...
[2026-03-21 03:01:11] ✅ QA audit complete
✓ [AUDIT] ✅ Cycle complete
✓ [AUDIT] Starting QA cycle at Sat Mar 21 03:30:01 AM CST 2026
  → Reviewing code quality...
  → Running test suite...
  → Generating QA report...
[2026-03-21 03:31:11] ✅ QA audit complete
✓ [AUDIT] ✅ Cycle complete
✓ [AUDIT] Starting QA cycle at Sat Mar 21 04:00:01 AM CST 2026
  → Reviewing code quality...
  → Running test suite...
  → Generating QA report...
[2026-03-21 04:01:11] ✅ QA audit complete
✓ [AUDIT] ✅ Cycle complete
✓ [AUDIT] Starting QA cycle at Sat Mar 21 04:30:01 AM CST 2026
  → Reviewing code quality...
  → Running test suite...
  → Generating QA report...
[2026-03-21 04:31:11] ✅ QA audit complete
✓ [AUDIT] ✅ Cycle complete
✓ [AUDIT] Starting QA cycle at Sat Mar 21 05:00:01 AM CST 2026
  → Reviewing code quality...
  → Running test suite...
  → Generating QA report...
[2026-03-21 05:01:11] ✅ QA audit complete
✓ [AUDIT] ✅ Cycle complete
✓ [AUDIT] Starting QA cycle at Sat Mar 21 05:30:01 AM CST 2026
  → Reviewing code quality...
  → Running test suite...
  → Generating QA report...
[2026-03-21 05:31:11] ✅ QA audit complete
✓ [AUDIT] ✅ Cycle complete
✓ [AUDIT] Starting QA cycle at Sat Mar 21 06:00:01 AM CST 2026
  → Reviewing code quality...
  → Running test suite...
  → Generating QA report...
[2026-03-21 06:01:11] ✅ QA audit complete
✓ [AUDIT] ✅ Cycle complete
✓ [AUDIT] Starting QA cycle at Sat Mar 21 06:30:01 AM CST 2026
  → Reviewing code quality...
  → Running test suite...
  → Generating QA report...
[2026-03-21 06:31:11] ✅ QA audit complete
✓ [AUDIT] ✅ Cycle complete
✓ [AUDIT] Starting QA cycle at Sat Mar 21 07:00:01 AM CST 2026
  → Reviewing code quality...
  → Running test suite...
  → Generating QA report...
[2026-03-21 07:01:11] ✅ QA audit complete
✓ [AUDIT] ✅ Cycle complete
✓ [AUDIT] Starting QA cycle at Sat Mar 21 07:30:01 AM CST 2026
  → Reviewing code quality...
  → Running test suite...
  → Generating QA report...
[2026-03-21 07:31:11] ✅ QA audit complete
✓ [AUDIT] ✅ Cycle complete
✓ [AUDIT] Starting QA cycle at Sat Mar 21 08:00:01 AM CST 2026
  → Reviewing code quality...
  → Running test suite...
  → Generating QA report...
[2026-03-21 08:01:11] ✅ QA audit complete
✓ [AUDIT] ✅ Cycle complete
✓ [AUDIT] Starting QA cycle at Sat Mar 21 08:30:01 AM CST 2026
  → Reviewing code quality...
  → Running test suite...
  → Generating QA report...
[2026-03-21 08:31:11] ✅ QA audit complete
✓ [AUDIT] ✅ Cycle complete
✓ [AUDIT] Starting QA cycle at Sat Mar 21 09:00:01 AM CST 2026
  → Reviewing code quality...
  → Running test suite...
  → Generating QA report...
[2026-03-21 09:01:11] ✅ QA audit complete
✓ [AUDIT] ✅ Cycle complete
✓ [AUDIT] Starting QA cycle at Sat Mar 21 09:30:01 AM CST 2026
  → Reviewing code quality...
  → Running test suite...
  → Generating QA report...
[2026-03-21 09:31:11] ✅ QA audit complete
✓ [AUDIT] ✅ Cycle complete
✓ [AUDIT] Starting QA cycle at Sat Mar 21 10:00:01 AM CST 2026
  → Reviewing code quality...
  → Running test suite...
  → Generating QA report...
[2026-03-21 10:01:11] ✅ QA audit complete
✓ [AUDIT] ✅ Cycle complete
✓ [AUDIT] Starting QA cycle at Sat Mar 21 10:30:01 AM CST 2026
  → Reviewing code quality...
  → Running test suite...
  → Generating QA report...
[2026-03-21 10:31:11] ✅ QA audit complete
✓ [AUDIT] ✅ Cycle complete
✓ [AUDIT] Starting QA cycle at Sat Mar 21 11:00:01 AM CST 2026
  → Reviewing code quality...
  → Running test suite...
  → Generating QA report...
[2026-03-21 11:01:11] ✅ QA audit complete
✓ [AUDIT] ✅ Cycle complete
✓ [AUDIT] Starting QA cycle at Sat Mar 21 11:30:01 AM CST 2026
  → Reviewing code quality...
  → Running test suite...
  → Generating QA report...
[2026-03-21 11:31:11] ✅ QA audit complete
✓ [AUDIT] ✅ Cycle complete
✓ [AUDIT] Starting QA cycle at Sat Mar 21 12:00:01 PM CST 2026
  → Reviewing code quality...
  → Running test suite...
  → Generating QA report...
[2026-03-21 12:01:11] ✅ QA audit complete
✓ [AUDIT] ✅ Cycle complete
✓ [AUDIT] Starting QA cycle at Sat Mar 21 12:30:01 PM CST 2026
  → Reviewing code quality...
  → Running test suite...
  → Generating QA report...
[2026-03-21 12:31:11] ✅ QA audit complete
✓ [AUDIT] ✅ Cycle complete
✓ [AUDIT] Starting QA cycle at Sat Mar 21 01:00:01 PM CST 2026
  → Reviewing code quality...
  → Running test suite...
  → Generating QA report...
[2026-03-21 13:01:11] ✅ QA audit complete
✓ [AUDIT] ✅ Cycle complete
✓ [AUDIT] Starting QA cycle at Sat Mar 21 01:30:01 PM CST 2026
  → Reviewing code quality...
  → Running test suite...
  → Generating QA report...
[2026-03-21 13:31:11] ✅ QA audit complete
✓ [AUDIT] ✅ Cycle complete
✓ [AUDIT] Starting QA cycle at Sat Mar 21 02:00:01 PM CST 2026
  → Reviewing code quality...
  → Running test suite...
  → Generating QA report...
[2026-03-21 14:01:11] ✅ QA audit complete
✓ [AUDIT] ✅ Cycle complete
✓ [AUDIT] Starting QA cycle at Sat Mar 21 02:30:01 PM CST 2026
  → Reviewing code quality...
  → Running test suite...
  → Generating QA report...
[2026-03-21 14:31:11] ✅ QA audit complete
✓ [AUDIT] ✅ Cycle complete
✓ [AUDIT] Starting QA cycle at Sat Mar 21 03:00:01 PM CST 2026
  → Reviewing code quality...
  → Running test suite...
  → Generating QA report...
[2026-03-21 15:01:11] ✅ QA audit complete
✓ [AUDIT] ✅ Cycle complete
✓ [AUDIT] Starting QA cycle at Sat Mar 21 03:30:01 PM CST 2026
  → Reviewing code quality...
  → Running test suite...
  → Generating QA report...
[2026-03-21 15:31:11] ✅ QA audit complete
✓ [AUDIT] ✅ Cycle complete
✓ [AUDIT] Starting QA cycle at Sat Mar 21 04:00:01 PM CST 2026
  → Reviewing code quality...
  → Running test suite...
  → Generating QA report...
[2026-03-21 16:01:11] ✅ QA audit complete
✓ [AUDIT] ✅ Cycle complete
✓ [AUDIT] Starting QA cycle at Sat Mar 21 04:30:01 PM CST 2026
  → Reviewing code quality...
  → Running test suite...
  → Generating QA report...
[2026-03-21 16:31:11] ✅ QA audit complete
✓ [AUDIT] ✅ Cycle complete
✓ [AUDIT] Starting QA cycle at Sat Mar 21 05:00:01 PM CST 2026
  → Reviewing code quality...
  → Running test suite...
  → Generating QA report...
[2026-03-21 17:01:11] ✅ QA audit complete
✓ [AUDIT] ✅ Cycle complete
✓ [AUDIT] Starting QA cycle at Sat Mar 21 05:30:01 PM CST 2026
  → Reviewing code quality...
  → Running test suite...
  → Generating QA report...
[2026-03-21 17:31:11] ✅ QA audit complete
✓ [AUDIT] ✅ Cycle complete
✓ [AUDIT] Starting QA cycle at Sat Mar 21 06:00:01 PM CST 2026
  → Reviewing code quality...
  → Running test suite...
  → Generating QA report...
[2026-03-21 18:01:11] ✅ QA audit complete
✓ [AUDIT] ✅ Cycle complete
✓ [AUDIT] Starting QA cycle at Sat Mar 21 06:30:01 PM CST 2026
  → Reviewing code quality...
  → Running test suite...
  → Generating QA report...
[2026-03-21 18:31:11] ✅ QA audit complete
✓ [AUDIT] ✅ Cycle complete
✓ [AUDIT] Starting QA cycle at Sat Mar 21 07:00:01 PM CST 2026
  → Reviewing code quality...
  → Running test suite...
  → Generating QA report...
[2026-03-21 19:01:11] ✅ QA audit complete
✓ [AUDIT] ✅ Cycle complete
✓ [AUDIT] Starting QA cycle at Sat Mar 21 07:30:01 PM CST 2026
  → Reviewing code quality...
  → Running test suite...
  → Generating QA report...
[2026-03-21 19:31:11] ✅ QA audit complete
✓ [AUDIT] ✅ Cycle complete
✓ [AUDIT] Starting QA cycle at Sat Mar 21 08:00:01 PM CST 2026
  → Reviewing code quality...
  → Running test suite...
  → Generating QA report...
[2026-03-21 20:01:11] ✅ QA audit complete
✓ [AUDIT] ✅ Cycle complete
✓ [AUDIT] Starting QA cycle at Sat Mar 21 08:30:01 PM CST 2026
  → Reviewing code quality...
  → Running test suite...
  → Generating QA report...
[2026-03-21 20:31:11] ✅ QA audit complete
✓ [AUDIT] ✅ Cycle complete
✓ [AUDIT] Starting QA cycle at Sat Mar 21 09:00:01 PM CST 2026
  → Reviewing code quality...
  → Running test suite...
  → Generating QA report...
[2026-03-21 21:01:11] ✅ QA audit complete
✓ [AUDIT] ✅ Cycle complete
✓ [AUDIT] Starting QA cycle at Sat Mar 21 09:30:01 PM CST 2026
  → Reviewing code quality...
  → Running test suite...
  → Generating QA report...
[2026-03-21 21:31:11] ✅ QA audit complete
✓ [AUDIT] ✅ Cycle complete
✓ [AUDIT] Starting QA cycle at Sat Mar 21 10:00:01 PM CST 2026
  → Reviewing code quality...
  → Running test suite...
  → Generating QA report...
[2026-03-21 22:01:11] ✅ QA audit complete
✓ [AUDIT] ✅ Cycle complete
✓ [AUDIT] Starting QA cycle at Sat Mar 21 10:30:01 PM CST 2026
  → Reviewing code quality...
  → Running test suite...
  → Generating QA report...
[2026-03-21 22:31:11] ✅ QA audit complete
✓ [AUDIT] ✅ Cycle complete
✓ [AUDIT] Starting QA cycle at Sat Mar 21 11:00:01 PM CST 2026
  → Reviewing code quality...
  → Running test suite...
  → Generating QA report...
[2026-03-21 23:01:11] ✅ QA audit complete
✓ [AUDIT] ✅ Cycle complete
✓ [AUDIT] Starting QA cycle at Sat Mar 21 11:30:01 PM CST 2026
  → Reviewing code quality...
  → Running test suite...
  → Generating QA report...
[2026-03-21 23:31:11] ✅ QA audit complete
✓ [AUDIT] ✅ Cycle complete
✓ [AUDIT] Starting QA cycle at Sun Mar 22 12:00:01 AM CST 2026
  → Reviewing code quality...
  → Running test suite...
  → Generating QA report...
[2026-03-22 00:01:11] ✅ QA audit complete
✓ [AUDIT] ✅ Cycle complete
✓ [AUDIT] Starting QA cycle at Sun Mar 22 12:30:01 AM CST 2026
  → Reviewing code quality...
  → Running test suite...
  → Generating QA report...
[2026-03-22 00:31:11] ✅ QA audit complete
✓ [AUDIT] ✅ Cycle complete
✓ [AUDIT] Starting QA cycle at Sun Mar 22 01:00:01 AM CST 2026
  → Reviewing code quality...
  → Running test suite...
  → Generating QA report...
[2026-03-22 01:01:11] ✅ QA audit complete
✓ [AUDIT] ✅ Cycle complete
✓ [AUDIT] Starting QA cycle at Sun Mar 22 01:30:01 AM CST 2026
  → Reviewing code quality...
  → Running test suite...
  → Generating QA report...
[2026-03-22 01:31:11] ✅ QA audit complete
✓ [AUDIT] ✅ Cycle complete
✓ [AUDIT] Starting QA cycle at Sun Mar 22 02:00:01 AM CST 2026
  → Reviewing code quality...
  → Running test suite...
  → Generating QA report...
[2026-03-22 02:01:11] ✅ QA audit complete
✓ [AUDIT] ✅ Cycle complete
✓ [AUDIT] Starting QA cycle at Sun Mar 22 02:30:01 AM CST 2026
  → Reviewing code quality...
  → Running test suite...
  → Generating QA report...
[2026-03-22 02:31:11] ✅ QA audit complete
✓ [AUDIT] ✅ Cycle complete
✓ [AUDIT] Starting QA cycle at Sun Mar 22 03:00:01 AM CST 2026
  → Reviewing code quality...
  → Running test suite...
  → Generating QA report...
[2026-03-22 03:01:11] ✅ QA audit complete
✓ [AUDIT] ✅ Cycle complete
✓ [AUDIT] Starting QA cycle at Sun Mar 22 03:30:01 AM CST 2026
  → Reviewing code quality...
  → Running test suite...
  → Generating QA report...
[2026-03-22 03:31:11] ✅ QA audit complete
✓ [AUDIT] ✅ Cycle complete
✓ [AUDIT] Starting QA cycle at Sun Mar 22 04:00:01 AM CST 2026
  → Reviewing code quality...
  → Running test suite...
  → Generating QA report...
[2026-03-22 04:01:11] ✅ QA audit complete
✓ [AUDIT] ✅ Cycle complete
✓ [AUDIT] Starting QA cycle at Sun Mar 22 04:30:01 AM CST 2026
  → Reviewing code quality...
  → Running test suite...
  → Generating QA report...
[2026-03-22 04:31:11] ✅ QA audit complete
✓ [AUDIT] ✅ Cycle complete
✓ [AUDIT] Starting QA cycle at Sun Mar 22 05:00:01 AM CST 2026
  → Reviewing code quality...
  → Running test suite...
  → Generating QA report...
[2026-03-22 05:01:11] ✅ QA audit complete
✓ [AUDIT] ✅ Cycle complete
✓ [AUDIT] Starting QA cycle at Sun Mar 22 05:30:01 AM CST 2026
  → Reviewing code quality...
  → Running test suite...
  → Generating QA report...
[2026-03-22 05:31:11] ✅ QA audit complete
✓ [AUDIT] ✅ Cycle complete
✓ [AUDIT] Starting QA cycle at Sun Mar 22 06:00:01 AM CST 2026
  → Reviewing code quality...
  → Running test suite...
  → Generating QA report...
[2026-03-22 06:01:11] ✅ QA audit complete
✓ [AUDIT] ✅ Cycle complete
✓ [AUDIT] Starting QA cycle at Sun Mar 22 06:30:01 AM CST 2026
  → Reviewing code quality...
  → Running test suite...
  → Generating QA report...
[2026-03-22 06:31:11] ✅ QA audit complete
✓ [AUDIT] ✅ Cycle complete
✓ [AUDIT] Starting QA cycle at Sun Mar 22 07:00:02 AM CST 2026
  → Reviewing code quality...
  → Running test suite...
  → Generating QA report...
[2026-03-22 07:01:12] ✅ QA audit complete
✓ [AUDIT] ✅ Cycle complete
✓ [AUDIT] Starting QA cycle at Sun Mar 22 07:30:01 AM CST 2026
  → Reviewing code quality...
  → Running test suite...
  → Generating QA report...
[2026-03-22 07:31:11] ✅ QA audit complete
✓ [AUDIT] ✅ Cycle complete
✓ [AUDIT] Starting QA cycle at Sun Mar 22 08:00:01 AM CST 2026
  → Reviewing code quality...
  → Running test suite...
  → Generating QA report...
[2026-03-22 08:01:11] ✅ QA audit complete
✓ [AUDIT] ✅ Cycle complete
✓ [AUDIT] Starting QA cycle at Sun Mar 22 08:30:01 AM CST 2026
  → Reviewing code quality...
  → Running test suite...
  → Generating QA report...
[2026-03-22 08:31:11] ✅ QA audit complete
✓ [AUDIT] ✅ Cycle complete
✓ [AUDIT] Starting QA cycle at Sun Mar 22 09:00:01 AM CST 2026
  → Reviewing code quality...
  → Running test suite...
  → Generating QA report...
[2026-03-22 09:01:11] ✅ QA audit complete
✓ [AUDIT] ✅ Cycle complete
