📈 [GARY] Starting marketing cycle at Fri Mar 20 05:00:01 PM CST 2026
  → Analyzing campaign metrics...
  → Optimizing ad spend...
  → Generating growth report...
[2026-03-20 17:00:56] ✅ Marketing analysis complete
📈 [GARY] ✅ Cycle complete
📈 [GARY] Starting marketing cycle at Fri Mar 20 05:20:01 PM CST 2026
  → Analyzing campaign metrics...
  → Optimizing ad spend...
  → Generating growth report...
[2026-03-20 17:20:56] ✅ Marketing analysis complete
📈 [GARY] ✅ Cycle complete
📈 [GARY] Starting marketing cycle at Fri Mar 20 05:40:01 PM CST 2026
  → Analyzing campaign metrics...
  → Optimizing ad spend...
  → Generating growth report...
[2026-03-20 17:40:56] ✅ Marketing analysis complete
📈 [GARY] ✅ Cycle complete
📈 [GARY] Starting marketing cycle at Fri Mar 20 06:00:01 PM CST 2026
  → Analyzing campaign metrics...
  → Optimizing ad spend...
  → Generating growth report...
[2026-03-20 18:00:56] ✅ Marketing analysis complete
📈 [GARY] ✅ Cycle complete
📈 [GARY] Starting marketing cycle at Fri Mar 20 06:20:01 PM CST 2026
  → Analyzing campaign metrics...
  → Optimizing ad spend...
  → Generating growth report...
[2026-03-20 18:20:56] ✅ Marketing analysis complete
📈 [GARY] ✅ Cycle complete
📈 [GARY] Starting marketing cycle at Fri Mar 20 06:40:01 PM CST 2026
  → Analyzing campaign metrics...
  → Optimizing ad spend...
  → Generating growth report...
[2026-03-20 18:40:56] ✅ Marketing analysis complete
📈 [GARY] ✅ Cycle complete
📈 [GARY] Starting marketing cycle at Fri Mar 20 07:00:01 PM CST 2026
  → Analyzing campaign metrics...
  → Optimizing ad spend...
  → Generating growth report...
[2026-03-20 19:00:56] ✅ Marketing analysis complete
📈 [GARY] ✅ Cycle complete
📈 [GARY] Starting marketing cycle at Fri Mar 20 07:20:01 PM CST 2026
  → Analyzing campaign metrics...
  → Optimizing ad spend...
  → Generating growth report...
[2026-03-20 19:20:56] ✅ Marketing analysis complete
📈 [GARY] ✅ Cycle complete
📈 [GARY] Starting marketing cycle at Fri Mar 20 07:40:01 PM CST 2026
  → Analyzing campaign metrics...
  → Optimizing ad spend...
  → Generating growth report...
[2026-03-20 19:40:56] ✅ Marketing analysis complete
📈 [GARY] ✅ Cycle complete
📈 [GARY] Starting marketing cycle at Fri Mar 20 08:00:01 PM CST 2026
  → Analyzing campaign metrics...
  → Optimizing ad spend...
  → Generating growth report...
[2026-03-20 20:00:56] ✅ Marketing analysis complete
📈 [GARY] ✅ Cycle complete
