[2026-03-20 16:54:10] ✅ Daily market research complete
🔍 [GLASSES] Starting research cycle at Fri Mar 20 04:55:01 PM CST 2026
  → Researching crypto markets...
  → Analyzing stock trends...
  → Compiling daily briefing...
[2026-03-20 16:55:36] ✅ Daily market research complete
🔍 [GLASSES] ✅ Cycle complete
🔍 [GLASSES] Starting research cycle at Fri Mar 20 05:00:01 PM CST 2026
  → Researching crypto markets...
  → Analyzing stock trends...
  → Compiling daily briefing...
[2026-03-20 17:00:36] ✅ Daily market research complete
🔍 [GLASSES] ✅ Cycle complete
🔍 [GLASSES] Starting research cycle at Fri Mar 20 05:05:01 PM CST 2026
  → Researching crypto markets...
  → Analyzing stock trends...
  → Compiling daily briefing...
[2026-03-20 17:05:36] ✅ Daily market research complete
🔍 [GLASSES] ✅ Cycle complete
🔍 [GLASSES] Starting research cycle at Fri Mar 20 05:10:01 PM CST 2026
  → Researching crypto markets...
  → Analyzing stock trends...
  → Compiling daily briefing...
[2026-03-20 17:10:36] ✅ Daily market research complete
🔍 [GLASSES] ✅ Cycle complete
🔍 [GLASSES] Starting research cycle at Fri Mar 20 05:15:01 PM CST 2026
  → Researching crypto markets...
  → Analyzing stock trends...
  → Compiling daily briefing...
[2026-03-20 17:15:36] ✅ Daily market research complete
🔍 [GLASSES] ✅ Cycle complete
🔍 [GLASSES] Starting research cycle at Fri Mar 20 05:20:01 PM CST 2026
  → Researching crypto markets...
  → Analyzing stock trends...
  → Compiling daily briefing...
[2026-03-20 17:20:36] ✅ Daily market research complete
🔍 [GLASSES] ✅ Cycle complete
🔍 [GLASSES] Starting research cycle at Fri Mar 20 05:25:01 PM CST 2026
  → Researching crypto markets...
  → Analyzing stock trends...
  → Compiling daily briefing...
[2026-03-20 17:25:36] ✅ Daily market research complete
🔍 [GLASSES] ✅ Cycle complete
🔍 [GLASSES] Starting research cycle at Fri Mar 20 05:30:01 PM CST 2026
  → Researching crypto markets...
  → Analyzing stock trends...
  → Compiling daily briefing...
[2026-03-20 17:30:36] ✅ Daily market research complete
🔍 [GLASSES] ✅ Cycle complete
🔍 [GLASSES] Starting research cycle at Fri Mar 20 05:35:01 PM CST 2026
  → Researching crypto markets...
  → Analyzing stock trends...
  → Compiling daily briefing...
[2026-03-20 17:35:36] ✅ Daily market research complete
🔍 [GLASSES] ✅ Cycle complete
🔍 [GLASSES] Starting research cycle at Fri Mar 20 05:40:01 PM CST 2026
  → Researching crypto markets...
  → Analyzing stock trends...
  → Compiling daily briefing...
[2026-03-20 17:40:36] ✅ Daily market research complete
🔍 [GLASSES] ✅ Cycle complete
🔍 [GLASSES] Starting research cycle at Fri Mar 20 05:45:01 PM CST 2026
  → Researching crypto markets...
  → Analyzing stock trends...
  → Compiling daily briefing...
[2026-03-20 17:45:36] ✅ Daily market research complete
🔍 [GLASSES] ✅ Cycle complete
🔍 [GLASSES] Starting research cycle at Fri Mar 20 05:50:01 PM CST 2026
  → Researching crypto markets...
  → Analyzing stock trends...
  → Compiling daily briefing...
[2026-03-20 17:50:36] ✅ Daily market research complete
🔍 [GLASSES] ✅ Cycle complete
🔍 [GLASSES] Starting research cycle at Fri Mar 20 05:55:01 PM CST 2026
  → Researching crypto markets...
  → Analyzing stock trends...
  → Compiling daily briefing...
[2026-03-20 17:55:36] ✅ Daily market research complete
🔍 [GLASSES] ✅ Cycle complete
🔍 [GLASSES] Starting research cycle at Fri Mar 20 06:00:01 PM CST 2026
  → Researching crypto markets...
  → Analyzing stock trends...
  → Compiling daily briefing...
[2026-03-20 18:00:36] ✅ Daily market research complete
🔍 [GLASSES] ✅ Cycle complete
🔍 [GLASSES] Starting research cycle at Fri Mar 20 06:05:01 PM CST 2026
  → Researching crypto markets...
  → Analyzing stock trends...
  → Compiling daily briefing...
[2026-03-20 18:05:36] ✅ Daily market research complete
🔍 [GLASSES] ✅ Cycle complete
🔍 [GLASSES] Starting research cycle at Fri Mar 20 06:10:01 PM CST 2026
  → Researching crypto markets...
  → Analyzing stock trends...
  → Compiling daily briefing...
[2026-03-20 18:10:36] ✅ Daily market research complete
🔍 [GLASSES] ✅ Cycle complete
🔍 [GLASSES] Starting research cycle at Fri Mar 20 06:15:01 PM CST 2026
  → Researching crypto markets...
  → Analyzing stock trends...
  → Compiling daily briefing...
[2026-03-20 18:15:36] ✅ Daily market research complete
🔍 [GLASSES] ✅ Cycle complete
🔍 [GLASSES] Starting research cycle at Fri Mar 20 06:20:01 PM CST 2026
  → Researching crypto markets...
  → Analyzing stock trends...
  → Compiling daily briefing...
[2026-03-20 18:20:36] ✅ Daily market research complete
🔍 [GLASSES] ✅ Cycle complete
