═══════════════════════════════════════════════════════════
🤖 MAX POWER VIRTUAL AGENT SYSTEM
Started: Fri Mar 20 06:04:13 PM CST 2026
═══════════════════════════════════════════════════════════
🚀 Launching all virtual agents in parallel...
✅ All 9 agents launched!
📝 Logs: /root/.openclaw/workspace/mission-control-v2/logs
📊 Status: /root/.openclaw/workspace/mission-control-v2/data/agent-status.json
⏱️  Sentry monitoring every 30s, others on their cycles
═══════════════════════════════════════════════════════════
[18:04:13] [OLIVIA] 💼 Processing leads...
[18:04:13] [ZOOKEEPER] 🦁 Building game features...
[18:04:13] [LARRY] 🐦 Checking social channels...
[18:04:13] [GARY] 📈 Analyzing marketing metrics...
[18:04:13] [AUDIT] 🔍 Starting QA audit...
[18:04:13] [GLASSES] 🔍 Starting deep research cycle...
[18:04:13] [PIXEL] 🎨 Starting design sprint...
[18:04:13] [QUILL] ✍️ Starting content creation...
mv: cannot stat '/tmp/status.json': No such file or directory
mv: cannot stat '/tmp/status.json': No such file or directory
mv: cannot stat '/tmp/status.json': No such file or directory
mv: cannot stat '/tmp/status.json': No such file or directory
mv: cannot stat '/tmp/status.json': No such file or directory
mv: cannot stat '/tmp/status.json': No such file or directory
[18:05:13] 💓 Virtual Agent Controller alive
[18:05:13] [GLASSES] ✅ Research cycle complete
mv: cannot stat '/tmp/status.json': No such file or directory
[18:05:53] [QUILL] ✅ Content draft complete
mv: cannot stat '/tmp/status.json': No such file or directory
[18:06:03] [PIXEL] ✅ Design sprint complete
[18:06:03] [ZOOKEEPER] ✅ Game dev cycle complete
[18:06:13] 💓 Virtual Agent Controller alive
[18:06:13] [GARY] ✅ Marketing analysis complete
[18:06:13] [GLASSES] 🔍 Starting deep research cycle...
[18:06:23] [OLIVIA] ✅ DealFlow cycle complete
[18:07:13] 💓 Virtual Agent Controller alive
[18:07:13] [LARRY] ✅ Social cycle complete
mv: cannot stat '/tmp/status.json': No such file or directory
[18:07:13] [AUDIT] ✅ QA audit passed
[18:07:13] [QUILL] ✍️ Starting content creation...
[18:07:13] [GLASSES] ✅ Research cycle complete
[18:07:33] [ZOOKEEPER] 🦁 Building game features...
[18:08:13] 💓 Virtual Agent Controller alive
[18:08:13] [GLASSES] 🔍 Starting deep research cycle...
[18:08:33] [PIXEL] 🎨 Starting design sprint...
[18:08:53] [OLIVIA] 💼 Processing leads...
[18:08:53] [QUILL] ✅ Content draft complete
[18:09:13] 💓 Virtual Agent Controller alive
[18:09:13] [GLASSES] ✅ Research cycle complete
[18:09:23] [ZOOKEEPER] ✅ Game dev cycle complete
[18:09:33] [GARY] 📈 Analyzing marketing metrics...
mv: cannot stat '/tmp/status.json': No such file or directory
[18:10:13] 💓 Virtual Agent Controller alive
[18:10:13] [AUDIT] 🔍 Starting QA audit...
[18:10:13] [QUILL] ✍️ Starting content creation...
[18:10:13] [GLASSES] 🔍 Starting deep research cycle...
[18:10:23] [PIXEL] ✅ Design sprint complete
[18:10:53] [ZOOKEEPER] 🦁 Building game features...
mv: cannot stat '/tmp/status.json': No such file or directory
[18:11:03] [OLIVIA] ✅ DealFlow cycle complete
[18:11:13] 💓 Virtual Agent Controller alive
[18:11:13] [GLASSES] ✅ Research cycle complete
[18:11:33] [GARY] ✅ Marketing analysis complete
[18:11:53] [QUILL] ✅ Content draft complete
[18:12:13] 💓 Virtual Agent Controller alive
[18:12:13] [GLASSES] 🔍 Starting deep research cycle...
[18:12:43] [ZOOKEEPER] ✅ Game dev cycle complete
[18:12:53] [PIXEL] 🎨 Starting design sprint...
[18:13:13] 💓 Virtual Agent Controller alive
[18:13:13] [AUDIT] ✅ QA audit passed
[18:13:13] [QUILL] ✍️ Starting content creation...
[18:13:13] [GLASSES] ✅ Research cycle complete
[18:13:33] [OLIVIA] 💼 Processing leads...
[18:14:13] 💓 Virtual Agent Controller alive
[18:14:13] [LARRY] 🐦 Checking social channels...
mv: cannot stat '/tmp/status.json': No such file or directory
[18:14:13] [ZOOKEEPER] 🦁 Building game features...
[18:14:13] [GLASSES] 🔍 Starting deep research cycle...
[18:14:43] [PIXEL] ✅ Design sprint complete
[18:14:53] [GARY] 📈 Analyzing marketing metrics...
[18:14:53] [QUILL] ✅ Content draft complete
[18:15:13] 💓 Virtual Agent Controller alive
[18:15:13] [GLASSES] ✅ Research cycle complete
[18:15:43] [OLIVIA] ✅ DealFlow cycle complete
[18:16:03] [ZOOKEEPER] ✅ Game dev cycle complete
[18:16:13] 💓 Virtual Agent Controller alive
[18:16:13] [AUDIT] 🔍 Starting QA audit...
[18:16:13] [QUILL] ✍️ Starting content creation...
[18:16:13] [GLASSES] 🔍 Starting deep research cycle...
[18:16:53] [GARY] ✅ Marketing analysis complete
[18:17:13] 💓 Virtual Agent Controller alive
[18:17:13] [LARRY] ✅ Social cycle complete
[18:17:13] [PIXEL] 🎨 Starting design sprint...
[18:17:13] [GLASSES] ✅ Research cycle complete
[18:17:33] [ZOOKEEPER] 🦁 Building game features...
[18:17:53] [QUILL] ✅ Content draft complete
[18:18:13] 💓 Virtual Agent Controller alive
[18:18:13] [OLIVIA] 💼 Processing leads...
[18:18:13] [GLASSES] 🔍 Starting deep research cycle...
[18:19:03] [PIXEL] ✅ Design sprint complete
[18:19:13] 💓 Virtual Agent Controller alive
[18:19:13] [AUDIT] ✅ QA audit passed
[18:19:13] [QUILL] ✍️ Starting content creation...
[18:19:13] [GLASSES] ✅ Research cycle complete
[18:19:23] [ZOOKEEPER] ✅ Game dev cycle complete
[18:20:13] 💓 Virtual Agent Controller alive
[18:20:13] [GARY] 📈 Analyzing marketing metrics...
[18:20:13] [GLASSES] 🔍 Starting deep research cycle...
[18:20:23] [OLIVIA] ✅ DealFlow cycle complete
[18:20:53] [QUILL] ✅ Content draft complete
[18:20:53] [ZOOKEEPER] 🦁 Building game features...
[18:21:13] 💓 Virtual Agent Controller alive
[18:21:13] [GLASSES] ✅ Research cycle complete
[18:21:33] [PIXEL] 🎨 Starting design sprint...
[18:22:13] 💓 Virtual Agent Controller alive
[18:22:13] [AUDIT] 🔍 Starting QA audit...
[18:22:13] [GARY] ✅ Marketing analysis complete
[18:22:13] [QUILL] ✍️ Starting content creation...
[18:22:13] [GLASSES] 🔍 Starting deep research cycle...
[18:22:43] [ZOOKEEPER] ✅ Game dev cycle complete
[18:22:53] [OLIVIA] 💼 Processing leads...
[18:23:13] 💓 Virtual Agent Controller alive
[18:23:13] [GLASSES] ✅ Research cycle complete
[18:23:23] [PIXEL] ✅ Design sprint complete
[18:23:53] [QUILL] ✅ Content draft complete
[18:24:13] 💓 Virtual Agent Controller alive
[18:24:13] [LARRY] 🐦 Checking social channels...
[18:24:13] [ZOOKEEPER] 🦁 Building game features...
[18:24:13] [GLASSES] 🔍 Starting deep research cycle...
[18:25:03] [OLIVIA] ✅ DealFlow cycle complete
[18:25:13] 💓 Virtual Agent Controller alive
[18:25:13] [AUDIT] ✅ QA audit passed
[18:25:13] [QUILL] ✍️ Starting content creation...
[18:25:13] [GLASSES] ✅ Research cycle complete
[18:25:33] [GARY] 📈 Analyzing marketing metrics...
[18:25:53] [PIXEL] 🎨 Starting design sprint...
[18:26:03] [ZOOKEEPER] ✅ Game dev cycle complete
[18:26:13] 💓 Virtual Agent Controller alive
[18:26:13] [GLASSES] 🔍 Starting deep research cycle...
[18:26:53] [QUILL] ✅ Content draft complete
[18:27:13] 💓 Virtual Agent Controller alive
[18:27:13] [LARRY] ✅ Social cycle complete
[18:27:13] [GLASSES] ✅ Research cycle complete
[18:27:33] [GARY] ✅ Marketing analysis complete
[18:27:33] [OLIVIA] 💼 Processing leads...
[18:27:33] [ZOOKEEPER] 🦁 Building game features...
[18:27:43] [PIXEL] ✅ Design sprint complete
[18:28:13] 💓 Virtual Agent Controller alive
[18:28:13] [AUDIT] 🔍 Starting QA audit...
[18:28:13] [QUILL] ✍️ Starting content creation...
[18:28:13] [GLASSES] 🔍 Starting deep research cycle...
[18:29:13] 💓 Virtual Agent Controller alive
[18:29:13] [GLASSES] ✅ Research cycle complete
[18:29:23] [ZOOKEEPER] ✅ Game dev cycle complete
[18:29:43] [OLIVIA] ✅ DealFlow cycle complete
[18:29:53] [QUILL] ✅ Content draft complete
[18:30:13] 💓 Virtual Agent Controller alive
[18:30:13] [PIXEL] 🎨 Starting design sprint...
[18:30:13] [GLASSES] 🔍 Starting deep research cycle...
[18:30:53] [GARY] 📈 Analyzing marketing metrics...
[18:30:53] [ZOOKEEPER] 🦁 Building game features...
[18:31:13] 💓 Virtual Agent Controller alive
[18:31:13] [AUDIT] ✅ QA audit passed
[18:31:13] [QUILL] ✍️ Starting content creation...
[18:31:13] [GLASSES] ✅ Research cycle complete
[18:32:03] [PIXEL] ✅ Design sprint complete
[18:32:13] 💓 Virtual Agent Controller alive
[18:32:13] [OLIVIA] 💼 Processing leads...
[18:32:13] [GLASSES] 🔍 Starting deep research cycle...
[18:32:43] [ZOOKEEPER] ✅ Game dev cycle complete
[18:32:53] [GARY] ✅ Marketing analysis complete
[18:32:53] [QUILL] ✅ Content draft complete
[18:33:13] 💓 Virtual Agent Controller alive
[18:33:13] [GLASSES] ✅ Research cycle complete
