[0;36m[MORNING BRIEF][0m Generating brief for 2026-03-25 at 06:00 AM
[0;32m[MORNING BRIEF][0m Updated with:
  - Trading P&L: $-62.5000025
  - Total Trades: 83
  - Win Rate: 0%
On branch master
Your branch is ahead of 'origin/master' by 38 commits.
  (use "git push" to publish your local commits)

Changes not staged for commit:
  (use "git add <file>..." to update what will be committed)
  (use "git restore <file>..." to discard changes in working directory)
  (commit or discard the untracked or modified content in submodules)
	modified:   ARCHIVE/mission-control-final-backup/dashboard (modified content)
	modified:   mirofish (modified content, untracked content)
	modified:   mission-control-v2 (modified content, untracked content)

Untracked files:
  (use "git add <file>..." to include in what will be committed)
	agents/limitless/morning_report.txt

no changes added to commit (use "git add" and/or "git commit -a")
[0;32m[MORNING BRIEF][0m Complete!
[0;36m[MORNING BRIEF][0m Generating brief for 2026-03-26 at 06:00 AM
[0;32m[MORNING BRIEF][0m Updated with:
  - Trading P&L: $-62.5000025
  - Total Trades: 83
  - Win Rate: 0%
On branch master
Your branch is ahead of 'origin/master' by 40 commits.
  (use "git push" to publish your local commits)

Changes not staged for commit:
  (use "git add <file>..." to update what will be committed)
  (use "git restore <file>..." to discard changes in working directory)
  (commit or discard the untracked or modified content in submodules)
	modified:   ARCHIVE/mission-control-final-backup/dashboard (modified content)
	modified:   mirofish (modified content, untracked content)
	modified:   mission-control-v2 (new commits, modified content)

Untracked files:
  (use "git add <file>..." to include in what will be committed)
	agents/limitless/morning_report.txt
	agents/pie/feeds/2026-03-24.md
	agents/pie/feeds/2026-03-24.notification.txt
	memory/2026-03-25.md
	micah_johnson_article.md

no changes added to commit (use "git add" and/or "git commit -a")
[0;32m[MORNING BRIEF][0m Complete!
[0;36m[MORNING BRIEF][0m Generating brief for 2026-03-27 at 06:00 AM
[0;32m[MORNING BRIEF][0m Updated with:
  - Trading P&L: $-62.5000025
  - Total Trades: 83
  - Win Rate: 0%
On branch master
Your branch is ahead of 'origin/master' by 41 commits.
  (use "git push" to publish your local commits)

Changes not staged for commit:
  (use "git add <file>..." to update what will be committed)
  (use "git restore <file>..." to discard changes in working directory)
  (commit or discard the untracked or modified content in submodules)
	modified:   ARCHIVE/mission-control-final-backup/dashboard (modified content)
	modified:   agents/limitless/morning_report.txt
	modified:   mirofish (modified content, untracked content)
	modified:   mission-control-v2 (modified content)

no changes added to commit (use "git add" and/or "git commit -a")
[0;32m[MORNING BRIEF][0m Complete!
