💼 [OLIVIA] Starting DealFlow cycle at Fri Mar 20 05:00:01 PM CST 2026
  → Scoring leads...
  → Drafting outreach emails...
  → Analyzing partnership opportunities...
[2026-03-20 17:01:06] ✅ Deal flow processing complete
mv: cannot stat '/tmp/status.json': No such file or directory
💼 [OLIVIA] ✅ Cycle complete
💼 [OLIVIA] Starting DealFlow cycle at Fri Mar 20 05:15:01 PM CST 2026
  → Scoring leads...
  → Drafting outreach emails...
  → Analyzing partnership opportunities...
[2026-03-20 17:16:06] ✅ Deal flow processing complete
mv: cannot stat '/tmp/status.json': No such file or directory
💼 [OLIVIA] ✅ Cycle complete
💼 [OLIVIA] Starting DealFlow cycle at Fri Mar 20 05:30:01 PM CST 2026
  → Scoring leads...
  → Drafting outreach emails...
  → Analyzing partnership opportunities...
[2026-03-20 17:31:06] ✅ Deal flow processing complete
mv: cannot stat '/tmp/status.json': No such file or directory
💼 [OLIVIA] ✅ Cycle complete
💼 [OLIVIA] Starting DealFlow cycle at Fri Mar 20 05:45:01 PM CST 2026
  → Scoring leads...
  → Drafting outreach emails...
  → Analyzing partnership opportunities...
[2026-03-20 17:46:06] ✅ Deal flow processing complete
mv: cannot move '/tmp/status.json' to '/root/.openclaw/workspace/mission-control-v2/data/agent-status.json': No such file or directory
💼 [OLIVIA] ✅ Cycle complete
💼 [OLIVIA] Starting DealFlow cycle at Fri Mar 20 06:00:01 PM CST 2026
  → Scoring leads...
  → Drafting outreach emails...
  → Analyzing partnership opportunities...
[2026-03-20 18:01:06] ✅ Deal flow processing complete
mv: cannot stat '/tmp/status.json': No such file or directory
💼 [OLIVIA] ✅ Cycle complete
💼 [OLIVIA] Starting DealFlow cycle at Fri Mar 20 06:15:01 PM CST 2026
  → Scoring leads...
  → Drafting outreach emails...
  → Analyzing partnership opportunities...
[2026-03-20 18:16:06] ✅ Deal flow processing complete
💼 [OLIVIA] ✅ Cycle complete
💼 [OLIVIA] Starting DealFlow cycle at Fri Mar 20 06:30:01 PM CST 2026
  → Scoring leads...
  → Drafting outreach emails...
  → Analyzing partnership opportunities...
[2026-03-20 18:31:06] ✅ Deal flow processing complete
mv: cannot stat '/tmp/status.json': No such file or directory
💼 [OLIVIA] ✅ Cycle complete
💼 [OLIVIA] Starting DealFlow cycle at Fri Mar 20 06:45:01 PM CST 2026
  → Scoring leads...
  → Drafting outreach emails...
  → Analyzing partnership opportunities...
[2026-03-20 18:46:06] ✅ Deal flow processing complete
💼 [OLIVIA] ✅ Cycle complete
💼 [OLIVIA] Starting DealFlow cycle at Fri Mar 20 07:00:01 PM CST 2026
  → Scoring leads...
  → Drafting outreach emails...
  → Analyzing partnership opportunities...
[2026-03-20 19:01:06] ✅ Deal flow processing complete
mv: cannot stat '/tmp/status.json': No such file or directory
💼 [OLIVIA] ✅ Cycle complete
💼 [OLIVIA] Starting DealFlow cycle at Fri Mar 20 07:15:01 PM CST 2026
  → Scoring leads...
  → Drafting outreach emails...
  → Analyzing partnership opportunities...
[2026-03-20 19:16:06] ✅ Deal flow processing complete
💼 [OLIVIA] ✅ Cycle complete
💼 [OLIVIA] Starting DealFlow cycle at Fri Mar 20 07:30:01 PM CST 2026
  → Scoring leads...
  → Drafting outreach emails...
  → Analyzing partnership opportunities...
[2026-03-20 19:31:06] ✅ Deal flow processing complete
mv: cannot stat '/tmp/status.json': No such file or directory
💼 [OLIVIA] ✅ Cycle complete
💼 [OLIVIA] Starting DealFlow cycle at Fri Mar 20 07:45:01 PM CST 2026
  → Scoring leads...
  → Drafting outreach emails...
  → Analyzing partnership opportunities...
[2026-03-20 19:46:06] ✅ Deal flow processing complete
💼 [OLIVIA] ✅ Cycle complete
💼 [OLIVIA] Starting DealFlow cycle at Fri Mar 20 08:00:01 PM CST 2026
  → Scoring leads...
  → Drafting outreach emails...
  → Analyzing partnership opportunities...
[2026-03-20 20:01:06] ✅ Deal flow processing complete
mv: cannot stat '/tmp/status.json': No such file or directory
💼 [OLIVIA] ✅ Cycle complete
💼 [OLIVIA] Starting DealFlow cycle at Fri Mar 20 08:15:01 PM CST 2026
  → Scoring leads...
  → Drafting outreach emails...
  → Analyzing partnership opportunities...
[2026-03-20 20:16:06] ✅ Deal flow processing complete
mv: cannot move '/tmp/status.json' to '/root/.openclaw/workspace/mission-control-v2/data/agent-status.json': No such file or directory
💼 [OLIVIA] ✅ Cycle complete
💼 [OLIVIA] Starting DealFlow cycle at Fri Mar 20 08:30:01 PM CST 2026
  → Scoring leads...
  → Drafting outreach emails...
  → Analyzing partnership opportunities...
[2026-03-20 20:31:06] ✅ Deal flow processing complete
mv: cannot stat '/tmp/status.json': No such file or directory
💼 [OLIVIA] ✅ Cycle complete
💼 [OLIVIA] Starting DealFlow cycle at Fri Mar 20 08:45:01 PM CST 2026
  → Scoring leads...
  → Drafting outreach emails...
  → Analyzing partnership opportunities...
[2026-03-20 20:46:06] ✅ Deal flow processing complete
mv: cannot stat '/tmp/status.json': No such file or directory
💼 [OLIVIA] ✅ Cycle complete
💼 [OLIVIA] Starting DealFlow cycle at Fri Mar 20 09:00:01 PM CST 2026
  → Scoring leads...
  → Drafting outreach emails...
  → Analyzing partnership opportunities...
[2026-03-20 21:01:06] ✅ Deal flow processing complete
💼 [OLIVIA] ✅ Cycle complete
💼 [OLIVIA] Starting DealFlow cycle at Fri Mar 20 09:15:01 PM CST 2026
  → Scoring leads...
  → Drafting outreach emails...
  → Analyzing partnership opportunities...
[2026-03-20 21:16:06] ✅ Deal flow processing complete
mv: cannot move '/tmp/status.json' to '/root/.openclaw/workspace/mission-control-v2/data/agent-status.json': No such file or directory
💼 [OLIVIA] ✅ Cycle complete
💼 [OLIVIA] Starting DealFlow cycle at Fri Mar 20 09:30:01 PM CST 2026
  → Scoring leads...
  → Drafting outreach emails...
  → Analyzing partnership opportunities...
[2026-03-20 21:31:06] ✅ Deal flow processing complete
💼 [OLIVIA] ✅ Cycle complete
💼 [OLIVIA] Starting DealFlow cycle at Fri Mar 20 09:45:01 PM CST 2026
  → Scoring leads...
  → Drafting outreach emails...
  → Analyzing partnership opportunities...
[2026-03-20 21:46:06] ✅ Deal flow processing complete
mv: cannot stat '/tmp/status.json': No such file or directory
💼 [OLIVIA] ✅ Cycle complete
💼 [OLIVIA] Starting DealFlow cycle at Fri Mar 20 10:00:01 PM CST 2026
  → Scoring leads...
  → Drafting outreach emails...
  → Analyzing partnership opportunities...
[2026-03-20 22:01:06] ✅ Deal flow processing complete
💼 [OLIVIA] ✅ Cycle complete
💼 [OLIVIA] Starting DealFlow cycle at Fri Mar 20 10:15:01 PM CST 2026
  → Scoring leads...
  → Drafting outreach emails...
  → Analyzing partnership opportunities...
[2026-03-20 22:16:06] ✅ Deal flow processing complete
mv: cannot stat '/tmp/status.json': No such file or directory
💼 [OLIVIA] ✅ Cycle complete
💼 [OLIVIA] Starting DealFlow cycle at Fri Mar 20 10:30:01 PM CST 2026
  → Scoring leads...
  → Drafting outreach emails...
  → Analyzing partnership opportunities...
[2026-03-20 22:31:06] ✅ Deal flow processing complete
mv: cannot stat '/tmp/status.json': No such file or directory
💼 [OLIVIA] ✅ Cycle complete
💼 [OLIVIA] Starting DealFlow cycle at Fri Mar 20 10:45:01 PM CST 2026
  → Scoring leads...
  → Drafting outreach emails...
  → Analyzing partnership opportunities...
[2026-03-20 22:46:06] ✅ Deal flow processing complete
mv: cannot move '/tmp/status.json' to '/root/.openclaw/workspace/mission-control-v2/data/agent-status.json': No such file or directory
💼 [OLIVIA] ✅ Cycle complete
💼 [OLIVIA] Starting DealFlow cycle at Fri Mar 20 11:00:01 PM CST 2026
  → Scoring leads...
  → Drafting outreach emails...
  → Analyzing partnership opportunities...
[2026-03-20 23:01:06] ✅ Deal flow processing complete
mv: cannot stat '/tmp/status.json': No such file or directory
💼 [OLIVIA] ✅ Cycle complete
💼 [OLIVIA] Starting DealFlow cycle at Fri Mar 20 11:15:01 PM CST 2026
  → Scoring leads...
  → Drafting outreach emails...
  → Analyzing partnership opportunities...
[2026-03-20 23:16:06] ✅ Deal flow processing complete
mv: cannot stat '/tmp/status.json': No such file or directory
💼 [OLIVIA] ✅ Cycle complete
💼 [OLIVIA] Starting DealFlow cycle at Fri Mar 20 11:30:01 PM CST 2026
  → Scoring leads...
  → Drafting outreach emails...
  → Analyzing partnership opportunities...
[2026-03-20 23:31:06] ✅ Deal flow processing complete
mv: cannot stat '/tmp/status.json': No such file or directory
💼 [OLIVIA] ✅ Cycle complete
💼 [OLIVIA] Starting DealFlow cycle at Fri Mar 20 11:45:01 PM CST 2026
  → Scoring leads...
  → Drafting outreach emails...
  → Analyzing partnership opportunities...
[2026-03-20 23:46:06] ✅ Deal flow processing complete
💼 [OLIVIA] ✅ Cycle complete
💼 [OLIVIA] Starting DealFlow cycle at Sat Mar 21 12:00:01 AM CST 2026
  → Scoring leads...
  → Drafting outreach emails...
  → Analyzing partnership opportunities...
[2026-03-21 00:01:06] ✅ Deal flow processing complete
mv: cannot stat '/tmp/status.json': No such file or directory
💼 [OLIVIA] ✅ Cycle complete
💼 [OLIVIA] Starting DealFlow cycle at Sat Mar 21 12:15:01 AM CST 2026
  → Scoring leads...
  → Drafting outreach emails...
  → Analyzing partnership opportunities...
[2026-03-21 00:16:06] ✅ Deal flow processing complete
mv: cannot move '/tmp/status.json' to '/root/.openclaw/workspace/mission-control-v2/data/agent-status.json': No such file or directory
💼 [OLIVIA] ✅ Cycle complete
💼 [OLIVIA] Starting DealFlow cycle at Sat Mar 21 12:30:01 AM CST 2026
  → Scoring leads...
  → Drafting outreach emails...
  → Analyzing partnership opportunities...
[2026-03-21 00:31:06] ✅ Deal flow processing complete
💼 [OLIVIA] ✅ Cycle complete
💼 [OLIVIA] Starting DealFlow cycle at Sat Mar 21 12:45:01 AM CST 2026
  → Scoring leads...
  → Drafting outreach emails...
  → Analyzing partnership opportunities...
[2026-03-21 00:46:06] ✅ Deal flow processing complete
mv: cannot stat '/tmp/status.json': No such file or directory
💼 [OLIVIA] ✅ Cycle complete
💼 [OLIVIA] Starting DealFlow cycle at Sat Mar 21 01:00:01 AM CST 2026
  → Scoring leads...
  → Drafting outreach emails...
  → Analyzing partnership opportunities...
[2026-03-21 01:01:06] ✅ Deal flow processing complete
💼 [OLIVIA] ✅ Cycle complete
💼 [OLIVIA] Starting DealFlow cycle at Sat Mar 21 01:15:01 AM CST 2026
  → Scoring leads...
  → Drafting outreach emails...
  → Analyzing partnership opportunities...
[2026-03-21 01:16:06] ✅ Deal flow processing complete
💼 [OLIVIA] ✅ Cycle complete
💼 [OLIVIA] Starting DealFlow cycle at Sat Mar 21 01:30:01 AM CST 2026
  → Scoring leads...
  → Drafting outreach emails...
  → Analyzing partnership opportunities...
[2026-03-21 01:31:06] ✅ Deal flow processing complete
mv: cannot stat '/tmp/status.json': No such file or directory
💼 [OLIVIA] ✅ Cycle complete
💼 [OLIVIA] Starting DealFlow cycle at Sat Mar 21 01:45:01 AM CST 2026
  → Scoring leads...
  → Drafting outreach emails...
  → Analyzing partnership opportunities...
[2026-03-21 01:46:06] ✅ Deal flow processing complete
mv: cannot stat '/tmp/status.json': No such file or directory
💼 [OLIVIA] ✅ Cycle complete
💼 [OLIVIA] Starting DealFlow cycle at Sat Mar 21 02:00:01 AM CST 2026
  → Scoring leads...
  → Drafting outreach emails...
  → Analyzing partnership opportunities...
[2026-03-21 02:01:06] ✅ Deal flow processing complete
💼 [OLIVIA] ✅ Cycle complete
💼 [OLIVIA] Starting DealFlow cycle at Sat Mar 21 02:15:01 AM CST 2026
  → Scoring leads...
  → Drafting outreach emails...
  → Analyzing partnership opportunities...
[2026-03-21 02:16:06] ✅ Deal flow processing complete
mv: cannot stat '/tmp/status.json': No such file or directory
💼 [OLIVIA] ✅ Cycle complete
💼 [OLIVIA] Starting DealFlow cycle at Sat Mar 21 02:30:01 AM CST 2026
  → Scoring leads...
  → Drafting outreach emails...
  → Analyzing partnership opportunities...
[2026-03-21 02:31:06] ✅ Deal flow processing complete
💼 [OLIVIA] ✅ Cycle complete
💼 [OLIVIA] Starting DealFlow cycle at Sat Mar 21 02:45:01 AM CST 2026
  → Scoring leads...
  → Drafting outreach emails...
  → Analyzing partnership opportunities...
[2026-03-21 02:46:06] ✅ Deal flow processing complete
💼 [OLIVIA] ✅ Cycle complete
💼 [OLIVIA] Starting DealFlow cycle at Sat Mar 21 03:00:01 AM CST 2026
  → Scoring leads...
  → Drafting outreach emails...
  → Analyzing partnership opportunities...
[2026-03-21 03:01:06] ✅ Deal flow processing complete
💼 [OLIVIA] ✅ Cycle complete
💼 [OLIVIA] Starting DealFlow cycle at Sat Mar 21 03:15:01 AM CST 2026
  → Scoring leads...
  → Drafting outreach emails...
  → Analyzing partnership opportunities...
[2026-03-21 03:16:06] ✅ Deal flow processing complete
mv: cannot stat '/tmp/status.json': No such file or directory
💼 [OLIVIA] ✅ Cycle complete
💼 [OLIVIA] Starting DealFlow cycle at Sat Mar 21 03:30:01 AM CST 2026
  → Scoring leads...
  → Drafting outreach emails...
  → Analyzing partnership opportunities...
[2026-03-21 03:31:06] ✅ Deal flow processing complete
mv: cannot stat '/tmp/status.json': No such file or directory
💼 [OLIVIA] ✅ Cycle complete
💼 [OLIVIA] Starting DealFlow cycle at Sat Mar 21 03:45:01 AM CST 2026
  → Scoring leads...
  → Drafting outreach emails...
  → Analyzing partnership opportunities...
[2026-03-21 03:46:06] ✅ Deal flow processing complete
💼 [OLIVIA] ✅ Cycle complete
💼 [OLIVIA] Starting DealFlow cycle at Sat Mar 21 04:00:01 AM CST 2026
  → Scoring leads...
  → Drafting outreach emails...
  → Analyzing partnership opportunities...
[2026-03-21 04:01:06] ✅ Deal flow processing complete
💼 [OLIVIA] ✅ Cycle complete
💼 [OLIVIA] Starting DealFlow cycle at Sat Mar 21 04:15:01 AM CST 2026
  → Scoring leads...
  → Drafting outreach emails...
  → Analyzing partnership opportunities...
[2026-03-21 04:16:06] ✅ Deal flow processing complete
💼 [OLIVIA] ✅ Cycle complete
💼 [OLIVIA] Starting DealFlow cycle at Sat Mar 21 04:30:01 AM CST 2026
  → Scoring leads...
  → Drafting outreach emails...
  → Analyzing partnership opportunities...
[2026-03-21 04:31:06] ✅ Deal flow processing complete
💼 [OLIVIA] ✅ Cycle complete
💼 [OLIVIA] Starting DealFlow cycle at Sat Mar 21 04:45:01 AM CST 2026
  → Scoring leads...
  → Drafting outreach emails...
  → Analyzing partnership opportunities...
[2026-03-21 04:46:06] ✅ Deal flow processing complete
💼 [OLIVIA] ✅ Cycle complete
💼 [OLIVIA] Starting DealFlow cycle at Sat Mar 21 05:00:01 AM CST 2026
  → Scoring leads...
  → Drafting outreach emails...
  → Analyzing partnership opportunities...
[2026-03-21 05:01:06] ✅ Deal flow processing complete
💼 [OLIVIA] ✅ Cycle complete
💼 [OLIVIA] Starting DealFlow cycle at Sat Mar 21 05:15:01 AM CST 2026
  → Scoring leads...
  → Drafting outreach emails...
  → Analyzing partnership opportunities...
[2026-03-21 05:16:06] ✅ Deal flow processing complete
mv: cannot stat '/tmp/status.json': No such file or directory
💼 [OLIVIA] ✅ Cycle complete
💼 [OLIVIA] Starting DealFlow cycle at Sat Mar 21 05:30:01 AM CST 2026
  → Scoring leads...
  → Drafting outreach emails...
  → Analyzing partnership opportunities...
[2026-03-21 05:31:06] ✅ Deal flow processing complete
💼 [OLIVIA] ✅ Cycle complete
💼 [OLIVIA] Starting DealFlow cycle at Sat Mar 21 05:45:01 AM CST 2026
  → Scoring leads...
  → Drafting outreach emails...
  → Analyzing partnership opportunities...
[2026-03-21 05:46:06] ✅ Deal flow processing complete
💼 [OLIVIA] ✅ Cycle complete
💼 [OLIVIA] Starting DealFlow cycle at Sat Mar 21 06:00:01 AM CST 2026
  → Scoring leads...
  → Drafting outreach emails...
  → Analyzing partnership opportunities...
[2026-03-21 06:01:06] ✅ Deal flow processing complete
💼 [OLIVIA] ✅ Cycle complete
💼 [OLIVIA] Starting DealFlow cycle at Sat Mar 21 06:15:01 AM CST 2026
  → Scoring leads...
  → Drafting outreach emails...
  → Analyzing partnership opportunities...
[2026-03-21 06:16:06] ✅ Deal flow processing complete
mv: cannot move '/tmp/status.json' to '/root/.openclaw/workspace/mission-control-v2/data/agent-status.json': No such file or directory
💼 [OLIVIA] ✅ Cycle complete
💼 [OLIVIA] Starting DealFlow cycle at Sat Mar 21 06:30:01 AM CST 2026
  → Scoring leads...
  → Drafting outreach emails...
  → Analyzing partnership opportunities...
[2026-03-21 06:31:06] ✅ Deal flow processing complete
mv: cannot stat '/tmp/status.json': No such file or directory
💼 [OLIVIA] ✅ Cycle complete
💼 [OLIVIA] Starting DealFlow cycle at Sat Mar 21 06:45:01 AM CST 2026
  → Scoring leads...
  → Drafting outreach emails...
  → Analyzing partnership opportunities...
[2026-03-21 06:46:06] ✅ Deal flow processing complete
💼 [OLIVIA] ✅ Cycle complete
💼 [OLIVIA] Starting DealFlow cycle at Sat Mar 21 07:00:01 AM CST 2026
  → Scoring leads...
  → Drafting outreach emails...
  → Analyzing partnership opportunities...
[2026-03-21 07:01:06] ✅ Deal flow processing complete
mv: cannot stat '/tmp/status.json': No such file or directory
💼 [OLIVIA] ✅ Cycle complete
💼 [OLIVIA] Starting DealFlow cycle at Sat Mar 21 07:15:01 AM CST 2026
  → Scoring leads...
  → Drafting outreach emails...
  → Analyzing partnership opportunities...
[2026-03-21 07:16:06] ✅ Deal flow processing complete
💼 [OLIVIA] ✅ Cycle complete
💼 [OLIVIA] Starting DealFlow cycle at Sat Mar 21 07:30:01 AM CST 2026
  → Scoring leads...
  → Drafting outreach emails...
  → Analyzing partnership opportunities...
[2026-03-21 07:31:06] ✅ Deal flow processing complete
mv: cannot stat '/tmp/status.json': No such file or directory
💼 [OLIVIA] ✅ Cycle complete
💼 [OLIVIA] Starting DealFlow cycle at Sat Mar 21 07:45:01 AM CST 2026
  → Scoring leads...
  → Drafting outreach emails...
  → Analyzing partnership opportunities...
[2026-03-21 07:46:06] ✅ Deal flow processing complete
mv: cannot stat '/tmp/status.json': No such file or directory
💼 [OLIVIA] ✅ Cycle complete
💼 [OLIVIA] Starting DealFlow cycle at Sat Mar 21 08:00:01 AM CST 2026
  → Scoring leads...
  → Drafting outreach emails...
  → Analyzing partnership opportunities...
[2026-03-21 08:01:06] ✅ Deal flow processing complete
mv: cannot stat '/tmp/status.json': No such file or directory
💼 [OLIVIA] ✅ Cycle complete
💼 [OLIVIA] Starting DealFlow cycle at Sat Mar 21 08:15:01 AM CST 2026
  → Scoring leads...
  → Drafting outreach emails...
  → Analyzing partnership opportunities...
[2026-03-21 08:16:06] ✅ Deal flow processing complete
mv: cannot stat '/tmp/status.json': No such file or directory
💼 [OLIVIA] ✅ Cycle complete
💼 [OLIVIA] Starting DealFlow cycle at Sat Mar 21 08:30:01 AM CST 2026
  → Scoring leads...
  → Drafting outreach emails...
  → Analyzing partnership opportunities...
[2026-03-21 08:31:06] ✅ Deal flow processing complete
💼 [OLIVIA] ✅ Cycle complete
💼 [OLIVIA] Starting DealFlow cycle at Sat Mar 21 08:45:01 AM CST 2026
  → Scoring leads...
  → Drafting outreach emails...
  → Analyzing partnership opportunities...
[2026-03-21 08:46:06] ✅ Deal flow processing complete
mv: cannot move '/tmp/status.json' to '/root/.openclaw/workspace/mission-control-v2/data/agent-status.json': No such file or directory
💼 [OLIVIA] ✅ Cycle complete
💼 [OLIVIA] Starting DealFlow cycle at Sat Mar 21 09:00:01 AM CST 2026
  → Scoring leads...
  → Drafting outreach emails...
  → Analyzing partnership opportunities...
[2026-03-21 09:01:06] ✅ Deal flow processing complete
💼 [OLIVIA] ✅ Cycle complete
💼 [OLIVIA] Starting DealFlow cycle at Sat Mar 21 09:15:01 AM CST 2026
  → Scoring leads...
  → Drafting outreach emails...
  → Analyzing partnership opportunities...
[2026-03-21 09:16:06] ✅ Deal flow processing complete
mv: cannot stat '/tmp/status.json': No such file or directory
💼 [OLIVIA] ✅ Cycle complete
💼 [OLIVIA] Starting DealFlow cycle at Sat Mar 21 09:30:01 AM CST 2026
  → Scoring leads...
  → Drafting outreach emails...
  → Analyzing partnership opportunities...
[2026-03-21 09:31:06] ✅ Deal flow processing complete
💼 [OLIVIA] ✅ Cycle complete
💼 [OLIVIA] Starting DealFlow cycle at Sat Mar 21 09:45:01 AM CST 2026
  → Scoring leads...
  → Drafting outreach emails...
  → Analyzing partnership opportunities...
[2026-03-21 09:46:06] ✅ Deal flow processing complete
mv: cannot stat '/tmp/status.json': No such file or directory
💼 [OLIVIA] ✅ Cycle complete
💼 [OLIVIA] Starting DealFlow cycle at Sat Mar 21 10:00:01 AM CST 2026
  → Scoring leads...
  → Drafting outreach emails...
  → Analyzing partnership opportunities...
[2026-03-21 10:01:06] ✅ Deal flow processing complete
💼 [OLIVIA] ✅ Cycle complete
💼 [OLIVIA] Starting DealFlow cycle at Sat Mar 21 10:15:01 AM CST 2026
  → Scoring leads...
  → Drafting outreach emails...
  → Analyzing partnership opportunities...
[2026-03-21 10:16:06] ✅ Deal flow processing complete
💼 [OLIVIA] ✅ Cycle complete
💼 [OLIVIA] Starting DealFlow cycle at Sat Mar 21 10:30:01 AM CST 2026
  → Scoring leads...
  → Drafting outreach emails...
  → Analyzing partnership opportunities...
[2026-03-21 10:31:06] ✅ Deal flow processing complete
mv: cannot stat '/tmp/status.json': No such file or directory
💼 [OLIVIA] ✅ Cycle complete
💼 [OLIVIA] Starting DealFlow cycle at Sat Mar 21 10:45:02 AM CST 2026
  → Scoring leads...
  → Drafting outreach emails...
  → Analyzing partnership opportunities...
[2026-03-21 10:46:07] ✅ Deal flow processing complete
mv: cannot move '/tmp/status.json' to '/root/.openclaw/workspace/mission-control-v2/data/agent-status.json': No such file or directory
💼 [OLIVIA] ✅ Cycle complete
💼 [OLIVIA] Starting DealFlow cycle at Sat Mar 21 11:00:01 AM CST 2026
  → Scoring leads...
  → Drafting outreach emails...
  → Analyzing partnership opportunities...
[2026-03-21 11:01:06] ✅ Deal flow processing complete
💼 [OLIVIA] ✅ Cycle complete
💼 [OLIVIA] Starting DealFlow cycle at Sat Mar 21 11:15:01 AM CST 2026
  → Scoring leads...
  → Drafting outreach emails...
  → Analyzing partnership opportunities...
[2026-03-21 11:16:06] ✅ Deal flow processing complete
💼 [OLIVIA] ✅ Cycle complete
💼 [OLIVIA] Starting DealFlow cycle at Sat Mar 21 11:30:01 AM CST 2026
  → Scoring leads...
  → Drafting outreach emails...
  → Analyzing partnership opportunities...
[2026-03-21 11:31:06] ✅ Deal flow processing complete
mv: cannot stat '/tmp/status.json': No such file or directory
💼 [OLIVIA] ✅ Cycle complete
💼 [OLIVIA] Starting DealFlow cycle at Sat Mar 21 11:45:01 AM CST 2026
  → Scoring leads...
  → Drafting outreach emails...
  → Analyzing partnership opportunities...
[2026-03-21 11:46:07] ✅ Deal flow processing complete
mv: cannot stat '/tmp/status.json': No such file or directory
💼 [OLIVIA] ✅ Cycle complete
💼 [OLIVIA] Starting DealFlow cycle at Sat Mar 21 12:00:01 PM CST 2026
  → Scoring leads...
  → Drafting outreach emails...
  → Analyzing partnership opportunities...
[2026-03-21 12:01:06] ✅ Deal flow processing complete
💼 [OLIVIA] ✅ Cycle complete
💼 [OLIVIA] Starting DealFlow cycle at Sat Mar 21 12:15:01 PM CST 2026
  → Scoring leads...
  → Drafting outreach emails...
  → Analyzing partnership opportunities...
[2026-03-21 12:16:06] ✅ Deal flow processing complete
💼 [OLIVIA] ✅ Cycle complete
💼 [OLIVIA] Starting DealFlow cycle at Sat Mar 21 12:30:01 PM CST 2026
  → Scoring leads...
  → Drafting outreach emails...
  → Analyzing partnership opportunities...
[2026-03-21 12:31:06] ✅ Deal flow processing complete
💼 [OLIVIA] ✅ Cycle complete
💼 [OLIVIA] Starting DealFlow cycle at Sat Mar 21 12:45:01 PM CST 2026
  → Scoring leads...
  → Drafting outreach emails...
  → Analyzing partnership opportunities...
[2026-03-21 12:46:06] ✅ Deal flow processing complete
mv: cannot stat '/tmp/status.json': No such file or directory
💼 [OLIVIA] ✅ Cycle complete
💼 [OLIVIA] Starting DealFlow cycle at Sat Mar 21 01:00:01 PM CST 2026
  → Scoring leads...
  → Drafting outreach emails...
  → Analyzing partnership opportunities...
[2026-03-21 13:01:06] ✅ Deal flow processing complete
💼 [OLIVIA] ✅ Cycle complete
💼 [OLIVIA] Starting DealFlow cycle at Sat Mar 21 01:15:01 PM CST 2026
  → Scoring leads...
  → Drafting outreach emails...
  → Analyzing partnership opportunities...
[2026-03-21 13:16:06] ✅ Deal flow processing complete
💼 [OLIVIA] ✅ Cycle complete
💼 [OLIVIA] Starting DealFlow cycle at Sat Mar 21 01:30:01 PM CST 2026
  → Scoring leads...
  → Drafting outreach emails...
  → Analyzing partnership opportunities...
[2026-03-21 13:31:06] ✅ Deal flow processing complete
mv: cannot stat '/tmp/status.json': No such file or directory
💼 [OLIVIA] ✅ Cycle complete
💼 [OLIVIA] Starting DealFlow cycle at Sat Mar 21 01:45:01 PM CST 2026
  → Scoring leads...
  → Drafting outreach emails...
  → Analyzing partnership opportunities...
[2026-03-21 13:46:06] ✅ Deal flow processing complete
💼 [OLIVIA] ✅ Cycle complete
💼 [OLIVIA] Starting DealFlow cycle at Sat Mar 21 02:00:01 PM CST 2026
  → Scoring leads...
  → Drafting outreach emails...
  → Analyzing partnership opportunities...
[2026-03-21 14:01:06] ✅ Deal flow processing complete
💼 [OLIVIA] ✅ Cycle complete
💼 [OLIVIA] Starting DealFlow cycle at Sat Mar 21 02:15:01 PM CST 2026
  → Scoring leads...
  → Drafting outreach emails...
  → Analyzing partnership opportunities...
[2026-03-21 14:16:06] ✅ Deal flow processing complete
💼 [OLIVIA] ✅ Cycle complete
💼 [OLIVIA] Starting DealFlow cycle at Sat Mar 21 02:30:01 PM CST 2026
  → Scoring leads...
  → Drafting outreach emails...
  → Analyzing partnership opportunities...
[2026-03-21 14:31:06] ✅ Deal flow processing complete
mv: cannot stat '/tmp/status.json': No such file or directory
💼 [OLIVIA] ✅ Cycle complete
💼 [OLIVIA] Starting DealFlow cycle at Sat Mar 21 02:45:01 PM CST 2026
  → Scoring leads...
  → Drafting outreach emails...
  → Analyzing partnership opportunities...
[2026-03-21 14:46:06] ✅ Deal flow processing complete
💼 [OLIVIA] ✅ Cycle complete
💼 [OLIVIA] Starting DealFlow cycle at Sat Mar 21 03:00:01 PM CST 2026
  → Scoring leads...
  → Drafting outreach emails...
  → Analyzing partnership opportunities...
[2026-03-21 15:01:06] ✅ Deal flow processing complete
💼 [OLIVIA] ✅ Cycle complete
💼 [OLIVIA] Starting DealFlow cycle at Sat Mar 21 03:15:01 PM CST 2026
  → Scoring leads...
  → Drafting outreach emails...
  → Analyzing partnership opportunities...
[2026-03-21 15:16:06] ✅ Deal flow processing complete
💼 [OLIVIA] ✅ Cycle complete
💼 [OLIVIA] Starting DealFlow cycle at Sat Mar 21 03:30:01 PM CST 2026
  → Scoring leads...
  → Drafting outreach emails...
  → Analyzing partnership opportunities...
[2026-03-21 15:31:06] ✅ Deal flow processing complete
💼 [OLIVIA] ✅ Cycle complete
💼 [OLIVIA] Starting DealFlow cycle at Sat Mar 21 03:45:01 PM CST 2026
  → Scoring leads...
  → Drafting outreach emails...
  → Analyzing partnership opportunities...
[2026-03-21 15:46:06] ✅ Deal flow processing complete
mv: cannot stat '/tmp/status.json': No such file or directory
💼 [OLIVIA] ✅ Cycle complete
💼 [OLIVIA] Starting DealFlow cycle at Sat Mar 21 04:00:01 PM CST 2026
  → Scoring leads...
  → Drafting outreach emails...
  → Analyzing partnership opportunities...
[2026-03-21 16:01:06] ✅ Deal flow processing complete
mv: cannot stat '/tmp/status.json': No such file or directory
💼 [OLIVIA] ✅ Cycle complete
💼 [OLIVIA] Starting DealFlow cycle at Sat Mar 21 04:15:01 PM CST 2026
  → Scoring leads...
  → Drafting outreach emails...
  → Analyzing partnership opportunities...
[2026-03-21 16:16:06] ✅ Deal flow processing complete
💼 [OLIVIA] ✅ Cycle complete
💼 [OLIVIA] Starting DealFlow cycle at Sat Mar 21 04:30:01 PM CST 2026
  → Scoring leads...
  → Drafting outreach emails...
  → Analyzing partnership opportunities...
[2026-03-21 16:31:06] ✅ Deal flow processing complete
mv: cannot stat '/tmp/status.json': No such file or directory
💼 [OLIVIA] ✅ Cycle complete
💼 [OLIVIA] Starting DealFlow cycle at Sat Mar 21 04:45:01 PM CST 2026
  → Scoring leads...
  → Drafting outreach emails...
  → Analyzing partnership opportunities...
[2026-03-21 16:46:06] ✅ Deal flow processing complete
mv: cannot move '/tmp/status.json' to '/root/.openclaw/workspace/mission-control-v2/data/agent-status.json': No such file or directory
💼 [OLIVIA] ✅ Cycle complete
💼 [OLIVIA] Starting DealFlow cycle at Sat Mar 21 05:00:01 PM CST 2026
  → Scoring leads...
  → Drafting outreach emails...
  → Analyzing partnership opportunities...
[2026-03-21 17:01:06] ✅ Deal flow processing complete
💼 [OLIVIA] ✅ Cycle complete
💼 [OLIVIA] Starting DealFlow cycle at Sat Mar 21 05:15:01 PM CST 2026
  → Scoring leads...
  → Drafting outreach emails...
  → Analyzing partnership opportunities...
[2026-03-21 17:16:06] ✅ Deal flow processing complete
mv: cannot stat '/tmp/status.json': No such file or directory
💼 [OLIVIA] ✅ Cycle complete
💼 [OLIVIA] Starting DealFlow cycle at Sat Mar 21 05:30:01 PM CST 2026
  → Scoring leads...
  → Drafting outreach emails...
  → Analyzing partnership opportunities...
[2026-03-21 17:31:06] ✅ Deal flow processing complete
💼 [OLIVIA] ✅ Cycle complete
💼 [OLIVIA] Starting DealFlow cycle at Sat Mar 21 05:45:01 PM CST 2026
  → Scoring leads...
  → Drafting outreach emails...
  → Analyzing partnership opportunities...
[2026-03-21 17:46:06] ✅ Deal flow processing complete
💼 [OLIVIA] ✅ Cycle complete
💼 [OLIVIA] Starting DealFlow cycle at Sat Mar 21 06:00:01 PM CST 2026
  → Scoring leads...
  → Drafting outreach emails...
  → Analyzing partnership opportunities...
[2026-03-21 18:01:06] ✅ Deal flow processing complete
mv: cannot stat '/tmp/status.json': No such file or directory
💼 [OLIVIA] ✅ Cycle complete
💼 [OLIVIA] Starting DealFlow cycle at Sat Mar 21 06:15:01 PM CST 2026
  → Scoring leads...
  → Drafting outreach emails...
  → Analyzing partnership opportunities...
[2026-03-21 18:16:06] ✅ Deal flow processing complete
mv: cannot move '/tmp/status.json' to '/root/.openclaw/workspace/mission-control-v2/data/agent-status.json': No such file or directory
💼 [OLIVIA] ✅ Cycle complete
💼 [OLIVIA] Starting DealFlow cycle at Sat Mar 21 06:30:01 PM CST 2026
  → Scoring leads...
  → Drafting outreach emails...
  → Analyzing partnership opportunities...
[2026-03-21 18:31:06] ✅ Deal flow processing complete
💼 [OLIVIA] ✅ Cycle complete
💼 [OLIVIA] Starting DealFlow cycle at Sat Mar 21 06:45:01 PM CST 2026
  → Scoring leads...
  → Drafting outreach emails...
  → Analyzing partnership opportunities...
[2026-03-21 18:46:06] ✅ Deal flow processing complete
💼 [OLIVIA] ✅ Cycle complete
💼 [OLIVIA] Starting DealFlow cycle at Sat Mar 21 07:00:01 PM CST 2026
  → Scoring leads...
  → Drafting outreach emails...
  → Analyzing partnership opportunities...
[2026-03-21 19:01:06] ✅ Deal flow processing complete
mv: cannot stat '/tmp/status.json': No such file or directory
💼 [OLIVIA] ✅ Cycle complete
💼 [OLIVIA] Starting DealFlow cycle at Sat Mar 21 07:15:01 PM CST 2026
  → Scoring leads...
  → Drafting outreach emails...
  → Analyzing partnership opportunities...
[2026-03-21 19:16:06] ✅ Deal flow processing complete
mv: cannot move '/tmp/status.json' to '/root/.openclaw/workspace/mission-control-v2/data/agent-status.json': No such file or directory
💼 [OLIVIA] ✅ Cycle complete
💼 [OLIVIA] Starting DealFlow cycle at Sat Mar 21 07:30:01 PM CST 2026
  → Scoring leads...
  → Drafting outreach emails...
  → Analyzing partnership opportunities...
[2026-03-21 19:31:06] ✅ Deal flow processing complete
mv: cannot stat '/tmp/status.json': No such file or directory
💼 [OLIVIA] ✅ Cycle complete
💼 [OLIVIA] Starting DealFlow cycle at Sat Mar 21 07:45:01 PM CST 2026
  → Scoring leads...
  → Drafting outreach emails...
  → Analyzing partnership opportunities...
[2026-03-21 19:46:06] ✅ Deal flow processing complete
💼 [OLIVIA] ✅ Cycle complete
💼 [OLIVIA] Starting DealFlow cycle at Sat Mar 21 08:00:01 PM CST 2026
  → Scoring leads...
  → Drafting outreach emails...
  → Analyzing partnership opportunities...
[2026-03-21 20:01:06] ✅ Deal flow processing complete
mv: cannot stat '/tmp/status.json': No such file or directory
💼 [OLIVIA] ✅ Cycle complete
💼 [OLIVIA] Starting DealFlow cycle at Sat Mar 21 08:15:01 PM CST 2026
  → Scoring leads...
  → Drafting outreach emails...
  → Analyzing partnership opportunities...
[2026-03-21 20:16:06] ✅ Deal flow processing complete
mv: cannot stat '/tmp/status.json': No such file or directory
💼 [OLIVIA] ✅ Cycle complete
💼 [OLIVIA] Starting DealFlow cycle at Sat Mar 21 08:30:01 PM CST 2026
  → Scoring leads...
  → Drafting outreach emails...
  → Analyzing partnership opportunities...
[2026-03-21 20:31:06] ✅ Deal flow processing complete
mv: cannot stat '/tmp/status.json': No such file or directory
💼 [OLIVIA] ✅ Cycle complete
💼 [OLIVIA] Starting DealFlow cycle at Sat Mar 21 08:45:01 PM CST 2026
  → Scoring leads...
  → Drafting outreach emails...
  → Analyzing partnership opportunities...
[2026-03-21 20:46:06] ✅ Deal flow processing complete
💼 [OLIVIA] ✅ Cycle complete
💼 [OLIVIA] Starting DealFlow cycle at Sat Mar 21 09:00:01 PM CST 2026
  → Scoring leads...
  → Drafting outreach emails...
  → Analyzing partnership opportunities...
[2026-03-21 21:01:06] ✅ Deal flow processing complete
💼 [OLIVIA] ✅ Cycle complete
💼 [OLIVIA] Starting DealFlow cycle at Sat Mar 21 09:15:01 PM CST 2026
  → Scoring leads...
  → Drafting outreach emails...
