🎨 [PIXEL] Starting design cycle at Fri Mar 20 05:00:01 PM CST 2026
  → Designing UI components...
  → Creating pixel art...
  → Exporting assets...
[2026-03-20 17:01:06] ✅ Design assets exported
mv: cannot stat '/tmp/status.json': No such file or directory
🎨 [PIXEL] ✅ Cycle complete
🎨 [PIXEL] Starting design cycle at Fri Mar 20 05:15:01 PM CST 2026
  → Designing UI components...
  → Creating pixel art...
  → Exporting assets...
[2026-03-20 17:16:06] ✅ Design assets exported
🎨 [PIXEL] ✅ Cycle complete
🎨 [PIXEL] Starting design cycle at Fri Mar 20 05:30:01 PM CST 2026
  → Designing UI components...
  → Creating pixel art...
  → Exporting assets...
[2026-03-20 17:31:06] ✅ Design assets exported
🎨 [PIXEL] ✅ Cycle complete
🎨 [PIXEL] Starting design cycle at Fri Mar 20 05:45:01 PM CST 2026
  → Designing UI components...
  → Creating pixel art...
  → Exporting assets...
[2026-03-20 17:46:06] ✅ Design assets exported
🎨 [PIXEL] ✅ Cycle complete
🎨 [PIXEL] Starting design cycle at Fri Mar 20 06:00:01 PM CST 2026
  → Designing UI components...
  → Creating pixel art...
  → Exporting assets...
[2026-03-20 18:01:06] ✅ Design assets exported
🎨 [PIXEL] ✅ Cycle complete
🎨 [PIXEL] Starting design cycle at Fri Mar 20 06:15:01 PM CST 2026
  → Designing UI components...
  → Creating pixel art...
  → Exporting assets...
[2026-03-20 18:16:06] ✅ Design assets exported
mv: cannot stat '/tmp/status.json': No such file or directory
🎨 [PIXEL] ✅ Cycle complete
