[2026-03-20 16:55:15] ✅ Content draft complete
✍️ [QUILL] Starting writing cycle at Fri Mar 20 05:00:01 PM CST 2026
  → Researching topic...
  → Drafting article...
  → Editing content...
[2026-03-20 17:01:06] ✅ Content draft complete
✍️ [QUILL] ✅ Cycle complete
✍️ [QUILL] Starting writing cycle at Fri Mar 20 05:10:01 PM CST 2026
  → Researching topic...
  → Drafting article...
  → Editing content...
[2026-03-20 17:11:06] ✅ Content draft complete
mv: cannot stat '/tmp/status.json': No such file or directory
✍️ [QUILL] ✅ Cycle complete
✍️ [QUILL] Starting writing cycle at Fri Mar 20 05:20:01 PM CST 2026
  → Researching topic...
  → Drafting article...
  → Editing content...
[2026-03-20 17:21:06] ✅ Content draft complete
mv: cannot stat '/tmp/status.json': No such file or directory
✍️ [QUILL] ✅ Cycle complete
✍️ [QUILL] Starting writing cycle at Fri Mar 20 05:30:01 PM CST 2026
  → Researching topic...
  → Drafting article...
  → Editing content...
[2026-03-20 17:31:06] ✅ Content draft complete
mv: cannot stat '/tmp/status.json': No such file or directory
✍️ [QUILL] ✅ Cycle complete
✍️ [QUILL] Starting writing cycle at Fri Mar 20 05:40:01 PM CST 2026
  → Researching topic...
  → Drafting article...
  → Editing content...
[2026-03-20 17:41:06] ✅ Content draft complete
✍️ [QUILL] ✅ Cycle complete
✍️ [QUILL] Starting writing cycle at Fri Mar 20 05:50:01 PM CST 2026
  → Researching topic...
  → Drafting article...
  → Editing content...
[2026-03-20 17:51:06] ✅ Content draft complete
mv: cannot move '/tmp/status.json' to '/root/.openclaw/workspace/mission-control-v2/data/agent-status.json': No such file or directory
✍️ [QUILL] ✅ Cycle complete
✍️ [QUILL] Starting writing cycle at Fri Mar 20 06:00:01 PM CST 2026
  → Researching topic...
  → Drafting article...
  → Editing content...
[2026-03-20 18:01:06] ✅ Content draft complete
mv: cannot stat '/tmp/status.json': No such file or directory
✍️ [QUILL] ✅ Cycle complete
✍️ [QUILL] Starting writing cycle at Fri Mar 20 06:10:01 PM CST 2026
  → Researching topic...
  → Drafting article...
  → Editing content...
[2026-03-20 18:11:06] ✅ Content draft complete
✍️ [QUILL] ✅ Cycle complete
✍️ [QUILL] Starting writing cycle at Fri Mar 20 06:20:01 PM CST 2026
  → Researching topic...
  → Drafting article...
  → Editing content...
[2026-03-20 18:21:06] ✅ Content draft complete
mv: cannot stat '/tmp/status.json': No such file or directory
✍️ [QUILL] ✅ Cycle complete
✍️ [QUILL] Starting writing cycle at Fri Mar 20 06:30:01 PM CST 2026
  → Researching topic...
  → Drafting article...
  → Editing content...
[2026-03-20 18:31:06] ✅ Content draft complete
✍️ [QUILL] ✅ Cycle complete
✍️ [QUILL] Starting writing cycle at Fri Mar 20 06:40:01 PM CST 2026
  → Researching topic...
  → Drafting article...
  → Editing content...
[2026-03-20 18:41:06] ✅ Content draft complete
✍️ [QUILL] ✅ Cycle complete
✍️ [QUILL] Starting writing cycle at Fri Mar 20 06:50:01 PM CST 2026
  → Researching topic...
  → Drafting article...
  → Editing content...
[2026-03-20 18:51:06] ✅ Content draft complete
mv: cannot stat '/tmp/status.json': No such file or directory
✍️ [QUILL] ✅ Cycle complete
✍️ [QUILL] Starting writing cycle at Fri Mar 20 07:00:01 PM CST 2026
  → Researching topic...
  → Drafting article...
  → Editing content...
[2026-03-20 19:01:06] ✅ Content draft complete
mv: cannot stat '/tmp/status.json': No such file or directory
✍️ [QUILL] ✅ Cycle complete
✍️ [QUILL] Starting writing cycle at Fri Mar 20 07:10:01 PM CST 2026
  → Researching topic...
  → Drafting article...
  → Editing content...
[2026-03-20 19:11:06] ✅ Content draft complete
✍️ [QUILL] ✅ Cycle complete
✍️ [QUILL] Starting writing cycle at Fri Mar 20 07:20:01 PM CST 2026
  → Researching topic...
  → Drafting article...
  → Editing content...
[2026-03-20 19:21:06] ✅ Content draft complete
mv: cannot stat '/tmp/status.json': No such file or directory
✍️ [QUILL] ✅ Cycle complete
✍️ [QUILL] Starting writing cycle at Fri Mar 20 07:30:01 PM CST 2026
  → Researching topic...
  → Drafting article...
  → Editing content...
[2026-03-20 19:31:06] ✅ Content draft complete
✍️ [QUILL] ✅ Cycle complete
✍️ [QUILL] Starting writing cycle at Fri Mar 20 07:40:01 PM CST 2026
  → Researching topic...
  → Drafting article...
  → Editing content...
[2026-03-20 19:41:06] ✅ Content draft complete
✍️ [QUILL] ✅ Cycle complete
✍️ [QUILL] Starting writing cycle at Fri Mar 20 07:50:01 PM CST 2026
  → Researching topic...
  → Drafting article...
  → Editing content...
[2026-03-20 19:51:06] ✅ Content draft complete
mv: cannot move '/tmp/status.json' to '/root/.openclaw/workspace/mission-control-v2/data/agent-status.json': No such file or directory
✍️ [QUILL] ✅ Cycle complete
✍️ [QUILL] Starting writing cycle at Fri Mar 20 08:00:01 PM CST 2026
  → Researching topic...
  → Drafting article...
  → Editing content...
[2026-03-20 20:01:06] ✅ Content draft complete
mv: cannot stat '/tmp/status.json': No such file or directory
✍️ [QUILL] ✅ Cycle complete
✍️ [QUILL] Starting writing cycle at Fri Mar 20 08:10:01 PM CST 2026
  → Researching topic...
  → Drafting article...
  → Editing content...
[2026-03-20 20:11:06] ✅ Content draft complete
✍️ [QUILL] ✅ Cycle complete
✍️ [QUILL] Starting writing cycle at Fri Mar 20 08:20:01 PM CST 2026
  → Researching topic...
  → Drafting article...
  → Editing content...
[2026-03-20 20:21:06] ✅ Content draft complete
✍️ [QUILL] ✅ Cycle complete
✍️ [QUILL] Starting writing cycle at Fri Mar 20 08:30:01 PM CST 2026
  → Researching topic...
  → Drafting article...
  → Editing content...
[2026-03-20 20:31:06] ✅ Content draft complete
mv: cannot stat '/tmp/status.json': No such file or directory
✍️ [QUILL] ✅ Cycle complete
✍️ [QUILL] Starting writing cycle at Fri Mar 20 08:40:01 PM CST 2026
  → Researching topic...
  → Drafting article...
  → Editing content...
[2026-03-20 20:41:06] ✅ Content draft complete
✍️ [QUILL] ✅ Cycle complete
✍️ [QUILL] Starting writing cycle at Fri Mar 20 08:50:01 PM CST 2026
  → Researching topic...
  → Drafting article...
  → Editing content...
[2026-03-20 20:51:06] ✅ Content draft complete
mv: cannot stat '/tmp/status.json': No such file or directory
✍️ [QUILL] ✅ Cycle complete
✍️ [QUILL] Starting writing cycle at Fri Mar 20 09:00:01 PM CST 2026
  → Researching topic...
  → Drafting article...
  → Editing content...
[2026-03-20 21:01:06] ✅ Content draft complete
mv: cannot stat '/tmp/status.json': No such file or directory
✍️ [QUILL] ✅ Cycle complete
✍️ [QUILL] Starting writing cycle at Fri Mar 20 09:10:01 PM CST 2026
  → Researching topic...
  → Drafting article...
  → Editing content...
[2026-03-20 21:11:06] ✅ Content draft complete
mv: cannot stat '/tmp/status.json': No such file or directory
✍️ [QUILL] ✅ Cycle complete
✍️ [QUILL] Starting writing cycle at Fri Mar 20 09:20:01 PM CST 2026
  → Researching topic...
  → Drafting article...
  → Editing content...
[2026-03-20 21:21:06] ✅ Content draft complete
✍️ [QUILL] ✅ Cycle complete
✍️ [QUILL] Starting writing cycle at Fri Mar 20 09:30:01 PM CST 2026
  → Researching topic...
  → Drafting article...
  → Editing content...
[2026-03-20 21:31:06] ✅ Content draft complete
mv: cannot stat '/tmp/status.json': No such file or directory
✍️ [QUILL] ✅ Cycle complete
✍️ [QUILL] Starting writing cycle at Fri Mar 20 09:40:01 PM CST 2026
  → Researching topic...
  → Drafting article...
  → Editing content...
[2026-03-20 21:41:06] ✅ Content draft complete
✍️ [QUILL] ✅ Cycle complete
✍️ [QUILL] Starting writing cycle at Fri Mar 20 09:50:01 PM CST 2026
  → Researching topic...
  → Drafting article...
  → Editing content...
[2026-03-20 21:51:06] ✅ Content draft complete
mv: cannot stat '/tmp/status.json': No such file or directory
✍️ [QUILL] ✅ Cycle complete
✍️ [QUILL] Starting writing cycle at Fri Mar 20 10:00:01 PM CST 2026
  → Researching topic...
  → Drafting article...
  → Editing content...
[2026-03-20 22:01:06] ✅ Content draft complete
mv: cannot stat '/tmp/status.json': No such file or directory
✍️ [QUILL] ✅ Cycle complete
✍️ [QUILL] Starting writing cycle at Fri Mar 20 10:10:01 PM CST 2026
  → Researching topic...
  → Drafting article...
  → Editing content...
[2026-03-20 22:11:06] ✅ Content draft complete
✍️ [QUILL] ✅ Cycle complete
✍️ [QUILL] Starting writing cycle at Fri Mar 20 10:20:01 PM CST 2026
  → Researching topic...
  → Drafting article...
  → Editing content...
[2026-03-20 22:21:06] ✅ Content draft complete
✍️ [QUILL] ✅ Cycle complete
✍️ [QUILL] Starting writing cycle at Fri Mar 20 10:30:01 PM CST 2026
  → Researching topic...
  → Drafting article...
  → Editing content...
[2026-03-20 22:31:06] ✅ Content draft complete
✍️ [QUILL] ✅ Cycle complete
✍️ [QUILL] Starting writing cycle at Fri Mar 20 10:40:01 PM CST 2026
  → Researching topic...
  → Drafting article...
  → Editing content...
[2026-03-20 22:41:06] ✅ Content draft complete
mv: cannot move '/tmp/status.json' to '/root/.openclaw/workspace/mission-control-v2/data/agent-status.json': No such file or directory
✍️ [QUILL] ✅ Cycle complete
✍️ [QUILL] Starting writing cycle at Fri Mar 20 10:50:01 PM CST 2026
  → Researching topic...
  → Drafting article...
  → Editing content...
[2026-03-20 22:51:06] ✅ Content draft complete
✍️ [QUILL] ✅ Cycle complete
✍️ [QUILL] Starting writing cycle at Fri Mar 20 11:00:01 PM CST 2026
  → Researching topic...
  → Drafting article...
  → Editing content...
[2026-03-20 23:01:06] ✅ Content draft complete
✍️ [QUILL] ✅ Cycle complete
✍️ [QUILL] Starting writing cycle at Fri Mar 20 11:10:01 PM CST 2026
  → Researching topic...
  → Drafting article...
  → Editing content...
[2026-03-20 23:11:06] ✅ Content draft complete
✍️ [QUILL] ✅ Cycle complete
✍️ [QUILL] Starting writing cycle at Fri Mar 20 11:20:01 PM CST 2026
  → Researching topic...
  → Drafting article...
  → Editing content...
[2026-03-20 23:21:06] ✅ Content draft complete
mv: cannot move '/tmp/status.json' to '/root/.openclaw/workspace/mission-control-v2/data/agent-status.json': No such file or directory
✍️ [QUILL] ✅ Cycle complete
✍️ [QUILL] Starting writing cycle at Fri Mar 20 11:30:01 PM CST 2026
  → Researching topic...
  → Drafting article...
  → Editing content...
[2026-03-20 23:31:06] ✅ Content draft complete
✍️ [QUILL] ✅ Cycle complete
✍️ [QUILL] Starting writing cycle at Fri Mar 20 11:40:02 PM CST 2026
  → Researching topic...
  → Drafting article...
  → Editing content...
[2026-03-20 23:41:07] ✅ Content draft complete
mv: cannot stat '/tmp/status.json': No such file or directory
✍️ [QUILL] ✅ Cycle complete
✍️ [QUILL] Starting writing cycle at Fri Mar 20 11:50:01 PM CST 2026
  → Researching topic...
  → Drafting article...
  → Editing content...
[2026-03-20 23:51:06] ✅ Content draft complete
mv: cannot move '/tmp/status.json' to '/root/.openclaw/workspace/mission-control-v2/data/agent-status.json': No such file or directory
✍️ [QUILL] ✅ Cycle complete
✍️ [QUILL] Starting writing cycle at Sat Mar 21 12:00:01 AM CST 2026
  → Researching topic...
  → Drafting article...
  → Editing content...
[2026-03-21 00:01:06] ✅ Content draft complete
✍️ [QUILL] ✅ Cycle complete
✍️ [QUILL] Starting writing cycle at Sat Mar 21 12:10:01 AM CST 2026
  → Researching topic...
  → Drafting article...
  → Editing content...
[2026-03-21 00:11:06] ✅ Content draft complete
✍️ [QUILL] ✅ Cycle complete
✍️ [QUILL] Starting writing cycle at Sat Mar 21 12:20:01 AM CST 2026
  → Researching topic...
  → Drafting article...
  → Editing content...
[2026-03-21 00:21:06] ✅ Content draft complete
✍️ [QUILL] ✅ Cycle complete
✍️ [QUILL] Starting writing cycle at Sat Mar 21 12:30:01 AM CST 2026
  → Researching topic...
  → Drafting article...
  → Editing content...
[2026-03-21 00:31:06] ✅ Content draft complete
mv: cannot stat '/tmp/status.json': No such file or directory
✍️ [QUILL] ✅ Cycle complete
✍️ [QUILL] Starting writing cycle at Sat Mar 21 12:40:02 AM CST 2026
  → Researching topic...
  → Drafting article...
  → Editing content...
[2026-03-21 00:41:07] ✅ Content draft complete
mv: cannot stat '/tmp/status.json': No such file or directory
✍️ [QUILL] ✅ Cycle complete
✍️ [QUILL] Starting writing cycle at Sat Mar 21 12:50:01 AM CST 2026
  → Researching topic...
  → Drafting article...
  → Editing content...
[2026-03-21 00:51:06] ✅ Content draft complete
✍️ [QUILL] ✅ Cycle complete
✍️ [QUILL] Starting writing cycle at Sat Mar 21 01:00:01 AM CST 2026
  → Researching topic...
  → Drafting article...
  → Editing content...
[2026-03-21 01:01:06] ✅ Content draft complete
mv: cannot stat '/tmp/status.json': No such file or directory
✍️ [QUILL] ✅ Cycle complete
✍️ [QUILL] Starting writing cycle at Sat Mar 21 01:10:01 AM CST 2026
  → Researching topic...
  → Drafting article...
  → Editing content...
[2026-03-21 01:11:06] ✅ Content draft complete
✍️ [QUILL] ✅ Cycle complete
✍️ [QUILL] Starting writing cycle at Sat Mar 21 01:20:01 AM CST 2026
  → Researching topic...
  → Drafting article...
  → Editing content...
[2026-03-21 01:21:06] ✅ Content draft complete
mv: cannot move '/tmp/status.json' to '/root/.openclaw/workspace/mission-control-v2/data/agent-status.json': No such file or directory
✍️ [QUILL] ✅ Cycle complete
✍️ [QUILL] Starting writing cycle at Sat Mar 21 01:30:01 AM CST 2026
  → Researching topic...
  → Drafting article...
  → Editing content...
[2026-03-21 01:31:06] ✅ Content draft complete
mv: cannot stat '/tmp/status.json': No such file or directory
✍️ [QUILL] ✅ Cycle complete
✍️ [QUILL] Starting writing cycle at Sat Mar 21 01:40:02 AM CST 2026
  → Researching topic...
  → Drafting article...
  → Editing content...
[2026-03-21 01:41:07] ✅ Content draft complete
mv: cannot move '/tmp/status.json' to '/root/.openclaw/workspace/mission-control-v2/data/agent-status.json': No such file or directory
✍️ [QUILL] ✅ Cycle complete
✍️ [QUILL] Starting writing cycle at Sat Mar 21 01:50:01 AM CST 2026
  → Researching topic...
  → Drafting article...
  → Editing content...
[2026-03-21 01:51:06] ✅ Content draft complete
mv: cannot move '/tmp/status.json' to '/root/.openclaw/workspace/mission-control-v2/data/agent-status.json': No such file or directory
✍️ [QUILL] ✅ Cycle complete
✍️ [QUILL] Starting writing cycle at Sat Mar 21 02:00:01 AM CST 2026
  → Researching topic...
  → Drafting article...
  → Editing content...
[2026-03-21 02:01:06] ✅ Content draft complete
mv: cannot stat '/tmp/status.json': No such file or directory
✍️ [QUILL] ✅ Cycle complete
✍️ [QUILL] Starting writing cycle at Sat Mar 21 02:10:01 AM CST 2026
  → Researching topic...
  → Drafting article...
  → Editing content...
[2026-03-21 02:11:06] ✅ Content draft complete
mv: cannot stat '/tmp/status.json': No such file or directory
✍️ [QUILL] ✅ Cycle complete
✍️ [QUILL] Starting writing cycle at Sat Mar 21 02:20:01 AM CST 2026
  → Researching topic...
  → Drafting article...
  → Editing content...
[2026-03-21 02:21:06] ✅ Content draft complete
✍️ [QUILL] ✅ Cycle complete
✍️ [QUILL] Starting writing cycle at Sat Mar 21 02:30:01 AM CST 2026
  → Researching topic...
  → Drafting article...
  → Editing content...
[2026-03-21 02:31:06] ✅ Content draft complete
mv: cannot stat '/tmp/status.json': No such file or directory
✍️ [QUILL] ✅ Cycle complete
✍️ [QUILL] Starting writing cycle at Sat Mar 21 02:40:01 AM CST 2026
  → Researching topic...
  → Drafting article...
  → Editing content...
[2026-03-21 02:41:06] ✅ Content draft complete
mv: cannot stat '/tmp/status.json': No such file or directory
✍️ [QUILL] ✅ Cycle complete
✍️ [QUILL] Starting writing cycle at Sat Mar 21 02:50:01 AM CST 2026
  → Researching topic...
  → Drafting article...
  → Editing content...
[2026-03-21 02:51:06] ✅ Content draft complete
✍️ [QUILL] ✅ Cycle complete
✍️ [QUILL] Starting writing cycle at Sat Mar 21 03:00:01 AM CST 2026
  → Researching topic...
  → Drafting article...
  → Editing content...
[2026-03-21 03:01:06] ✅ Content draft complete
✍️ [QUILL] ✅ Cycle complete
✍️ [QUILL] Starting writing cycle at Sat Mar 21 03:10:01 AM CST 2026
  → Researching topic...
  → Drafting article...
  → Editing content...
[2026-03-21 03:11:06] ✅ Content draft complete
mv: cannot stat '/tmp/status.json': No such file or directory
✍️ [QUILL] ✅ Cycle complete
✍️ [QUILL] Starting writing cycle at Sat Mar 21 03:20:01 AM CST 2026
  → Researching topic...
  → Drafting article...
  → Editing content...
[2026-03-21 03:21:06] ✅ Content draft complete
✍️ [QUILL] ✅ Cycle complete
✍️ [QUILL] Starting writing cycle at Sat Mar 21 03:30:01 AM CST 2026
  → Researching topic...
  → Drafting article...
  → Editing content...
[2026-03-21 03:31:06] ✅ Content draft complete
mv: cannot stat '/tmp/status.json': No such file or directory
✍️ [QUILL] ✅ Cycle complete
✍️ [QUILL] Starting writing cycle at Sat Mar 21 03:40:01 AM CST 2026
  → Researching topic...
  → Drafting article...
  → Editing content...
[2026-03-21 03:41:06] ✅ Content draft complete
mv: cannot stat '/tmp/status.json': No such file or directory
✍️ [QUILL] ✅ Cycle complete
✍️ [QUILL] Starting writing cycle at Sat Mar 21 03:50:01 AM CST 2026
  → Researching topic...
  → Drafting article...
  → Editing content...
[2026-03-21 03:51:06] ✅ Content draft complete
✍️ [QUILL] ✅ Cycle complete
✍️ [QUILL] Starting writing cycle at Sat Mar 21 04:00:01 AM CST 2026
  → Researching topic...
  → Drafting article...
  → Editing content...
[2026-03-21 04:01:06] ✅ Content draft complete
mv: cannot stat '/tmp/status.json': No such file or directory
✍️ [QUILL] ✅ Cycle complete
✍️ [QUILL] Starting writing cycle at Sat Mar 21 04:10:01 AM CST 2026
  → Researching topic...
  → Drafting article...
  → Editing content...
[2026-03-21 04:11:06] ✅ Content draft complete
mv: cannot stat '/tmp/status.json': No such file or directory
✍️ [QUILL] ✅ Cycle complete
✍️ [QUILL] Starting writing cycle at Sat Mar 21 04:20:01 AM CST 2026
  → Researching topic...
  → Drafting article...
  → Editing content...
[2026-03-21 04:21:06] ✅ Content draft complete
✍️ [QUILL] ✅ Cycle complete
✍️ [QUILL] Starting writing cycle at Sat Mar 21 04:30:01 AM CST 2026
  → Researching topic...
  → Drafting article...
  → Editing content...
[2026-03-21 04:31:06] ✅ Content draft complete
mv: cannot stat '/tmp/status.json': No such file or directory
✍️ [QUILL] ✅ Cycle complete
✍️ [QUILL] Starting writing cycle at Sat Mar 21 04:40:01 AM CST 2026
  → Researching topic...
  → Drafting article...
  → Editing content...
[2026-03-21 04:41:06] ✅ Content draft complete
mv: cannot move '/tmp/status.json' to '/root/.openclaw/workspace/mission-control-v2/data/agent-status.json': No such file or directory
✍️ [QUILL] ✅ Cycle complete
✍️ [QUILL] Starting writing cycle at Sat Mar 21 04:50:01 AM CST 2026
  → Researching topic...
  → Drafting article...
  → Editing content...
[2026-03-21 04:51:06] ✅ Content draft complete
✍️ [QUILL] ✅ Cycle complete
✍️ [QUILL] Starting writing cycle at Sat Mar 21 05:00:01 AM CST 2026
  → Researching topic...
  → Drafting article...
  → Editing content...
[2026-03-21 05:01:06] ✅ Content draft complete
mv: cannot stat '/tmp/status.json': No such file or directory
✍️ [QUILL] ✅ Cycle complete
✍️ [QUILL] Starting writing cycle at Sat Mar 21 05:10:01 AM CST 2026
  → Researching topic...
  → Drafting article...
  → Editing content...
[2026-03-21 05:11:06] ✅ Content draft complete
✍️ [QUILL] ✅ Cycle complete
✍️ [QUILL] Starting writing cycle at Sat Mar 21 05:20:01 AM CST 2026
  → Researching topic...
  → Drafting article...
  → Editing content...
[2026-03-21 05:21:06] ✅ Content draft complete
✍️ [QUILL] ✅ Cycle complete
✍️ [QUILL] Starting writing cycle at Sat Mar 21 05:30:01 AM CST 2026
  → Researching topic...
  → Drafting article...
  → Editing content...
[2026-03-21 05:31:06] ✅ Content draft complete
✍️ [QUILL] ✅ Cycle complete
✍️ [QUILL] Starting writing cycle at Sat Mar 21 05:40:01 AM CST 2026
  → Researching topic...
  → Drafting article...
  → Editing content...
[2026-03-21 05:41:06] ✅ Content draft complete
mv: cannot move '/tmp/status.json' to '/root/.openclaw/workspace/mission-control-v2/data/agent-status.json': No such file or directory
✍️ [QUILL] ✅ Cycle complete
✍️ [QUILL] Starting writing cycle at Sat Mar 21 05:50:01 AM CST 2026
  → Researching topic...
  → Drafting article...
  → Editing content...
[2026-03-21 05:51:06] ✅ Content draft complete
mv: cannot stat '/tmp/status.json': No such file or directory
✍️ [QUILL] ✅ Cycle complete
✍️ [QUILL] Starting writing cycle at Sat Mar 21 06:00:01 AM CST 2026
  → Researching topic...
  → Drafting article...
  → Editing content...
[2026-03-21 06:01:06] ✅ Content draft complete
✍️ [QUILL] ✅ Cycle complete
✍️ [QUILL] Starting writing cycle at Sat Mar 21 06:10:01 AM CST 2026
  → Researching topic...
  → Drafting article...
  → Editing content...
[2026-03-21 06:11:06] ✅ Content draft complete
mv: cannot stat '/tmp/status.json': No such file or directory
✍️ [QUILL] ✅ Cycle complete
✍️ [QUILL] Starting writing cycle at Sat Mar 21 06:20:01 AM CST 2026
  → Researching topic...
  → Drafting article...
  → Editing content...
[2026-03-21 06:21:06] ✅ Content draft complete
mv: cannot stat '/tmp/status.json': No such file or directory
✍️ [QUILL] ✅ Cycle complete
✍️ [QUILL] Starting writing cycle at Sat Mar 21 06:30:01 AM CST 2026
  → Researching topic...
  → Drafting article...
  → Editing content...
[2026-03-21 06:31:06] ✅ Content draft complete
mv: cannot stat '/tmp/status.json': No such file or directory
✍️ [QUILL] ✅ Cycle complete
✍️ [QUILL] Starting writing cycle at Sat Mar 21 06:40:01 AM CST 2026
  → Researching topic...
  → Drafting article...
  → Editing content...
[2026-03-21 06:41:06] ✅ Content draft complete
✍️ [QUILL] ✅ Cycle complete
✍️ [QUILL] Starting writing cycle at Sat Mar 21 06:50:01 AM CST 2026
  → Researching topic...
  → Drafting article...
  → Editing content...
[2026-03-21 06:51:06] ✅ Content draft complete
✍️ [QUILL] ✅ Cycle complete
✍️ [QUILL] Starting writing cycle at Sat Mar 21 07:00:01 AM CST 2026
  → Researching topic...
  → Drafting article...
  → Editing content...
[2026-03-21 07:01:06] ✅ Content draft complete
✍️ [QUILL] ✅ Cycle complete
✍️ [QUILL] Starting writing cycle at Sat Mar 21 07:10:01 AM CST 2026
  → Researching topic...
  → Drafting article...
  → Editing content...
[2026-03-21 07:11:06] ✅ Content draft complete
mv: cannot stat '/tmp/status.json': No such file or directory
✍️ [QUILL] ✅ Cycle complete
✍️ [QUILL] Starting writing cycle at Sat Mar 21 07:20:01 AM CST 2026
  → Researching topic...
  → Drafting article...
  → Editing content...
[2026-03-21 07:21:06] ✅ Content draft complete
mv: cannot move '/tmp/status.json' to '/root/.openclaw/workspace/mission-control-v2/data/agent-status.json': No such file or directory
✍️ [QUILL] ✅ Cycle complete
✍️ [QUILL] Starting writing cycle at Sat Mar 21 07:30:01 AM CST 2026
  → Researching topic...
  → Drafting article...
  → Editing content...
[2026-03-21 07:31:06] ✅ Content draft complete
✍️ [QUILL] ✅ Cycle complete
✍️ [QUILL] Starting writing cycle at Sat Mar 21 07:40:01 AM CST 2026
  → Researching topic...
  → Drafting article...
  → Editing content...
[2026-03-21 07:41:06] ✅ Content draft complete
✍️ [QUILL] ✅ Cycle complete
✍️ [QUILL] Starting writing cycle at Sat Mar 21 07:50:01 AM CST 2026
  → Researching topic...
  → Drafting article...
  → Editing content...
[2026-03-21 07:51:06] ✅ Content draft complete
mv: cannot stat '/tmp/status.json': No such file or directory
✍️ [QUILL] ✅ Cycle complete
✍️ [QUILL] Starting writing cycle at Sat Mar 21 08:00:01 AM CST 2026
  → Researching topic...
  → Drafting article...
  → Editing content...
[2026-03-21 08:01:06] ✅ Content draft complete
✍️ [QUILL] ✅ Cycle complete
✍️ [QUILL] Starting writing cycle at Sat Mar 21 08:10:01 AM CST 2026
  → Researching topic...
  → Drafting article...
  → Editing content...
[2026-03-21 08:11:06] ✅ Content draft complete
mv: cannot move '/tmp/status.json' to '/root/.openclaw/workspace/mission-control-v2/data/agent-status.json': No such file or directory
✍️ [QUILL] ✅ Cycle complete
✍️ [QUILL] Starting writing cycle at Sat Mar 21 08:20:01 AM CST 2026
  → Researching topic...
  → Drafting article...
  → Editing content...
[2026-03-21 08:21:06] ✅ Content draft complete
✍️ [QUILL] ✅ Cycle complete
✍️ [QUILL] Starting writing cycle at Sat Mar 21 08:30:01 AM CST 2026
  → Researching topic...
  → Drafting article...
  → Editing content...
[2026-03-21 08:31:06] ✅ Content draft complete
✍️ [QUILL] ✅ Cycle complete
✍️ [QUILL] Starting writing cycle at Sat Mar 21 08:40:01 AM CST 2026
  → Researching topic...
  → Drafting article...
  → Editing content...
[2026-03-21 08:41:06] ✅ Content draft complete
mv: cannot stat '/tmp/status.json': No such file or directory
✍️ [QUILL] ✅ Cycle complete
✍️ [QUILL] Starting writing cycle at Sat Mar 21 08:50:01 AM CST 2026
  → Researching topic...
  → Drafting article...
  → Editing content...
[2026-03-21 08:51:06] ✅ Content draft complete
mv: cannot stat '/tmp/status.json': No such file or directory
✍️ [QUILL] ✅ Cycle complete
✍️ [QUILL] Starting writing cycle at Sat Mar 21 09:00:01 AM CST 2026
  → Researching topic...
  → Drafting article...
  → Editing content...
[2026-03-21 09:01:06] ✅ Content draft complete
✍️ [QUILL] ✅ Cycle complete
✍️ [QUILL] Starting writing cycle at Sat Mar 21 09:10:01 AM CST 2026
  → Researching topic...
  → Drafting article...
  → Editing content...
[2026-03-21 09:11:06] ✅ Content draft complete
✍️ [QUILL] ✅ Cycle complete
✍️ [QUILL] Starting writing cycle at Sat Mar 21 09:20:01 AM CST 2026
  → Researching topic...
  → Drafting article...
  → Editing content...
[2026-03-21 09:21:06] ✅ Content draft complete
✍️ [QUILL] ✅ Cycle complete
✍️ [QUILL] Starting writing cycle at Sat Mar 21 09:30:01 AM CST 2026
  → Researching topic...
  → Drafting article...
  → Editing content...
[2026-03-21 09:31:06] ✅ Content draft complete
mv: cannot stat '/tmp/status.json': No such file or directory
✍️ [QUILL] ✅ Cycle complete
✍️ [QUILL] Starting writing cycle at Sat Mar 21 09:40:01 AM CST 2026
  → Researching topic...
  → Drafting article...
  → Editing content...
[2026-03-21 09:41:06] ✅ Content draft complete
mv: cannot stat '/tmp/status.json': No such file or directory
✍️ [QUILL] ✅ Cycle complete
✍️ [QUILL] Starting writing cycle at Sat Mar 21 09:50:01 AM CST 2026
  → Researching topic...
  → Drafting article...
  → Editing content...
[2026-03-21 09:51:06] ✅ Content draft complete
mv: cannot stat '/tmp/status.json': No such file or directory
✍️ [QUILL] ✅ Cycle complete
✍️ [QUILL] Starting writing cycle at Sat Mar 21 10:00:01 AM CST 2026
  → Researching topic...
  → Drafting article...
  → Editing content...
[2026-03-21 10:01:06] ✅ Content draft complete
✍️ [QUILL] ✅ Cycle complete
✍️ [QUILL] Starting writing cycle at Sat Mar 21 10:10:01 AM CST 2026
  → Researching topic...
  → Drafting article...
  → Editing content...
[2026-03-21 10:11:06] ✅ Content draft complete
mv: cannot stat '/tmp/status.json': No such file or directory
✍️ [QUILL] ✅ Cycle complete
✍️ [QUILL] Starting writing cycle at Sat Mar 21 10:20:01 AM CST 2026
  → Researching topic...
  → Drafting article...
  → Editing content...
[2026-03-21 10:21:06] ✅ Content draft complete
✍️ [QUILL] ✅ Cycle complete
✍️ [QUILL] Starting writing cycle at Sat Mar 21 10:30:01 AM CST 2026
  → Researching topic...
  → Drafting article...
  → Editing content...
[2026-03-21 10:31:06] ✅ Content draft complete
mv: cannot stat '/tmp/status.json': No such file or directory
✍️ [QUILL] ✅ Cycle complete
✍️ [QUILL] Starting writing cycle at Sat Mar 21 10:40:01 AM CST 2026
  → Researching topic...
  → Drafting article...
  → Editing content...
[2026-03-21 10:41:06] ✅ Content draft complete
mv: cannot stat '/tmp/status.json': No such file or directory
✍️ [QUILL] ✅ Cycle complete
✍️ [QUILL] Starting writing cycle at Sat Mar 21 10:50:01 AM CST 2026
  → Researching topic...
  → Drafting article...
  → Editing content...
[2026-03-21 10:51:06] ✅ Content draft complete
mv: cannot move '/tmp/status.json' to '/root/.openclaw/workspace/mission-control-v2/data/agent-status.json': No such file or directory
✍️ [QUILL] ✅ Cycle complete
✍️ [QUILL] Starting writing cycle at Sat Mar 21 11:00:01 AM CST 2026
  → Researching topic...
  → Drafting article...
  → Editing content...
[2026-03-21 11:01:06] ✅ Content draft complete
mv: cannot stat '/tmp/status.json': No such file or directory
✍️ [QUILL] ✅ Cycle complete
✍️ [QUILL] Starting writing cycle at Sat Mar 21 11:10:01 AM CST 2026
  → Researching topic...
  → Drafting article...
  → Editing content...
[2026-03-21 11:11:06] ✅ Content draft complete
mv: cannot stat '/tmp/status.json': No such file or directory
✍️ [QUILL] ✅ Cycle complete
✍️ [QUILL] Starting writing cycle at Sat Mar 21 11:20:01 AM CST 2026
  → Researching topic...
  → Drafting article...
  → Editing content...
[2026-03-21 11:21:06] ✅ Content draft complete
mv: cannot move '/tmp/status.json' to '/root/.openclaw/workspace/mission-control-v2/data/agent-status.json': No such file or directory
✍️ [QUILL] ✅ Cycle complete
✍️ [QUILL] Starting writing cycle at Sat Mar 21 11:30:01 AM CST 2026
  → Researching topic...
  → Drafting article...
  → Editing content...
[2026-03-21 11:31:06] ✅ Content draft complete
mv: cannot stat '/tmp/status.json': No such file or directory
✍️ [QUILL] ✅ Cycle complete
✍️ [QUILL] Starting writing cycle at Sat Mar 21 11:40:01 AM CST 2026
  → Researching topic...
  → Drafting article...
  → Editing content...
[2026-03-21 11:41:06] ✅ Content draft complete
mv: cannot stat '/tmp/status.json': No such file or directory
✍️ [QUILL] ✅ Cycle complete
✍️ [QUILL] Starting writing cycle at Sat Mar 21 11:50:01 AM CST 2026
  → Researching topic...
  → Drafting article...
  → Editing content...
[2026-03-21 11:51:06] ✅ Content draft complete
✍️ [QUILL] ✅ Cycle complete
✍️ [QUILL] Starting writing cycle at Sat Mar 21 12:00:01 PM CST 2026
  → Researching topic...
  → Drafting article...
  → Editing content...
[2026-03-21 12:01:06] ✅ Content draft complete
mv: cannot stat '/tmp/status.json': No such file or directory
✍️ [QUILL] ✅ Cycle complete
✍️ [QUILL] Starting writing cycle at Sat Mar 21 12:10:01 PM CST 2026
  → Researching topic...
  → Drafting article...
  → Editing content...
[2026-03-21 12:11:06] ✅ Content draft complete
✍️ [QUILL] ✅ Cycle complete
✍️ [QUILL] Starting writing cycle at Sat Mar 21 12:20:01 PM CST 2026
  → Researching topic...
  → Drafting article...
  → Editing content...
[2026-03-21 12:21:06] ✅ Content draft complete
✍️ [QUILL] ✅ Cycle complete
✍️ [QUILL] Starting writing cycle at Sat Mar 21 12:30:01 PM CST 2026
  → Researching topic...
  → Drafting article...
  → Editing content...
[2026-03-21 12:31:06] ✅ Content draft complete
mv: cannot stat '/tmp/status.json': No such file or directory
✍️ [QUILL] ✅ Cycle complete
✍️ [QUILL] Starting writing cycle at Sat Mar 21 12:40:01 PM CST 2026
  → Researching topic...
  → Drafting article...
  → Editing content...
[2026-03-21 12:41:06] ✅ Content draft complete
✍️ [QUILL] ✅ Cycle complete
✍️ [QUILL] Starting writing cycle at Sat Mar 21 12:50:01 PM CST 2026
  → Researching topic...
  → Drafting article...
  → Editing content...
[2026-03-21 12:51:06] ✅ Content draft complete
mv: cannot stat '/tmp/status.json': No such file or directory
✍️ [QUILL] ✅ Cycle complete
✍️ [QUILL] Starting writing cycle at Sat Mar 21 01:00:01 PM CST 2026
  → Researching topic...
  → Drafting article...
  → Editing content...
[2026-03-21 13:01:06] ✅ Content draft complete
✍️ [QUILL] ✅ Cycle complete
✍️ [QUILL] Starting writing cycle at Sat Mar 21 01:10:01 PM CST 2026
  → Researching topic...
  → Drafting article...
  → Editing content...
[2026-03-21 13:11:06] ✅ Content draft complete
✍️ [QUILL] ✅ Cycle complete
✍️ [QUILL] Starting writing cycle at Sat Mar 21 01:20:01 PM CST 2026
  → Researching topic...
  → Drafting article...
  → Editing content...
[2026-03-21 13:21:06] ✅ Content draft complete
✍️ [QUILL] ✅ Cycle complete
✍️ [QUILL] Starting writing cycle at Sat Mar 21 01:30:01 PM CST 2026
  → Researching topic...
  → Drafting article...
  → Editing content...
[2026-03-21 13:31:06] ✅ Content draft complete
✍️ [QUILL] ✅ Cycle complete
✍️ [QUILL] Starting writing cycle at Sat Mar 21 01:40:01 PM CST 2026
  → Researching topic...
  → Drafting article...
  → Editing content...
[2026-03-21 13:41:06] ✅ Content draft complete
✍️ [QUILL] ✅ Cycle complete
✍️ [QUILL] Starting writing cycle at Sat Mar 21 01:50:01 PM CST 2026
  → Researching topic...
  → Drafting article...
  → Editing content...
[2026-03-21 13:51:06] ✅ Content draft complete
mv: cannot stat '/tmp/status.json': No such file or directory
✍️ [QUILL] ✅ Cycle complete
✍️ [QUILL] Starting writing cycle at Sat Mar 21 02:00:01 PM CST 2026
  → Researching topic...
  → Drafting article...
  → Editing content...
[2026-03-21 14:01:06] ✅ Content draft complete
✍️ [QUILL] ✅ Cycle complete
✍️ [QUILL] Starting writing cycle at Sat Mar 21 02:10:01 PM CST 2026
  → Researching topic...
  → Drafting article...
  → Editing content...
[2026-03-21 14:11:06] ✅ Content draft complete
mv: cannot stat '/tmp/status.json': No such file or directory
✍️ [QUILL] ✅ Cycle complete
✍️ [QUILL] Starting writing cycle at Sat Mar 21 02:20:01 PM CST 2026
  → Researching topic...
  → Drafting article...
  → Editing content...
[2026-03-21 14:21:06] ✅ Content draft complete
✍️ [QUILL] ✅ Cycle complete
✍️ [QUILL] Starting writing cycle at Sat Mar 21 02:30:01 PM CST 2026
  → Researching topic...
  → Drafting article...
  → Editing content...
[2026-03-21 14:31:06] ✅ Content draft complete
✍️ [QUILL] ✅ Cycle complete
✍️ [QUILL] Starting writing cycle at Sat Mar 21 02:40:01 PM CST 2026
  → Researching topic...
  → Drafting article...
  → Editing content...
[2026-03-21 14:41:06] ✅ Content draft complete
✍️ [QUILL] ✅ Cycle complete
✍️ [QUILL] Starting writing cycle at Sat Mar 21 02:50:01 PM CST 2026
  → Researching topic...
  → Drafting article...
  → Editing content...
[2026-03-21 14:51:06] ✅ Content draft complete
mv: cannot stat '/tmp/status.json': No such file or directory
✍️ [QUILL] ✅ Cycle complete
✍️ [QUILL] Starting writing cycle at Sat Mar 21 03:00:01 PM CST 2026
  → Researching topic...
  → Drafting article...
  → Editing content...
[2026-03-21 15:01:06] ✅ Content draft complete
mv: cannot stat '/tmp/status.json': No such file or directory
✍️ [QUILL] ✅ Cycle complete
✍️ [QUILL] Starting writing cycle at Sat Mar 21 03:10:01 PM CST 2026
  → Researching topic...
  → Drafting article...
  → Editing content...
[2026-03-21 15:11:06] ✅ Content draft complete
✍️ [QUILL] ✅ Cycle complete
✍️ [QUILL] Starting writing cycle at Sat Mar 21 03:20:01 PM CST 2026
  → Researching topic...
  → Drafting article...
  → Editing content...
[2026-03-21 15:21:06] ✅ Content draft complete
mv: cannot stat '/tmp/status.json': No such file or directory
✍️ [QUILL] ✅ Cycle complete
✍️ [QUILL] Starting writing cycle at Sat Mar 21 03:30:01 PM CST 2026
  → Researching topic...
  → Drafting article...
  → Editing content...
[2026-03-21 15:31:06] ✅ Content draft complete
mv: cannot stat '/tmp/status.json': No such file or directory
✍️ [QUILL] ✅ Cycle complete
✍️ [QUILL] Starting writing cycle at Sat Mar 21 03:40:01 PM CST 2026
  → Researching topic...
  → Drafting article...
  → Editing content...
[2026-03-21 15:41:06] ✅ Content draft complete
✍️ [QUILL] ✅ Cycle complete
✍️ [QUILL] Starting writing cycle at Sat Mar 21 03:50:01 PM CST 2026
  → Researching topic...
  → Drafting article...
  → Editing content...
[2026-03-21 15:51:06] ✅ Content draft complete
✍️ [QUILL] ✅ Cycle complete
✍️ [QUILL] Starting writing cycle at Sat Mar 21 04:00:01 PM CST 2026
  → Researching topic...
  → Drafting article...
  → Editing content...
[2026-03-21 16:01:06] ✅ Content draft complete
✍️ [QUILL] ✅ Cycle complete
✍️ [QUILL] Starting writing cycle at Sat Mar 21 04:10:01 PM CST 2026
  → Researching topic...
  → Drafting article...
  → Editing content...
[2026-03-21 16:11:06] ✅ Content draft complete
✍️ [QUILL] ✅ Cycle complete
✍️ [QUILL] Starting writing cycle at Sat Mar 21 04:20:01 PM CST 2026
  → Researching topic...
  → Drafting article...
  → Editing content...
[2026-03-21 16:21:06] ✅ Content draft complete
✍️ [QUILL] ✅ Cycle complete
✍️ [QUILL] Starting writing cycle at Sat Mar 21 04:30:01 PM CST 2026
  → Researching topic...
  → Drafting article...
  → Editing content...
[2026-03-21 16:31:06] ✅ Content draft complete
✍️ [QUILL] ✅ Cycle complete
✍️ [QUILL] Starting writing cycle at Sat Mar 21 04:40:01 PM CST 2026
  → Researching topic...
  → Drafting article...
  → Editing content...
[2026-03-21 16:41:06] ✅ Content draft complete
✍️ [QUILL] ✅ Cycle complete
✍️ [QUILL] Starting writing cycle at Sat Mar 21 04:50:02 PM CST 2026
  → Researching topic...
  → Drafting article...
  → Editing content...
[2026-03-21 16:51:07] ✅ Content draft complete
mv: cannot stat '/tmp/status.json': No such file or directory
✍️ [QUILL] ✅ Cycle complete
✍️ [QUILL] Starting writing cycle at Sat Mar 21 05:00:01 PM CST 2026
  → Researching topic...
  → Drafting article...
  → Editing content...
[2026-03-21 17:01:06] ✅ Content draft complete
mv: cannot stat '/tmp/status.json': No such file or directory
✍️ [QUILL] ✅ Cycle complete
✍️ [QUILL] Starting writing cycle at Sat Mar 21 05:10:01 PM CST 2026
  → Researching topic...
  → Drafting article...
  → Editing content...
[2026-03-21 17:11:06] ✅ Content draft complete
✍️ [QUILL] ✅ Cycle complete
✍️ [QUILL] Starting writing cycle at Sat Mar 21 05:20:01 PM CST 2026
  → Researching topic...
  → Drafting article...
  → Editing content...
[2026-03-21 17:21:06] ✅ Content draft complete
✍️ [QUILL] ✅ Cycle complete
✍️ [QUILL] Starting writing cycle at Sat Mar 21 05:30:01 PM CST 2026
  → Researching topic...
  → Drafting article...
  → Editing content...
[2026-03-21 17:31:06] ✅ Content draft complete
mv: cannot stat '/tmp/status.json': No such file or directory
✍️ [QUILL] ✅ Cycle complete
✍️ [QUILL] Starting writing cycle at Sat Mar 21 05:40:01 PM CST 2026
  → Researching topic...
  → Drafting article...
  → Editing content...
[2026-03-21 17:41:06] ✅ Content draft complete
✍️ [QUILL] ✅ Cycle complete
✍️ [QUILL] Starting writing cycle at Sat Mar 21 05:50:02 PM CST 2026
  → Researching topic...
  → Drafting article...
  → Editing content...
[2026-03-21 17:51:07] ✅ Content draft complete
mv: cannot stat '/tmp/status.json': No such file or directory
✍️ [QUILL] ✅ Cycle complete
✍️ [QUILL] Starting writing cycle at Sat Mar 21 06:00:01 PM CST 2026
  → Researching topic...
  → Drafting article...
  → Editing content...
[2026-03-21 18:01:06] ✅ Content draft complete
✍️ [QUILL] ✅ Cycle complete
✍️ [QUILL] Starting writing cycle at Sat Mar 21 06:10:01 PM CST 2026
  → Researching topic...
  → Drafting article...
  → Editing content...
[2026-03-21 18:11:06] ✅ Content draft complete
✍️ [QUILL] ✅ Cycle complete
✍️ [QUILL] Starting writing cycle at Sat Mar 21 06:20:01 PM CST 2026
  → Researching topic...
  → Drafting article...
  → Editing content...
[2026-03-21 18:21:06] ✅ Content draft complete
mv: cannot stat '/tmp/status.json': No such file or directory
✍️ [QUILL] ✅ Cycle complete
✍️ [QUILL] Starting writing cycle at Sat Mar 21 06:30:01 PM CST 2026
  → Researching topic...
  → Drafting article...
  → Editing content...
[2026-03-21 18:31:06] ✅ Content draft complete
✍️ [QUILL] ✅ Cycle complete
✍️ [QUILL] Starting writing cycle at Sat Mar 21 06:40:01 PM CST 2026
  → Researching topic...
  → Drafting article...
  → Editing content...
[2026-03-21 18:41:06] ✅ Content draft complete
✍️ [QUILL] ✅ Cycle complete
✍️ [QUILL] Starting writing cycle at Sat Mar 21 06:50:01 PM CST 2026
  → Researching topic...
  → Drafting article...
  → Editing content...
[2026-03-21 18:51:07] ✅ Content draft complete
mv: cannot stat '/tmp/status.json': No such file or directory
✍️ [QUILL] ✅ Cycle complete
✍️ [QUILL] Starting writing cycle at Sat Mar 21 07:00:01 PM CST 2026
  → Researching topic...
  → Drafting article...
  → Editing content...
[2026-03-21 19:01:06] ✅ Content draft complete
✍️ [QUILL] ✅ Cycle complete
✍️ [QUILL] Starting writing cycle at Sat Mar 21 07:10:01 PM CST 2026
  → Researching topic...
  → Drafting article...
  → Editing content...
[2026-03-21 19:11:06] ✅ Content draft complete
mv: cannot stat '/tmp/status.json': No such file or directory
✍️ [QUILL] ✅ Cycle complete
✍️ [QUILL] Starting writing cycle at Sat Mar 21 07:20:01 PM CST 2026
  → Researching topic...
  → Drafting article...
  → Editing content...
[2026-03-21 19:21:06] ✅ Content draft complete
✍️ [QUILL] ✅ Cycle complete
✍️ [QUILL] Starting writing cycle at Sat Mar 21 07:30:01 PM CST 2026
  → Researching topic...
  → Drafting article...
  → Editing content...
[2026-03-21 19:31:06] ✅ Content draft complete
mv: cannot stat '/tmp/status.json': No such file or directory
✍️ [QUILL] ✅ Cycle complete
✍️ [QUILL] Starting writing cycle at Sat Mar 21 07:40:01 PM CST 2026
  → Researching topic...
  → Drafting article...
  → Editing content...
[2026-03-21 19:41:06] ✅ Content draft complete
✍️ [QUILL] ✅ Cycle complete
✍️ [QUILL] Starting writing cycle at Sat Mar 21 07:50:01 PM CST 2026
  → Researching topic...
  → Drafting article...
  → Editing content...
[2026-03-21 19:51:07] ✅ Content draft complete
mv: cannot stat '/tmp/status.json': No such file or directory
✍️ [QUILL] ✅ Cycle complete
✍️ [QUILL] Starting writing cycle at Sat Mar 21 08:00:01 PM CST 2026
  → Researching topic...
  → Drafting article...
  → Editing content...
[2026-03-21 20:01:06] ✅ Content draft complete
mv: cannot stat '/tmp/status.json': No such file or directory
✍️ [QUILL] ✅ Cycle complete
✍️ [QUILL] Starting writing cycle at Sat Mar 21 08:10:01 PM CST 2026
  → Researching topic...
  → Drafting article...
  → Editing content...
[2026-03-21 20:11:06] ✅ Content draft complete
✍️ [QUILL] ✅ Cycle complete
✍️ [QUILL] Starting writing cycle at Sat Mar 21 08:20:01 PM CST 2026
  → Researching topic...
  → Drafting article...
  → Editing content...
[2026-03-21 20:21:06] ✅ Content draft complete
mv: cannot move '/tmp/status.json' to '/root/.openclaw/workspace/mission-control-v2/data/agent-status.json': No such file or directory
✍️ [QUILL] ✅ Cycle complete
✍️ [QUILL] Starting writing cycle at Sat Mar 21 08:30:01 PM CST 2026
  → Researching topic...
  → Drafting article...
  → Editing content...
[2026-03-21 20:31:06] ✅ Content draft complete
mv: cannot stat '/tmp/status.json': No such file or directory
✍️ [QUILL] ✅ Cycle complete
✍️ [QUILL] Starting writing cycle at Sat Mar 21 08:40:01 PM CST 2026
  → Researching topic...
  → Drafting article...
  → Editing content...
[2026-03-21 20:41:06] ✅ Content draft complete
mv: cannot move '/tmp/status.json' to '/root/.openclaw/workspace/mission-control-v2/data/agent-status.json': No such file or directory
✍️ [QUILL] ✅ Cycle complete
✍️ [QUILL] Starting writing cycle at Sat Mar 21 08:50:02 PM CST 2026
  → Researching topic...
  → Drafting article...
  → Editing content...
[2026-03-21 20:51:07] ✅ Content draft complete
✍️ [QUILL] ✅ Cycle complete
✍️ [QUILL] Starting writing cycle at Sat Mar 21 09:00:01 PM CST 2026
  → Researching topic...
  → Drafting article...
  → Editing content...
[2026-03-21 21:01:06] ✅ Content draft complete
mv: cannot stat '/tmp/status.json': No such file or directory
✍️ [QUILL] ✅ Cycle complete
✍️ [QUILL] Starting writing cycle at Sat Mar 21 09:10:01 PM CST 2026
  → Researching topic...
  → Drafting article...
  → Editing content...
[2026-03-21 21:11:06] ✅ Content draft complete
mv: cannot stat '/tmp/status.json': No such file or directory
✍️ [QUILL] ✅ Cycle complete
✍️ [QUILL] Starting writing cycle at Sat Mar 21 09:20:01 PM CST 2026
  → Researching topic...
  → Drafting article...
  → Editing content...
[2026-03-21 21:21:06] ✅ Content draft complete
mv: cannot stat '/tmp/status.json': No such file or directory
✍️ [QUILL] ✅ Cycle complete
✍️ [QUILL] Starting writing cycle at Sat Mar 21 09:30:01 PM CST 2026
  → Researching topic...
  → Drafting article...
  → Editing content...
[2026-03-21 21:31:06] ✅ Content draft complete
✍️ [QUILL] ✅ Cycle complete
✍️ [QUILL] Starting writing cycle at Sat Mar 21 09:40:01 PM CST 2026
  → Researching topic...
  → Drafting article...
  → Editing content...
[2026-03-21 21:41:06] ✅ Content draft complete
mv: cannot stat '/tmp/status.json': No such file or directory
✍️ [QUILL] ✅ Cycle complete
✍️ [QUILL] Starting writing cycle at Sat Mar 21 09:50:01 PM CST 2026
  → Researching topic...
  → Drafting article...
  → Editing content...
[2026-03-21 21:51:06] ✅ Content draft complete
mv: cannot move '/tmp/status.json' to '/root/.openclaw/workspace/mission-control-v2/data/agent-status.json': No such file or directory
✍️ [QUILL] ✅ Cycle complete
✍️ [QUILL] Starting writing cycle at Sat Mar 21 10:00:01 PM CST 2026
  → Researching topic...
  → Drafting article...
  → Editing content...
[2026-03-21 22:01:06] ✅ Content draft complete
✍️ [QUILL] ✅ Cycle complete
✍️ [QUILL] Starting writing cycle at Sat Mar 21 10:10:01 PM CST 2026
  → Researching topic...
  → Drafting article...
  → Editing content...
[2026-03-21 22:11:06] ✅ Content draft complete
mv: cannot stat '/tmp/status.json': No such file or directory
✍️ [QUILL] ✅ Cycle complete
✍️ [QUILL] Starting writing cycle at Sat Mar 21 10:20:01 PM CST 2026
  → Researching topic...
  → Drafting article...
  → Editing content...
[2026-03-21 22:21:06] ✅ Content draft complete
✍️ [QUILL] ✅ Cycle complete
✍️ [QUILL] Starting writing cycle at Sat Mar 21 10:30:01 PM CST 2026
  → Researching topic...
  → Drafting article...
  → Editing content...
[2026-03-21 22:31:06] ✅ Content draft complete
mv: cannot stat '/tmp/status.json': No such file or directory
✍️ [QUILL] ✅ Cycle complete
✍️ [QUILL] Starting writing cycle at Sat Mar 21 10:40:01 PM CST 2026
  → Researching topic...
  → Drafting article...
  → Editing content...
[2026-03-21 22:41:06] ✅ Content draft complete
✍️ [QUILL] ✅ Cycle complete
✍️ [QUILL] Starting writing cycle at Sat Mar 21 10:50:01 PM CST 2026
  → Researching topic...
  → Drafting article...
  → Editing content...
[2026-03-21 22:51:06] ✅ Content draft complete
mv: cannot stat '/tmp/status.json': No such file or directory
✍️ [QUILL] ✅ Cycle complete
✍️ [QUILL] Starting writing cycle at Sat Mar 21 11:00:01 PM CST 2026
  → Researching topic...
  → Drafting article...
  → Editing content...
[2026-03-21 23:01:06] ✅ Content draft complete
✍️ [QUILL] ✅ Cycle complete
✍️ [QUILL] Starting writing cycle at Sat Mar 21 11:10:01 PM CST 2026
  → Researching topic...
  → Drafting article...
  → Editing content...
[2026-03-21 23:11:06] ✅ Content draft complete
✍️ [QUILL] ✅ Cycle complete
✍️ [QUILL] Starting writing cycle at Sat Mar 21 11:20:01 PM CST 2026
  → Researching topic...
  → Drafting article...
  → Editing content...
[2026-03-21 23:21:06] ✅ Content draft complete
✍️ [QUILL] ✅ Cycle complete
✍️ [QUILL] Starting writing cycle at Sat Mar 21 11:30:01 PM CST 2026
  → Researching topic...
  → Drafting article...
  → Editing content...
[2026-03-21 23:31:06] ✅ Content draft complete
✍️ [QUILL] ✅ Cycle complete
✍️ [QUILL] Starting writing cycle at Sat Mar 21 11:40:01 PM CST 2026
  → Researching topic...
  → Drafting article...
  → Editing content...
[2026-03-21 23:41:06] ✅ Content draft complete
✍️ [QUILL] ✅ Cycle complete
✍️ [QUILL] Starting writing cycle at Sat Mar 21 11:50:01 PM CST 2026
  → Researching topic...
  → Drafting article...
  → Editing content...
[2026-03-21 23:51:06] ✅ Content draft complete
✍️ [QUILL] ✅ Cycle complete
✍️ [QUILL] Starting writing cycle at Sun Mar 22 12:00:01 AM CST 2026
  → Researching topic...
  → Drafting article...
  → Editing content...
[2026-03-22 00:01:06] ✅ Content draft complete
mv: cannot stat '/tmp/status.json': No such file or directory
✍️ [QUILL] ✅ Cycle complete
✍️ [QUILL] Starting writing cycle at Sun Mar 22 12:10:01 AM CST 2026
  → Researching topic...
  → Drafting article...
  → Editing content...
[2026-03-22 00:11:06] ✅ Content draft complete
mv: cannot move '/tmp/status.json' to '/root/.openclaw/workspace/mission-control-v2/data/agent-status.json': No such file or directory
✍️ [QUILL] ✅ Cycle complete
✍️ [QUILL] Starting writing cycle at Sun Mar 22 12:20:01 AM CST 2026
  → Researching topic...
  → Drafting article...
  → Editing content...
[2026-03-22 00:21:06] ✅ Content draft complete
mv: cannot move '/tmp/status.json' to '/root/.openclaw/workspace/mission-control-v2/data/agent-status.json': No such file or directory
✍️ [QUILL] ✅ Cycle complete
✍️ [QUILL] Starting writing cycle at Sun Mar 22 12:30:01 AM CST 2026
  → Researching topic...
  → Drafting article...
  → Editing content...
[2026-03-22 00:31:06] ✅ Content draft complete
✍️ [QUILL] ✅ Cycle complete
✍️ [QUILL] Starting writing cycle at Sun Mar 22 12:40:01 AM CST 2026
  → Researching topic...
  → Drafting article...
  → Editing content...
[2026-03-22 00:41:06] ✅ Content draft complete
mv: cannot stat '/tmp/status.json': No such file or directory
✍️ [QUILL] ✅ Cycle complete
✍️ [QUILL] Starting writing cycle at Sun Mar 22 12:50:01 AM CST 2026
  → Researching topic...
  → Drafting article...
  → Editing content...
[2026-03-22 00:51:06] ✅ Content draft complete
mv: cannot stat '/tmp/status.json': No such file or directory
✍️ [QUILL] ✅ Cycle complete
✍️ [QUILL] Starting writing cycle at Sun Mar 22 01:00:01 AM CST 2026
  → Researching topic...
  → Drafting article...
  → Editing content...
[2026-03-22 01:01:06] ✅ Content draft complete
✍️ [QUILL] ✅ Cycle complete
✍️ [QUILL] Starting writing cycle at Sun Mar 22 01:10:01 AM CST 2026
  → Researching topic...
  → Drafting article...
  → Editing content...
[2026-03-22 01:11:06] ✅ Content draft complete
✍️ [QUILL] ✅ Cycle complete
✍️ [QUILL] Starting writing cycle at Sun Mar 22 01:20:01 AM CST 2026
  → Researching topic...
  → Drafting article...
  → Editing content...
[2026-03-22 01:21:06] ✅ Content draft complete
mv: cannot stat '/tmp/status.json': No such file or directory
✍️ [QUILL] ✅ Cycle complete
✍️ [QUILL] Starting writing cycle at Sun Mar 22 01:30:01 AM CST 2026
  → Researching topic...
  → Drafting article...
  → Editing content...
[2026-03-22 01:31:06] ✅ Content draft complete
mv: cannot stat '/tmp/status.json': No such file or directory
✍️ [QUILL] ✅ Cycle complete
✍️ [QUILL] Starting writing cycle at Sun Mar 22 01:40:01 AM CST 2026
  → Researching topic...
  → Drafting article...
  → Editing content...
[2026-03-22 01:41:06] ✅ Content draft complete
mv: cannot stat '/tmp/status.json': No such file or directory
✍️ [QUILL] ✅ Cycle complete
✍️ [QUILL] Starting writing cycle at Sun Mar 22 01:50:01 AM CST 2026
  → Researching topic...
  → Drafting article...
  → Editing content...
[2026-03-22 01:51:06] ✅ Content draft complete
mv: cannot move '/tmp/status.json' to '/root/.openclaw/workspace/mission-control-v2/data/agent-status.json': No such file or directory
✍️ [QUILL] ✅ Cycle complete
✍️ [QUILL] Starting writing cycle at Sun Mar 22 02:00:01 AM CST 2026
  → Researching topic...
  → Drafting article...
  → Editing content...
[2026-03-22 02:01:06] ✅ Content draft complete
✍️ [QUILL] ✅ Cycle complete
✍️ [QUILL] Starting writing cycle at Sun Mar 22 02:10:01 AM CST 2026
  → Researching topic...
  → Drafting article...
  → Editing content...
[2026-03-22 02:11:06] ✅ Content draft complete
mv: cannot stat '/tmp/status.json': No such file or directory
✍️ [QUILL] ✅ Cycle complete
✍️ [QUILL] Starting writing cycle at Sun Mar 22 02:20:01 AM CST 2026
  → Researching topic...
  → Drafting article...
  → Editing content...
[2026-03-22 02:21:06] ✅ Content draft complete
✍️ [QUILL] ✅ Cycle complete
✍️ [QUILL] Starting writing cycle at Sun Mar 22 02:30:01 AM CST 2026
  → Researching topic...
  → Drafting article...
  → Editing content...
[2026-03-22 02:31:06] ✅ Content draft complete
✍️ [QUILL] ✅ Cycle complete
✍️ [QUILL] Starting writing cycle at Sun Mar 22 02:40:01 AM CST 2026
  → Researching topic...
  → Drafting article...
  → Editing content...
[2026-03-22 02:41:06] ✅ Content draft complete
mv: cannot stat '/tmp/status.json': No such file or directory
✍️ [QUILL] ✅ Cycle complete
✍️ [QUILL] Starting writing cycle at Sun Mar 22 02:50:01 AM CST 2026
  → Researching topic...
  → Drafting article...
  → Editing content...
[2026-03-22 02:51:06] ✅ Content draft complete
✍️ [QUILL] ✅ Cycle complete
✍️ [QUILL] Starting writing cycle at Sun Mar 22 03:00:01 AM CST 2026
  → Researching topic...
  → Drafting article...
  → Editing content...
[2026-03-22 03:01:06] ✅ Content draft complete
✍️ [QUILL] ✅ Cycle complete
✍️ [QUILL] Starting writing cycle at Sun Mar 22 03:10:01 AM CST 2026
  → Researching topic...
  → Drafting article...
  → Editing content...
[2026-03-22 03:11:06] ✅ Content draft complete
mv: cannot stat '/tmp/status.json': No such file or directory
✍️ [QUILL] ✅ Cycle complete
✍️ [QUILL] Starting writing cycle at Sun Mar 22 03:20:01 AM CST 2026
  → Researching topic...
  → Drafting article...
  → Editing content...
[2026-03-22 03:21:06] ✅ Content draft complete
✍️ [QUILL] ✅ Cycle complete
✍️ [QUILL] Starting writing cycle at Sun Mar 22 03:30:01 AM CST 2026
  → Researching topic...
  → Drafting article...
  → Editing content...
[2026-03-22 03:31:06] ✅ Content draft complete
✍️ [QUILL] ✅ Cycle complete
✍️ [QUILL] Starting writing cycle at Sun Mar 22 03:40:01 AM CST 2026
  → Researching topic...
  → Drafting article...
  → Editing content...
[2026-03-22 03:41:06] ✅ Content draft complete
mv: cannot stat '/tmp/status.json': No such file or directory
✍️ [QUILL] ✅ Cycle complete
✍️ [QUILL] Starting writing cycle at Sun Mar 22 03:50:01 AM CST 2026
  → Researching topic...
  → Drafting article...
  → Editing content...
[2026-03-22 03:51:06] ✅ Content draft complete
✍️ [QUILL] ✅ Cycle complete
✍️ [QUILL] Starting writing cycle at Sun Mar 22 04:00:01 AM CST 2026
  → Researching topic...
  → Drafting article...
  → Editing content...
[2026-03-22 04:01:06] ✅ Content draft complete
mv: cannot stat '/tmp/status.json': No such file or directory
✍️ [QUILL] ✅ Cycle complete
✍️ [QUILL] Starting writing cycle at Sun Mar 22 04:10:01 AM CST 2026
  → Researching topic...
  → Drafting article...
  → Editing content...
[2026-03-22 04:11:06] ✅ Content draft complete
✍️ [QUILL] ✅ Cycle complete
✍️ [QUILL] Starting writing cycle at Sun Mar 22 04:20:01 AM CST 2026
  → Researching topic...
  → Drafting article...
  → Editing content...
[2026-03-22 04:21:06] ✅ Content draft complete
✍️ [QUILL] ✅ Cycle complete
✍️ [QUILL] Starting writing cycle at Sun Mar 22 04:30:01 AM CST 2026
  → Researching topic...
  → Drafting article...
  → Editing content...
[2026-03-22 04:31:06] ✅ Content draft complete
✍️ [QUILL] ✅ Cycle complete
✍️ [QUILL] Starting writing cycle at Sun Mar 22 04:40:01 AM CST 2026
  → Researching topic...
  → Drafting article...
  → Editing content...
[2026-03-22 04:41:06] ✅ Content draft complete
✍️ [QUILL] ✅ Cycle complete
✍️ [QUILL] Starting writing cycle at Sun Mar 22 04:50:01 AM CST 2026
  → Researching topic...
  → Drafting article...
  → Editing content...
[2026-03-22 04:51:06] ✅ Content draft complete
✍️ [QUILL] ✅ Cycle complete
✍️ [QUILL] Starting writing cycle at Sun Mar 22 05:00:01 AM CST 2026
  → Researching topic...
  → Drafting article...
  → Editing content...
[2026-03-22 05:01:06] ✅ Content draft complete
✍️ [QUILL] ✅ Cycle complete
✍️ [QUILL] Starting writing cycle at Sun Mar 22 05:10:01 AM CST 2026
  → Researching topic...
  → Drafting article...
  → Editing content...
[2026-03-22 05:11:06] ✅ Content draft complete
mv: cannot stat '/tmp/status.json': No such file or directory
✍️ [QUILL] ✅ Cycle complete
✍️ [QUILL] Starting writing cycle at Sun Mar 22 05:20:01 AM CST 2026
  → Researching topic...
  → Drafting article...
  → Editing content...
[2026-03-22 05:21:06] ✅ Content draft complete
mv: cannot stat '/tmp/status.json': No such file or directory
✍️ [QUILL] ✅ Cycle complete
✍️ [QUILL] Starting writing cycle at Sun Mar 22 05:30:01 AM CST 2026
  → Researching topic...
  → Drafting article...
  → Editing content...
[2026-03-22 05:31:06] ✅ Content draft complete
mv: cannot stat '/tmp/status.json': No such file or directory
✍️ [QUILL] ✅ Cycle complete
✍️ [QUILL] Starting writing cycle at Sun Mar 22 05:40:01 AM CST 2026
  → Researching topic...
  → Drafting article...
  → Editing content...
[2026-03-22 05:41:06] ✅ Content draft complete
mv: cannot stat '/tmp/status.json': No such file or directory
✍️ [QUILL] ✅ Cycle complete
✍️ [QUILL] Starting writing cycle at Sun Mar 22 05:50:01 AM CST 2026
  → Researching topic...
  → Drafting article...
  → Editing content...
[2026-03-22 05:51:06] ✅ Content draft complete
✍️ [QUILL] ✅ Cycle complete
✍️ [QUILL] Starting writing cycle at Sun Mar 22 06:00:01 AM CST 2026
  → Researching topic...
  → Drafting article...
  → Editing content...
[2026-03-22 06:01:06] ✅ Content draft complete
mv: cannot stat '/tmp/status.json': No such file or directory
✍️ [QUILL] ✅ Cycle complete
✍️ [QUILL] Starting writing cycle at Sun Mar 22 06:10:01 AM CST 2026
  → Researching topic...
  → Drafting article...
  → Editing content...
[2026-03-22 06:11:06] ✅ Content draft complete
✍️ [QUILL] ✅ Cycle complete
✍️ [QUILL] Starting writing cycle at Sun Mar 22 06:20:01 AM CST 2026
  → Researching topic...
  → Drafting article...
  → Editing content...
[2026-03-22 06:21:06] ✅ Content draft complete
mv: cannot stat '/tmp/status.json': No such file or directory
✍️ [QUILL] ✅ Cycle complete
✍️ [QUILL] Starting writing cycle at Sun Mar 22 06:30:01 AM CST 2026
  → Researching topic...
  → Drafting article...
  → Editing content...
[2026-03-22 06:31:06] ✅ Content draft complete
✍️ [QUILL] ✅ Cycle complete
✍️ [QUILL] Starting writing cycle at Sun Mar 22 06:40:01 AM CST 2026
  → Researching topic...
  → Drafting article...
  → Editing content...
[2026-03-22 06:41:06] ✅ Content draft complete
✍️ [QUILL] ✅ Cycle complete
✍️ [QUILL] Starting writing cycle at Sun Mar 22 06:50:01 AM CST 2026
  → Researching topic...
  → Drafting article...
  → Editing content...
[2026-03-22 06:51:06] ✅ Content draft complete
✍️ [QUILL] ✅ Cycle complete
✍️ [QUILL] Starting writing cycle at Sun Mar 22 07:00:02 AM CST 2026
  → Researching topic...
  → Drafting article...
  → Editing content...
[2026-03-22 07:01:07] ✅ Content draft complete
mv: cannot stat '/tmp/status.json': No such file or directory
✍️ [QUILL] ✅ Cycle complete
✍️ [QUILL] Starting writing cycle at Sun Mar 22 07:10:01 AM CST 2026
  → Researching topic...
  → Drafting article...
  → Editing content...
[2026-03-22 07:11:06] ✅ Content draft complete
✍️ [QUILL] ✅ Cycle complete
✍️ [QUILL] Starting writing cycle at Sun Mar 22 07:20:01 AM CST 2026
  → Researching topic...
  → Drafting article...
  → Editing content...
[2026-03-22 07:21:06] ✅ Content draft complete
mv: cannot stat '/tmp/status.json': No such file or directory
✍️ [QUILL] ✅ Cycle complete
✍️ [QUILL] Starting writing cycle at Sun Mar 22 07:30:01 AM CST 2026
  → Researching topic...
  → Drafting article...
  → Editing content...
[2026-03-22 07:31:06] ✅ Content draft complete
✍️ [QUILL] ✅ Cycle complete
✍️ [QUILL] Starting writing cycle at Sun Mar 22 07:40:01 AM CST 2026
  → Researching topic...
  → Drafting article...
  → Editing content...
[2026-03-22 07:41:06] ✅ Content draft complete
✍️ [QUILL] ✅ Cycle complete
✍️ [QUILL] Starting writing cycle at Sun Mar 22 07:50:01 AM CST 2026
  → Researching topic...
  → Drafting article...
  → Editing content...
[2026-03-22 07:51:06] ✅ Content draft complete
✍️ [QUILL] ✅ Cycle complete
✍️ [QUILL] Starting writing cycle at Sun Mar 22 08:00:01 AM CST 2026
  → Researching topic...
  → Drafting article...
  → Editing content...
[2026-03-22 08:01:06] ✅ Content draft complete
✍️ [QUILL] ✅ Cycle complete
✍️ [QUILL] Starting writing cycle at Sun Mar 22 08:10:01 AM CST 2026
  → Researching topic...
  → Drafting article...
  → Editing content...
[2026-03-22 08:11:06] ✅ Content draft complete
✍️ [QUILL] ✅ Cycle complete
✍️ [QUILL] Starting writing cycle at Sun Mar 22 08:20:01 AM CST 2026
  → Researching topic...
  → Drafting article...
  → Editing content...
[2026-03-22 08:21:06] ✅ Content draft complete
✍️ [QUILL] ✅ Cycle complete
✍️ [QUILL] Starting writing cycle at Sun Mar 22 08:30:01 AM CST 2026
  → Researching topic...
  → Drafting article...
  → Editing content...
[2026-03-22 08:31:06] ✅ Content draft complete
✍️ [QUILL] ✅ Cycle complete
✍️ [QUILL] Starting writing cycle at Sun Mar 22 08:40:01 AM CST 2026
  → Researching topic...
  → Drafting article...
  → Editing content...
[2026-03-22 08:41:06] ✅ Content draft complete
✍️ [QUILL] ✅ Cycle complete
✍️ [QUILL] Starting writing cycle at Sun Mar 22 08:50:01 AM CST 2026
  → Researching topic...
  → Drafting article...
  → Editing content...
[2026-03-22 08:51:06] ✅ Content draft complete
✍️ [QUILL] ✅ Cycle complete
✍️ [QUILL] Starting writing cycle at Sun Mar 22 09:00:01 AM CST 2026
  → Researching topic...
  → Drafting article...
  → Editing content...
[2026-03-22 09:01:06] ✅ Content draft complete
✍️ [QUILL] ✅ Cycle complete
✍️ [QUILL] Starting writing cycle at Sun Mar 22 09:10:01 AM CST 2026
  → Researching topic...
  → Drafting article...
  → Editing content...
[2026-03-22 09:11:06] ✅ Content draft complete
mv: cannot stat '/tmp/status.json': No such file or directory
✍️ [QUILL] ✅ Cycle complete
✍️ [QUILL] Starting writing cycle at Sun Mar 22 09:20:01 AM CST 2026
  → Researching topic...
  → Drafting article...
  → Editing content...
[2026-03-22 09:21:06] ✅ Content draft complete
mv: cannot move '/tmp/status.json' to '/root/.openclaw/workspace/mission-control-v2/data/agent-status.json': No such file or directory
✍️ [QUILL] ✅ Cycle complete
✍️ [QUILL] Starting writing cycle at Sun Mar 22 09:30:01 AM CST 2026
  → Researching topic...
  → Drafting article...
  → Editing content...
[2026-03-22 09:31:06] ✅ Content draft complete
mv: cannot stat '/tmp/status.json': No such file or directory
✍️ [QUILL] ✅ Cycle complete
✍️ [QUILL] Starting writing cycle at Sun Mar 22 09:40:01 AM CST 2026
  → Researching topic...
  → Drafting article...
  → Editing content...
[2026-03-22 09:41:06] ✅ Content draft complete
✍️ [QUILL] ✅ Cycle complete
✍️ [QUILL] Starting writing cycle at Sun Mar 22 09:50:01 AM CST 2026
  → Researching topic...
  → Drafting article...
  → Editing content...
[2026-03-22 09:51:06] ✅ Content draft complete
✍️ [QUILL] ✅ Cycle complete
✍️ [QUILL] Starting writing cycle at Sun Mar 22 10:00:01 AM CST 2026
  → Researching topic...
  → Drafting article...
  → Editing content...
[2026-03-22 10:01:06] ✅ Content draft complete
✍️ [QUILL] ✅ Cycle complete
✍️ [QUILL] Starting writing cycle at Sun Mar 22 10:10:01 AM CST 2026
  → Researching topic...
  → Drafting article...
  → Editing content...
[2026-03-22 10:11:06] ✅ Content draft complete
✍️ [QUILL] ✅ Cycle complete
✍️ [QUILL] Starting writing cycle at Sun Mar 22 10:20:01 AM CST 2026
  → Researching topic...
  → Drafting article...
  → Editing content...
[2026-03-22 10:21:06] ✅ Content draft complete
mv: cannot stat '/tmp/status.json': No such file or directory
✍️ [QUILL] ✅ Cycle complete
✍️ [QUILL] Starting writing cycle at Sun Mar 22 10:30:01 AM CST 2026
  → Researching topic...
  → Drafting article...
  → Editing content...
[2026-03-22 10:31:06] ✅ Content draft complete
✍️ [QUILL] ✅ Cycle complete
✍️ [QUILL] Starting writing cycle at Sun Mar 22 10:40:01 AM CST 2026
  → Researching topic...
  → Drafting article...
  → Editing content...
[2026-03-22 10:41:06] ✅ Content draft complete
✍️ [QUILL] ✅ Cycle complete
✍️ [QUILL] Starting writing cycle at Sun Mar 22 10:50:01 AM CST 2026
  → Researching topic...
  → Drafting article...
  → Editing content...
[2026-03-22 10:51:06] ✅ Content draft complete
✍️ [QUILL] ✅ Cycle complete
✍️ [QUILL] Starting writing cycle at Sun Mar 22 11:00:01 AM CST 2026
  → Researching topic...
  → Drafting article...
  → Editing content...
[2026-03-22 11:01:06] ✅ Content draft complete
mv: cannot stat '/tmp/status.json': No such file or directory
✍️ [QUILL] ✅ Cycle complete
✍️ [QUILL] Starting writing cycle at Sun Mar 22 11:10:01 AM CST 2026
  → Researching topic...
  → Drafting article...
  → Editing content...
[2026-03-22 11:11:06] ✅ Content draft complete
mv: cannot stat '/tmp/status.json': No such file or directory
✍️ [QUILL] ✅ Cycle complete
✍️ [QUILL] Starting writing cycle at Sun Mar 22 11:20:01 AM CST 2026
  → Researching topic...
  → Drafting article...
  → Editing content...
[2026-03-22 11:21:06] ✅ Content draft complete
mv: cannot stat '/tmp/status.json': No such file or directory
✍️ [QUILL] ✅ Cycle complete
✍️ [QUILL] Starting writing cycle at Sun Mar 22 11:30:01 AM CST 2026
  → Researching topic...
  → Drafting article...
  → Editing content...
[2026-03-22 11:31:06] ✅ Content draft complete
✍️ [QUILL] ✅ Cycle complete
✍️ [QUILL] Starting writing cycle at Sun Mar 22 11:40:01 AM CST 2026
  → Researching topic...
  → Drafting article...
  → Editing content...
[2026-03-22 11:41:06] ✅ Content draft complete
mv: cannot stat '/tmp/status.json': No such file or directory
✍️ [QUILL] ✅ Cycle complete
✍️ [QUILL] Starting writing cycle at Sun Mar 22 11:50:01 AM CST 2026
  → Researching topic...
  → Drafting article...
  → Editing content...
[2026-03-22 11:51:06] ✅ Content draft complete
✍️ [QUILL] ✅ Cycle complete
✍️ [QUILL] Starting writing cycle at Sun Mar 22 12:00:01 PM CST 2026
  → Researching topic...
  → Drafting article...
  → Editing content...
[2026-03-22 12:01:06] ✅ Content draft complete
✍️ [QUILL] ✅ Cycle complete
✍️ [QUILL] Starting writing cycle at Sun Mar 22 12:10:01 PM CST 2026
  → Researching topic...
  → Drafting article...
  → Editing content...
[2026-03-22 12:11:06] ✅ Content draft complete
mv: cannot stat '/tmp/status.json': No such file or directory
✍️ [QUILL] ✅ Cycle complete
✍️ [QUILL] Starting writing cycle at Sun Mar 22 12:20:01 PM CST 2026
  → Researching topic...
  → Drafting article...
  → Editing content...
[2026-03-22 12:21:06] ✅ Content draft complete
✍️ [QUILL] ✅ Cycle complete
✍️ [QUILL] Starting writing cycle at Sun Mar 22 12:30:01 PM CST 2026
  → Researching topic...
  → Drafting article...
  → Editing content...
[2026-03-22 12:31:06] ✅ Content draft complete
mv: cannot stat '/tmp/status.json': No such file or directory
✍️ [QUILL] ✅ Cycle complete
✍️ [QUILL] Starting writing cycle at Sun Mar 22 12:40:01 PM CST 2026
  → Researching topic...
  → Drafting article...
  → Editing content...
[2026-03-22 12:41:06] ✅ Content draft complete
✍️ [QUILL] ✅ Cycle complete
✍️ [QUILL] Starting writing cycle at Sun Mar 22 12:50:01 PM CST 2026
  → Researching topic...
  → Drafting article...
  → Editing content...
[2026-03-22 12:51:06] ✅ Content draft complete
mv: cannot stat '/tmp/status.json': No such file or directory
✍️ [QUILL] ✅ Cycle complete
✍️ [QUILL] Starting writing cycle at Sun Mar 22 01:00:01 PM CST 2026
  → Researching topic...
  → Drafting article...
  → Editing content...
[2026-03-22 13:01:06] ✅ Content draft complete
✍️ [QUILL] ✅ Cycle complete
✍️ [QUILL] Starting writing cycle at Sun Mar 22 01:10:01 PM CST 2026
  → Researching topic...
  → Drafting article...
  → Editing content...
[2026-03-22 13:11:06] ✅ Content draft complete
mv: cannot stat '/tmp/status.json': No such file or directory
✍️ [QUILL] ✅ Cycle complete
✍️ [QUILL] Starting writing cycle at Sun Mar 22 01:20:01 PM CST 2026
  → Researching topic...
  → Drafting article...
  → Editing content...
[2026-03-22 13:21:06] ✅ Content draft complete
✍️ [QUILL] ✅ Cycle complete
✍️ [QUILL] Starting writing cycle at Sun Mar 22 01:30:01 PM CST 2026
  → Researching topic...
  → Drafting article...
  → Editing content...
[2026-03-22 13:31:06] ✅ Content draft complete
✍️ [QUILL] ✅ Cycle complete
✍️ [QUILL] Starting writing cycle at Sun Mar 22 01:40:01 PM CST 2026
  → Researching topic...
  → Drafting article...
  → Editing content...
[2026-03-22 13:41:06] ✅ Content draft complete
✍️ [QUILL] ✅ Cycle complete
✍️ [QUILL] Starting writing cycle at Sun Mar 22 01:50:01 PM CST 2026
  → Researching topic...
  → Drafting article...
  → Editing content...
[2026-03-22 13:51:06] ✅ Content draft complete
mv: cannot stat '/tmp/status.json': No such file or directory
✍️ [QUILL] ✅ Cycle complete
✍️ [QUILL] Starting writing cycle at Sun Mar 22 02:00:01 PM CST 2026
  → Researching topic...
  → Drafting article...
  → Editing content...
[2026-03-22 14:01:06] ✅ Content draft complete
mv: cannot stat '/tmp/status.json': No such file or directory
✍️ [QUILL] ✅ Cycle complete
✍️ [QUILL] Starting writing cycle at Sun Mar 22 02:10:01 PM CST 2026
  → Researching topic...
  → Drafting article...
  → Editing content...
[2026-03-22 14:11:06] ✅ Content draft complete
✍️ [QUILL] ✅ Cycle complete
✍️ [QUILL] Starting writing cycle at Sun Mar 22 02:20:01 PM CST 2026
  → Researching topic...
  → Drafting article...
  → Editing content...
[2026-03-22 14:21:06] ✅ Content draft complete
✍️ [QUILL] ✅ Cycle complete
✍️ [QUILL] Starting writing cycle at Sun Mar 22 02:30:01 PM CST 2026
  → Researching topic...
  → Drafting article...
  → Editing content...
[2026-03-22 14:31:06] ✅ Content draft complete
mv: cannot stat '/tmp/status.json': No such file or directory
✍️ [QUILL] ✅ Cycle complete
✍️ [QUILL] Starting writing cycle at Sun Mar 22 02:40:01 PM CST 2026
  → Researching topic...
  → Drafting article...
  → Editing content...
[2026-03-22 14:41:06] ✅ Content draft complete
mv: cannot stat '/tmp/status.json': No such file or directory
✍️ [QUILL] ✅ Cycle complete
✍️ [QUILL] Starting writing cycle at Sun Mar 22 02:50:01 PM CST 2026
  → Researching topic...
  → Drafting article...
  → Editing content...
[2026-03-22 14:51:06] ✅ Content draft complete
✍️ [QUILL] ✅ Cycle complete
✍️ [QUILL] Starting writing cycle at Sun Mar 22 03:00:01 PM CST 2026
  → Researching topic...
  → Drafting article...
  → Editing content...
[2026-03-22 15:01:06] ✅ Content draft complete
✍️ [QUILL] ✅ Cycle complete
✍️ [QUILL] Starting writing cycle at Sun Mar 22 03:10:01 PM CST 2026
  → Researching topic...
  → Drafting article...
  → Editing content...
[2026-03-22 15:11:06] ✅ Content draft complete
mv: cannot stat '/tmp/status.json': No such file or directory
✍️ [QUILL] ✅ Cycle complete
✍️ [QUILL] Starting writing cycle at Sun Mar 22 03:20:01 PM CST 2026
  → Researching topic...
  → Drafting article...
  → Editing content...
[2026-03-22 15:21:06] ✅ Content draft complete
✍️ [QUILL] ✅ Cycle complete
✍️ [QUILL] Starting writing cycle at Sun Mar 22 03:30:01 PM CST 2026
  → Researching topic...
  → Drafting article...
  → Editing content...
[2026-03-22 15:31:06] ✅ Content draft complete
mv: cannot stat '/tmp/status.json': No such file or directory
✍️ [QUILL] ✅ Cycle complete
✍️ [QUILL] Starting writing cycle at Sun Mar 22 03:40:01 PM CST 2026
  → Researching topic...
  → Drafting article...
  → Editing content...
[2026-03-22 15:41:06] ✅ Content draft complete
✍️ [QUILL] ✅ Cycle complete
✍️ [QUILL] Starting writing cycle at Sun Mar 22 03:50:01 PM CST 2026
  → Researching topic...
  → Drafting article...
  → Editing content...
[2026-03-22 15:51:06] ✅ Content draft complete
✍️ [QUILL] ✅ Cycle complete
✍️ [QUILL] Starting writing cycle at Sun Mar 22 04:00:01 PM CST 2026
  → Researching topic...
  → Drafting article...
  → Editing content...
[2026-03-22 16:01:06] ✅ Content draft complete
mv: cannot stat '/tmp/status.json': No such file or directory
✍️ [QUILL] ✅ Cycle complete
✍️ [QUILL] Starting writing cycle at Sun Mar 22 04:10:01 PM CST 2026
  → Researching topic...
  → Drafting article...
  → Editing content...
[2026-03-22 16:11:06] ✅ Content draft complete
✍️ [QUILL] ✅ Cycle complete
✍️ [QUILL] Starting writing cycle at Sun Mar 22 04:20:01 PM CST 2026
  → Researching topic...
  → Drafting article...
  → Editing content...
[2026-03-22 16:21:06] ✅ Content draft complete
✍️ [QUILL] ✅ Cycle complete
✍️ [QUILL] Starting writing cycle at Sun Mar 22 04:30:01 PM CST 2026
  → Researching topic...
  → Drafting article...
  → Editing content...
[2026-03-22 16:31:06] ✅ Content draft complete
mv: cannot stat '/tmp/status.json': No such file or directory
✍️ [QUILL] ✅ Cycle complete
✍️ [QUILL] Starting writing cycle at Sun Mar 22 04:40:01 PM CST 2026
  → Researching topic...
  → Drafting article...
  → Editing content...
[2026-03-22 16:41:06] ✅ Content draft complete
✍️ [QUILL] ✅ Cycle complete
✍️ [QUILL] Starting writing cycle at Sun Mar 22 04:50:01 PM CST 2026
  → Researching topic...
  → Drafting article...
  → Editing content...
[2026-03-22 16:51:06] ✅ Content draft complete
✍️ [QUILL] ✅ Cycle complete
✍️ [QUILL] Starting writing cycle at Sun Mar 22 05:00:01 PM CST 2026
  → Researching topic...
  → Drafting article...
  → Editing content...
[2026-03-22 17:01:06] ✅ Content draft complete
mv: cannot stat '/tmp/status.json': No such file or directory
✍️ [QUILL] ✅ Cycle complete
✍️ [QUILL] Starting writing cycle at Sun Mar 22 05:10:01 PM CST 2026
  → Researching topic...
  → Drafting article...
  → Editing content...
[2026-03-22 17:11:06] ✅ Content draft complete
mv: cannot stat '/tmp/status.json': No such file or directory
✍️ [QUILL] ✅ Cycle complete
✍️ [QUILL] Starting writing cycle at Sun Mar 22 05:20:01 PM CST 2026
  → Researching topic...
  → Drafting article...
  → Editing content...
[2026-03-22 17:21:06] ✅ Content draft complete
✍️ [QUILL] ✅ Cycle complete
✍️ [QUILL] Starting writing cycle at Sun Mar 22 05:30:01 PM CST 2026
  → Researching topic...
  → Drafting article...
  → Editing content...
[2026-03-22 17:31:06] ✅ Content draft complete
✍️ [QUILL] ✅ Cycle complete
✍️ [QUILL] Starting writing cycle at Sun Mar 22 05:40:01 PM CST 2026
  → Researching topic...
  → Drafting article...
  → Editing content...
[2026-03-22 17:41:06] ✅ Content draft complete
mv: cannot move '/tmp/status.json' to '/root/.openclaw/workspace/mission-control-v2/data/agent-status.json': No such file or directory
✍️ [QUILL] ✅ Cycle complete
✍️ [QUILL] Starting writing cycle at Sun Mar 22 05:50:01 PM CST 2026
  → Researching topic...
  → Drafting article...
  → Editing content...
[2026-03-22 17:51:06] ✅ Content draft complete
✍️ [QUILL] ✅ Cycle complete
✍️ [QUILL] Starting writing cycle at Sun Mar 22 06:00:01 PM CST 2026
  → Researching topic...
  → Drafting article...
  → Editing content...
[2026-03-22 18:01:06] ✅ Content draft complete
mv: cannot stat '/tmp/status.json': No such file or directory
✍️ [QUILL] ✅ Cycle complete
✍️ [QUILL] Starting writing cycle at Sun Mar 22 06:10:01 PM CST 2026
  → Researching topic...
  → Drafting article...
  → Editing content...
[2026-03-22 18:11:06] ✅ Content draft complete
✍️ [QUILL] ✅ Cycle complete
✍️ [QUILL] Starting writing cycle at Sun Mar 22 06:20:01 PM CST 2026
  → Researching topic...
  → Drafting article...
  → Editing content...
[2026-03-22 18:21:06] ✅ Content draft complete
✍️ [QUILL] ✅ Cycle complete
✍️ [QUILL] Starting writing cycle at Sun Mar 22 06:30:01 PM CST 2026
  → Researching topic...
  → Drafting article...
  → Editing content...
[2026-03-22 18:31:06] ✅ Content draft complete
mv: cannot stat '/tmp/status.json': No such file or directory
✍️ [QUILL] ✅ Cycle complete
✍️ [QUILL] Starting writing cycle at Sun Mar 22 06:40:01 PM CST 2026
  → Researching topic...
  → Drafting article...
  → Editing content...
[2026-03-22 18:41:06] ✅ Content draft complete
✍️ [QUILL] ✅ Cycle complete
✍️ [QUILL] Starting writing cycle at Sun Mar 22 06:50:01 PM CST 2026
  → Researching topic...
  → Drafting article...
  → Editing content...
[2026-03-22 18:51:06] ✅ Content draft complete
mv: cannot stat '/tmp/status.json': No such file or directory
✍️ [QUILL] ✅ Cycle complete
✍️ [QUILL] Starting writing cycle at Sun Mar 22 07:00:01 PM CST 2026
  → Researching topic...
  → Drafting article...
  → Editing content...
[2026-03-22 19:01:06] ✅ Content draft complete
✍️ [QUILL] ✅ Cycle complete
✍️ [QUILL] Starting writing cycle at Sun Mar 22 07:10:01 PM CST 2026
  → Researching topic...
  → Drafting article...
  → Editing content...
[2026-03-22 19:11:06] ✅ Content draft complete
✍️ [QUILL] ✅ Cycle complete
✍️ [QUILL] Starting writing cycle at Sun Mar 22 07:20:01 PM CST 2026
  → Researching topic...
  → Drafting article...
  → Editing content...
[2026-03-22 19:21:06] ✅ Content draft complete
mv: cannot move '/tmp/status.json' to '/root/.openclaw/workspace/mission-control-v2/data/agent-status.json': No such file or directory
✍️ [QUILL] ✅ Cycle complete
✍️ [QUILL] Starting writing cycle at Sun Mar 22 07:30:01 PM CST 2026
  → Researching topic...
  → Drafting article...
  → Editing content...
[2026-03-22 19:31:06] ✅ Content draft complete
✍️ [QUILL] ✅ Cycle complete
✍️ [QUILL] Starting writing cycle at Sun Mar 22 07:40:01 PM CST 2026
  → Researching topic...
  → Drafting article...
  → Editing content...
[2026-03-22 19:41:06] ✅ Content draft complete
mv: cannot stat '/tmp/status.json': No such file or directory
✍️ [QUILL] ✅ Cycle complete
✍️ [QUILL] Starting writing cycle at Sun Mar 22 07:50:01 PM CST 2026
  → Researching topic...
  → Drafting article...
  → Editing content...
[2026-03-22 19:51:06] ✅ Content draft complete
✍️ [QUILL] ✅ Cycle complete
✍️ [QUILL] Starting writing cycle at Sun Mar 22 08:00:01 PM CST 2026
  → Researching topic...
  → Drafting article...
  → Editing content...
[2026-03-22 20:01:06] ✅ Content draft complete
mv: cannot stat '/tmp/status.json': No such file or directory
✍️ [QUILL] ✅ Cycle complete
✍️ [QUILL] Starting writing cycle at Sun Mar 22 08:10:01 PM CST 2026
  → Researching topic...
  → Drafting article...
  → Editing content...
[2026-03-22 20:11:06] ✅ Content draft complete
✍️ [QUILL] ✅ Cycle complete
✍️ [QUILL] Starting writing cycle at Sun Mar 22 08:20:01 PM CST 2026
  → Researching topic...
  → Drafting article...
  → Editing content...
[2026-03-22 20:21:06] ✅ Content draft complete
✍️ [QUILL] ✅ Cycle complete
✍️ [QUILL] Starting writing cycle at Sun Mar 22 08:30:01 PM CST 2026
  → Researching topic...
  → Drafting article...
  → Editing content...
[2026-03-22 20:31:06] ✅ Content draft complete
✍️ [QUILL] ✅ Cycle complete
✍️ [QUILL] Starting writing cycle at Sun Mar 22 08:40:01 PM CST 2026
  → Researching topic...
  → Drafting article...
  → Editing content...
[2026-03-22 20:41:06] ✅ Content draft complete
✍️ [QUILL] ✅ Cycle complete
✍️ [QUILL] Starting writing cycle at Sun Mar 22 08:50:01 PM CST 2026
  → Researching topic...
  → Drafting article...
  → Editing content...
[2026-03-22 20:51:06] ✅ Content draft complete
mv: cannot stat '/tmp/status.json': No such file or directory
✍️ [QUILL] ✅ Cycle complete
✍️ [QUILL] Starting writing cycle at Sun Mar 22 09:00:01 PM CST 2026
  → Researching topic...
  → Drafting article...
  → Editing content...
[2026-03-22 21:01:06] ✅ Content draft complete
✍️ [QUILL] ✅ Cycle complete
✍️ [QUILL] Starting writing cycle at Sun Mar 22 09:10:01 PM CST 2026
  → Researching topic...
  → Drafting article...
  → Editing content...
[2026-03-22 21:11:06] ✅ Content draft complete
mv: cannot stat '/tmp/status.json': No such file or directory
✍️ [QUILL] ✅ Cycle complete
✍️ [QUILL] Starting writing cycle at Sun Mar 22 09:20:01 PM CST 2026
  → Researching topic...
  → Drafting article...
  → Editing content...
[2026-03-22 21:21:06] ✅ Content draft complete
✍️ [QUILL] ✅ Cycle complete
✍️ [QUILL] Starting writing cycle at Sun Mar 22 09:30:01 PM CST 2026
  → Researching topic...
  → Drafting article...
  → Editing content...
[2026-03-22 21:31:06] ✅ Content draft complete
mv: cannot stat '/tmp/status.json': No such file or directory
✍️ [QUILL] ✅ Cycle complete
✍️ [QUILL] Starting writing cycle at Sun Mar 22 09:40:01 PM CST 2026
  → Researching topic...
  → Drafting article...
  → Editing content...
[2026-03-22 21:41:06] ✅ Content draft complete
✍️ [QUILL] ✅ Cycle complete
✍️ [QUILL] Starting writing cycle at Sun Mar 22 09:50:01 PM CST 2026
  → Researching topic...
  → Drafting article...
  → Editing content...
[2026-03-22 21:51:06] ✅ Content draft complete
mv: cannot stat '/tmp/status.json': No such file or directory
✍️ [QUILL] ✅ Cycle complete
✍️ [QUILL] Starting writing cycle at Sun Mar 22 10:00:01 PM CST 2026
  → Researching topic...
  → Drafting article...
  → Editing content...
[2026-03-22 22:01:06] ✅ Content draft complete
mv: cannot stat '/tmp/status.json': No such file or directory
✍️ [QUILL] ✅ Cycle complete
