[2026-03-20 16:53:35] ✅ System check complete - All green
🛡️ [SENTRY] Starting monitoring cycle at Fri Mar 20 04:54:01 PM CST 2026
  → Checking system health...
  → Monitoring token usage...
  → Scanning for alerts...
[2026-03-20 16:54:16] ✅ System check complete - All green
🛡️ [SENTRY] ✅ Cycle complete
🛡️ [SENTRY] Starting monitoring cycle at Fri Mar 20 04:55:01 PM CST 2026
  → Checking system health...
  → Monitoring token usage...
  → Scanning for alerts...
[2026-03-20 16:55:16] ✅ System check complete - All green
🛡️ [SENTRY] ✅ Cycle complete
🛡️ [SENTRY] Starting monitoring cycle at Fri Mar 20 04:56:01 PM CST 2026
  → Checking system health...
  → Monitoring token usage...
  → Scanning for alerts...
[2026-03-20 16:56:16] ✅ System check complete - All green
🛡️ [SENTRY] ✅ Cycle complete
🛡️ [SENTRY] Starting monitoring cycle at Fri Mar 20 04:57:01 PM CST 2026
  → Checking system health...
  → Monitoring token usage...
  → Scanning for alerts...
[2026-03-20 16:57:16] ✅ System check complete - All green
🛡️ [SENTRY] ✅ Cycle complete
🛡️ [SENTRY] Starting monitoring cycle at Fri Mar 20 04:58:01 PM CST 2026
  → Checking system health...
  → Monitoring token usage...
  → Scanning for alerts...
[2026-03-20 16:58:16] ✅ System check complete - All green
🛡️ [SENTRY] ✅ Cycle complete
🛡️ [SENTRY] Starting monitoring cycle at Fri Mar 20 04:59:01 PM CST 2026
  → Checking system health...
  → Monitoring token usage...
  → Scanning for alerts...
[2026-03-20 16:59:16] ✅ System check complete - All green
🛡️ [SENTRY] ✅ Cycle complete
🛡️ [SENTRY] Starting monitoring cycle at Fri Mar 20 05:00:01 PM CST 2026
  → Checking system health...
  → Monitoring token usage...
  → Scanning for alerts...
[2026-03-20 17:00:16] ✅ System check complete - All green
🛡️ [SENTRY] ✅ Cycle complete
🛡️ [SENTRY] Starting monitoring cycle at Fri Mar 20 05:01:01 PM CST 2026
  → Checking system health...
  → Monitoring token usage...
  → Scanning for alerts...
[2026-03-20 17:01:16] ✅ System check complete - All green
🛡️ [SENTRY] ✅ Cycle complete
🛡️ [SENTRY] Starting monitoring cycle at Fri Mar 20 05:02:01 PM CST 2026
  → Checking system health...
  → Monitoring token usage...
  → Scanning for alerts...
[2026-03-20 17:02:16] ✅ System check complete - All green
🛡️ [SENTRY] ✅ Cycle complete
🛡️ [SENTRY] Starting monitoring cycle at Fri Mar 20 05:03:01 PM CST 2026
  → Checking system health...
  → Monitoring token usage...
  → Scanning for alerts...
[2026-03-20 17:03:16] ✅ System check complete - All green
🛡️ [SENTRY] ✅ Cycle complete
🛡️ [SENTRY] Starting monitoring cycle at Fri Mar 20 05:04:01 PM CST 2026
  → Checking system health...
  → Monitoring token usage...
  → Scanning for alerts...
[2026-03-20 17:04:16] ✅ System check complete - All green
🛡️ [SENTRY] ✅ Cycle complete
🛡️ [SENTRY] Starting monitoring cycle at Fri Mar 20 05:05:01 PM CST 2026
  → Checking system health...
  → Monitoring token usage...
  → Scanning for alerts...
[2026-03-20 17:05:16] ✅ System check complete - All green
🛡️ [SENTRY] ✅ Cycle complete
🛡️ [SENTRY] Starting monitoring cycle at Fri Mar 20 05:06:01 PM CST 2026
  → Checking system health...
  → Monitoring token usage...
  → Scanning for alerts...
[2026-03-20 17:06:16] ✅ System check complete - All green
🛡️ [SENTRY] ✅ Cycle complete
🛡️ [SENTRY] Starting monitoring cycle at Fri Mar 20 05:07:01 PM CST 2026
  → Checking system health...
  → Monitoring token usage...
  → Scanning for alerts...
[2026-03-20 17:07:16] ✅ System check complete - All green
🛡️ [SENTRY] ✅ Cycle complete
🛡️ [SENTRY] Starting monitoring cycle at Fri Mar 20 05:08:01 PM CST 2026
  → Checking system health...
  → Monitoring token usage...
  → Scanning for alerts...
[2026-03-20 17:08:16] ✅ System check complete - All green
🛡️ [SENTRY] ✅ Cycle complete
🛡️ [SENTRY] Starting monitoring cycle at Fri Mar 20 05:09:01 PM CST 2026
  → Checking system health...
  → Monitoring token usage...
  → Scanning for alerts...
[2026-03-20 17:09:16] ✅ System check complete - All green
🛡️ [SENTRY] ✅ Cycle complete
🛡️ [SENTRY] Starting monitoring cycle at Fri Mar 20 05:10:01 PM CST 2026
  → Checking system health...
  → Monitoring token usage...
  → Scanning for alerts...
[2026-03-20 17:10:16] ✅ System check complete - All green
🛡️ [SENTRY] ✅ Cycle complete
🛡️ [SENTRY] Starting monitoring cycle at Fri Mar 20 05:11:01 PM CST 2026
  → Checking system health...
  → Monitoring token usage...
  → Scanning for alerts...
[2026-03-20 17:11:16] ✅ System check complete - All green
🛡️ [SENTRY] ✅ Cycle complete
🛡️ [SENTRY] Starting monitoring cycle at Fri Mar 20 05:12:01 PM CST 2026
  → Checking system health...
  → Monitoring token usage...
  → Scanning for alerts...
[2026-03-20 17:12:16] ✅ System check complete - All green
🛡️ [SENTRY] ✅ Cycle complete
🛡️ [SENTRY] Starting monitoring cycle at Fri Mar 20 05:13:01 PM CST 2026
  → Checking system health...
  → Monitoring token usage...
  → Scanning for alerts...
[2026-03-20 17:13:16] ✅ System check complete - All green
🛡️ [SENTRY] ✅ Cycle complete
🛡️ [SENTRY] Starting monitoring cycle at Fri Mar 20 05:14:01 PM CST 2026
  → Checking system health...
  → Monitoring token usage...
  → Scanning for alerts...
[2026-03-20 17:14:16] ✅ System check complete - All green
🛡️ [SENTRY] ✅ Cycle complete
🛡️ [SENTRY] Starting monitoring cycle at Fri Mar 20 05:15:01 PM CST 2026
  → Checking system health...
  → Monitoring token usage...
  → Scanning for alerts...
[2026-03-20 17:15:16] ✅ System check complete - All green
🛡️ [SENTRY] ✅ Cycle complete
🛡️ [SENTRY] Starting monitoring cycle at Fri Mar 20 05:16:01 PM CST 2026
  → Checking system health...
  → Monitoring token usage...
  → Scanning for alerts...
[2026-03-20 17:16:16] ✅ System check complete - All green
🛡️ [SENTRY] ✅ Cycle complete
🛡️ [SENTRY] Starting monitoring cycle at Fri Mar 20 05:17:01 PM CST 2026
  → Checking system health...
  → Monitoring token usage...
  → Scanning for alerts...
[2026-03-20 17:17:16] ✅ System check complete - All green
🛡️ [SENTRY] ✅ Cycle complete
🛡️ [SENTRY] Starting monitoring cycle at Fri Mar 20 05:18:01 PM CST 2026
  → Checking system health...
  → Monitoring token usage...
  → Scanning for alerts...
[2026-03-20 17:18:16] ✅ System check complete - All green
🛡️ [SENTRY] ✅ Cycle complete
🛡️ [SENTRY] Starting monitoring cycle at Fri Mar 20 05:19:01 PM CST 2026
  → Checking system health...
  → Monitoring token usage...
  → Scanning for alerts...
[2026-03-20 17:19:16] ✅ System check complete - All green
🛡️ [SENTRY] ✅ Cycle complete
🛡️ [SENTRY] Starting monitoring cycle at Fri Mar 20 05:20:01 PM CST 2026
  → Checking system health...
  → Monitoring token usage...
  → Scanning for alerts...
[2026-03-20 17:20:16] ✅ System check complete - All green
🛡️ [SENTRY] ✅ Cycle complete
🛡️ [SENTRY] Starting monitoring cycle at Fri Mar 20 05:21:01 PM CST 2026
  → Checking system health...
  → Monitoring token usage...
  → Scanning for alerts...
[2026-03-20 17:21:16] ✅ System check complete - All green
🛡️ [SENTRY] ✅ Cycle complete
🛡️ [SENTRY] Starting monitoring cycle at Fri Mar 20 05:22:01 PM CST 2026
  → Checking system health...
  → Monitoring token usage...
  → Scanning for alerts...
[2026-03-20 17:22:16] ✅ System check complete - All green
🛡️ [SENTRY] ✅ Cycle complete
🛡️ [SENTRY] Starting monitoring cycle at Fri Mar 20 05:23:01 PM CST 2026
  → Checking system health...
  → Monitoring token usage...
  → Scanning for alerts...
[2026-03-20 17:23:16] ✅ System check complete - All green
🛡️ [SENTRY] ✅ Cycle complete
🛡️ [SENTRY] Starting monitoring cycle at Fri Mar 20 05:24:01 PM CST 2026
  → Checking system health...
  → Monitoring token usage...
  → Scanning for alerts...
[2026-03-20 17:24:16] ✅ System check complete - All green
🛡️ [SENTRY] ✅ Cycle complete
🛡️ [SENTRY] Starting monitoring cycle at Fri Mar 20 05:25:01 PM CST 2026
  → Checking system health...
  → Monitoring token usage...
  → Scanning for alerts...
[2026-03-20 17:25:16] ✅ System check complete - All green
🛡️ [SENTRY] ✅ Cycle complete
🛡️ [SENTRY] Starting monitoring cycle at Fri Mar 20 05:26:01 PM CST 2026
  → Checking system health...
  → Monitoring token usage...
  → Scanning for alerts...
[2026-03-20 17:26:16] ✅ System check complete - All green
🛡️ [SENTRY] ✅ Cycle complete
🛡️ [SENTRY] Starting monitoring cycle at Fri Mar 20 05:27:01 PM CST 2026
  → Checking system health...
  → Monitoring token usage...
  → Scanning for alerts...
[2026-03-20 17:27:16] ✅ System check complete - All green
🛡️ [SENTRY] ✅ Cycle complete
🛡️ [SENTRY] Starting monitoring cycle at Fri Mar 20 05:28:01 PM CST 2026
  → Checking system health...
  → Monitoring token usage...
  → Scanning for alerts...
[2026-03-20 17:28:16] ✅ System check complete - All green
🛡️ [SENTRY] ✅ Cycle complete
🛡️ [SENTRY] Starting monitoring cycle at Fri Mar 20 05:29:01 PM CST 2026
  → Checking system health...
  → Monitoring token usage...
  → Scanning for alerts...
[2026-03-20 17:29:16] ✅ System check complete - All green
🛡️ [SENTRY] ✅ Cycle complete
🛡️ [SENTRY] Starting monitoring cycle at Fri Mar 20 05:30:01 PM CST 2026
  → Checking system health...
  → Monitoring token usage...
  → Scanning for alerts...
[2026-03-20 17:30:16] ✅ System check complete - All green
🛡️ [SENTRY] ✅ Cycle complete
🛡️ [SENTRY] Starting monitoring cycle at Fri Mar 20 05:31:01 PM CST 2026
  → Checking system health...
  → Monitoring token usage...
  → Scanning for alerts...
[2026-03-20 17:31:16] ✅ System check complete - All green
🛡️ [SENTRY] ✅ Cycle complete
🛡️ [SENTRY] Starting monitoring cycle at Fri Mar 20 05:32:01 PM CST 2026
  → Checking system health...
  → Monitoring token usage...
  → Scanning for alerts...
[2026-03-20 17:32:16] ✅ System check complete - All green
🛡️ [SENTRY] ✅ Cycle complete
🛡️ [SENTRY] Starting monitoring cycle at Fri Mar 20 05:33:01 PM CST 2026
  → Checking system health...
  → Monitoring token usage...
  → Scanning for alerts...
[2026-03-20 17:33:16] ✅ System check complete - All green
🛡️ [SENTRY] ✅ Cycle complete
🛡️ [SENTRY] Starting monitoring cycle at Fri Mar 20 05:34:01 PM CST 2026
  → Checking system health...
  → Monitoring token usage...
  → Scanning for alerts...
[2026-03-20 17:34:16] ✅ System check complete - All green
🛡️ [SENTRY] ✅ Cycle complete
🛡️ [SENTRY] Starting monitoring cycle at Fri Mar 20 05:35:01 PM CST 2026
  → Checking system health...
  → Monitoring token usage...
  → Scanning for alerts...
[2026-03-20 17:35:16] ✅ System check complete - All green
🛡️ [SENTRY] ✅ Cycle complete
🛡️ [SENTRY] Starting monitoring cycle at Fri Mar 20 05:36:02 PM CST 2026
  → Checking system health...
  → Monitoring token usage...
  → Scanning for alerts...
[2026-03-20 17:36:17] ✅ System check complete - All green
🛡️ [SENTRY] ✅ Cycle complete
🛡️ [SENTRY] Starting monitoring cycle at Fri Mar 20 05:37:01 PM CST 2026
  → Checking system health...
  → Monitoring token usage...
  → Scanning for alerts...
[2026-03-20 17:37:16] ✅ System check complete - All green
🛡️ [SENTRY] ✅ Cycle complete
🛡️ [SENTRY] Starting monitoring cycle at Fri Mar 20 05:38:01 PM CST 2026
  → Checking system health...
  → Monitoring token usage...
  → Scanning for alerts...
[2026-03-20 17:38:16] ✅ System check complete - All green
🛡️ [SENTRY] ✅ Cycle complete
🛡️ [SENTRY] Starting monitoring cycle at Fri Mar 20 05:39:01 PM CST 2026
  → Checking system health...
  → Monitoring token usage...
  → Scanning for alerts...
[2026-03-20 17:39:16] ✅ System check complete - All green
🛡️ [SENTRY] ✅ Cycle complete
🛡️ [SENTRY] Starting monitoring cycle at Fri Mar 20 05:40:01 PM CST 2026
  → Checking system health...
  → Monitoring token usage...
  → Scanning for alerts...
[2026-03-20 17:40:16] ✅ System check complete - All green
🛡️ [SENTRY] ✅ Cycle complete
🛡️ [SENTRY] Starting monitoring cycle at Fri Mar 20 05:41:01 PM CST 2026
  → Checking system health...
  → Monitoring token usage...
  → Scanning for alerts...
[2026-03-20 17:41:16] ✅ System check complete - All green
🛡️ [SENTRY] ✅ Cycle complete
🛡️ [SENTRY] Starting monitoring cycle at Fri Mar 20 05:42:01 PM CST 2026
  → Checking system health...
  → Monitoring token usage...
  → Scanning for alerts...
[2026-03-20 17:42:16] ✅ System check complete - All green
🛡️ [SENTRY] ✅ Cycle complete
🛡️ [SENTRY] Starting monitoring cycle at Fri Mar 20 05:43:01 PM CST 2026
  → Checking system health...
  → Monitoring token usage...
  → Scanning for alerts...
[2026-03-20 17:43:16] ✅ System check complete - All green
🛡️ [SENTRY] ✅ Cycle complete
🛡️ [SENTRY] Starting monitoring cycle at Fri Mar 20 05:44:01 PM CST 2026
  → Checking system health...
  → Monitoring token usage...
  → Scanning for alerts...
[2026-03-20 17:44:16] ✅ System check complete - All green
🛡️ [SENTRY] ✅ Cycle complete
🛡️ [SENTRY] Starting monitoring cycle at Fri Mar 20 05:45:01 PM CST 2026
  → Checking system health...
  → Monitoring token usage...
  → Scanning for alerts...
[2026-03-20 17:45:16] ✅ System check complete - All green
🛡️ [SENTRY] ✅ Cycle complete
🛡️ [SENTRY] Starting monitoring cycle at Fri Mar 20 05:46:01 PM CST 2026
  → Checking system health...
  → Monitoring token usage...
  → Scanning for alerts...
[2026-03-20 17:46:16] ✅ System check complete - All green
🛡️ [SENTRY] ✅ Cycle complete
🛡️ [SENTRY] Starting monitoring cycle at Fri Mar 20 05:47:01 PM CST 2026
  → Checking system health...
  → Monitoring token usage...
  → Scanning for alerts...
[2026-03-20 17:47:16] ✅ System check complete - All green
🛡️ [SENTRY] ✅ Cycle complete
🛡️ [SENTRY] Starting monitoring cycle at Fri Mar 20 05:48:01 PM CST 2026
  → Checking system health...
  → Monitoring token usage...
  → Scanning for alerts...
[2026-03-20 17:48:16] ✅ System check complete - All green
🛡️ [SENTRY] ✅ Cycle complete
🛡️ [SENTRY] Starting monitoring cycle at Fri Mar 20 05:49:01 PM CST 2026
  → Checking system health...
  → Monitoring token usage...
  → Scanning for alerts...
[2026-03-20 17:49:16] ✅ System check complete - All green
🛡️ [SENTRY] ✅ Cycle complete
🛡️ [SENTRY] Starting monitoring cycle at Fri Mar 20 05:50:01 PM CST 2026
  → Checking system health...
  → Monitoring token usage...
  → Scanning for alerts...
[2026-03-20 17:50:16] ✅ System check complete - All green
🛡️ [SENTRY] ✅ Cycle complete
🛡️ [SENTRY] Starting monitoring cycle at Fri Mar 20 05:51:01 PM CST 2026
  → Checking system health...
  → Monitoring token usage...
  → Scanning for alerts...
[2026-03-20 17:51:16] ✅ System check complete - All green
🛡️ [SENTRY] ✅ Cycle complete
🛡️ [SENTRY] Starting monitoring cycle at Fri Mar 20 05:52:01 PM CST 2026
  → Checking system health...
  → Monitoring token usage...
  → Scanning for alerts...
[2026-03-20 17:52:16] ✅ System check complete - All green
🛡️ [SENTRY] ✅ Cycle complete
🛡️ [SENTRY] Starting monitoring cycle at Fri Mar 20 05:53:01 PM CST 2026
  → Checking system health...
  → Monitoring token usage...
  → Scanning for alerts...
[2026-03-20 17:53:16] ✅ System check complete - All green
🛡️ [SENTRY] ✅ Cycle complete
🛡️ [SENTRY] Starting monitoring cycle at Fri Mar 20 05:54:01 PM CST 2026
  → Checking system health...
  → Monitoring token usage...
  → Scanning for alerts...
[2026-03-20 17:54:16] ✅ System check complete - All green
🛡️ [SENTRY] ✅ Cycle complete
🛡️ [SENTRY] Starting monitoring cycle at Fri Mar 20 05:55:01 PM CST 2026
  → Checking system health...
  → Monitoring token usage...
  → Scanning for alerts...
[2026-03-20 17:55:16] ✅ System check complete - All green
🛡️ [SENTRY] ✅ Cycle complete
🛡️ [SENTRY] Starting monitoring cycle at Fri Mar 20 05:56:01 PM CST 2026
  → Checking system health...
  → Monitoring token usage...
  → Scanning for alerts...
[2026-03-20 17:56:16] ✅ System check complete - All green
🛡️ [SENTRY] ✅ Cycle complete
🛡️ [SENTRY] Starting monitoring cycle at Fri Mar 20 05:57:01 PM CST 2026
  → Checking system health...
  → Monitoring token usage...
  → Scanning for alerts...
[2026-03-20 17:57:16] ✅ System check complete - All green
🛡️ [SENTRY] ✅ Cycle complete
🛡️ [SENTRY] Starting monitoring cycle at Fri Mar 20 05:58:01 PM CST 2026
  → Checking system health...
  → Monitoring token usage...
  → Scanning for alerts...
[2026-03-20 17:58:16] ✅ System check complete - All green
🛡️ [SENTRY] ✅ Cycle complete
🛡️ [SENTRY] Starting monitoring cycle at Fri Mar 20 05:59:01 PM CST 2026
  → Checking system health...
  → Monitoring token usage...
  → Scanning for alerts...
[2026-03-20 17:59:16] ✅ System check complete - All green
🛡️ [SENTRY] ✅ Cycle complete
🛡️ [SENTRY] Starting monitoring cycle at Fri Mar 20 06:00:01 PM CST 2026
  → Checking system health...
  → Monitoring token usage...
  → Scanning for alerts...
[2026-03-20 18:00:16] ✅ System check complete - All green
🛡️ [SENTRY] ✅ Cycle complete
🛡️ [SENTRY] Starting monitoring cycle at Fri Mar 20 06:01:01 PM CST 2026
  → Checking system health...
  → Monitoring token usage...
  → Scanning for alerts...
[2026-03-20 18:01:16] ✅ System check complete - All green
🛡️ [SENTRY] ✅ Cycle complete
🛡️ [SENTRY] Starting monitoring cycle at Fri Mar 20 06:02:01 PM CST 2026
  → Checking system health...
  → Monitoring token usage...
  → Scanning for alerts...
[2026-03-20 18:02:16] ✅ System check complete - All green
🛡️ [SENTRY] ✅ Cycle complete
🛡️ [SENTRY] Starting monitoring cycle at Fri Mar 20 06:03:01 PM CST 2026
  → Checking system health...
  → Monitoring token usage...
  → Scanning for alerts...
[2026-03-20 18:03:16] ✅ System check complete - All green
🛡️ [SENTRY] ✅ Cycle complete
🛡️ [SENTRY] Starting monitoring cycle at Fri Mar 20 06:04:01 PM CST 2026
  → Checking system health...
  → Monitoring token usage...
  → Scanning for alerts...
[2026-03-20 18:04:16] ✅ System check complete - All green
🛡️ [SENTRY] ✅ Cycle complete
🛡️ [SENTRY] Starting monitoring cycle at Fri Mar 20 06:05:01 PM CST 2026
  → Checking system health...
  → Monitoring token usage...
  → Scanning for alerts...
[2026-03-20 18:05:16] ✅ System check complete - All green
🛡️ [SENTRY] ✅ Cycle complete
🛡️ [SENTRY] Starting monitoring cycle at Fri Mar 20 06:06:01 PM CST 2026
  → Checking system health...
  → Monitoring token usage...
  → Scanning for alerts...
[2026-03-20 18:06:16] ✅ System check complete - All green
🛡️ [SENTRY] ✅ Cycle complete
🛡️ [SENTRY] Starting monitoring cycle at Fri Mar 20 06:07:01 PM CST 2026
  → Checking system health...
  → Monitoring token usage...
  → Scanning for alerts...
[2026-03-20 18:07:16] ✅ System check complete - All green
🛡️ [SENTRY] ✅ Cycle complete
🛡️ [SENTRY] Starting monitoring cycle at Fri Mar 20 06:08:01 PM CST 2026
  → Checking system health...
  → Monitoring token usage...
  → Scanning for alerts...
[2026-03-20 18:08:16] ✅ System check complete - All green
🛡️ [SENTRY] ✅ Cycle complete
🛡️ [SENTRY] Starting monitoring cycle at Fri Mar 20 06:09:01 PM CST 2026
  → Checking system health...
  → Monitoring token usage...
  → Scanning for alerts...
[2026-03-20 18:09:16] ✅ System check complete - All green
🛡️ [SENTRY] ✅ Cycle complete
🛡️ [SENTRY] Starting monitoring cycle at Fri Mar 20 06:10:01 PM CST 2026
  → Checking system health...
  → Monitoring token usage...
  → Scanning for alerts...
[2026-03-20 18:10:16] ✅ System check complete - All green
🛡️ [SENTRY] ✅ Cycle complete
🛡️ [SENTRY] Starting monitoring cycle at Fri Mar 20 06:11:01 PM CST 2026
  → Checking system health...
  → Monitoring token usage...
  → Scanning for alerts...
[2026-03-20 18:11:16] ✅ System check complete - All green
🛡️ [SENTRY] ✅ Cycle complete
🛡️ [SENTRY] Starting monitoring cycle at Fri Mar 20 06:12:01 PM CST 2026
  → Checking system health...
  → Monitoring token usage...
  → Scanning for alerts...
[2026-03-20 18:12:16] ✅ System check complete - All green
🛡️ [SENTRY] ✅ Cycle complete
🛡️ [SENTRY] Starting monitoring cycle at Fri Mar 20 06:13:01 PM CST 2026
  → Checking system health...
  → Monitoring token usage...
  → Scanning for alerts...
[2026-03-20 18:13:16] ✅ System check complete - All green
🛡️ [SENTRY] ✅ Cycle complete
🛡️ [SENTRY] Starting monitoring cycle at Fri Mar 20 06:14:01 PM CST 2026
  → Checking system health...
  → Monitoring token usage...
  → Scanning for alerts...
[2026-03-20 18:14:16] ✅ System check complete - All green
🛡️ [SENTRY] ✅ Cycle complete
🛡️ [SENTRY] Starting monitoring cycle at Fri Mar 20 06:15:01 PM CST 2026
  → Checking system health...
  → Monitoring token usage...
  → Scanning for alerts...
[2026-03-20 18:15:16] ✅ System check complete - All green
🛡️ [SENTRY] ✅ Cycle complete
🛡️ [SENTRY] Starting monitoring cycle at Fri Mar 20 06:16:01 PM CST 2026
  → Checking system health...
  → Monitoring token usage...
  → Scanning for alerts...
[2026-03-20 18:16:16] ✅ System check complete - All green
🛡️ [SENTRY] ✅ Cycle complete
🛡️ [SENTRY] Starting monitoring cycle at Fri Mar 20 06:17:01 PM CST 2026
  → Checking system health...
  → Monitoring token usage...
  → Scanning for alerts...
[2026-03-20 18:17:16] ✅ System check complete - All green
🛡️ [SENTRY] ✅ Cycle complete
