🦁 [ZOOKEEPER] Starting development cycle at Fri Mar 20 05:00:01 PM CST 2026
  → Designing environment...
  → Integrating Meebit assets...
  → Testing feeding system...
[2026-03-20 17:01:06] ✅ Pixel Sanctuary update complete
🦁 [ZOOKEEPER] ✅ Cycle complete
🦁 [ZOOKEEPER] Starting development cycle at Fri Mar 20 05:10:01 PM CST 2026
  → Designing environment...
  → Integrating Meebit assets...
  → Testing feeding system...
[2026-03-20 17:11:06] ✅ Pixel Sanctuary update complete
🦁 [ZOOKEEPER] ✅ Cycle complete
🦁 [ZOOKEEPER] Starting development cycle at Fri Mar 20 05:20:01 PM CST 2026
  → Designing environment...
  → Integrating Meebit assets...
  → Testing feeding system...
[2026-03-20 17:21:06] ✅ Pixel Sanctuary update complete
🦁 [ZOOKEEPER] ✅ Cycle complete
🦁 [ZOOKEEPER] Starting development cycle at Fri Mar 20 05:30:01 PM CST 2026
  → Designing environment...
  → Integrating Meebit assets...
  → Testing feeding system...
[2026-03-20 17:31:06] ✅ Pixel Sanctuary update complete
mv: cannot stat '/tmp/status.json': No such file or directory
🦁 [ZOOKEEPER] ✅ Cycle complete
🦁 [ZOOKEEPER] Starting development cycle at Fri Mar 20 05:40:01 PM CST 2026
  → Designing environment...
  → Integrating Meebit assets...
  → Testing feeding system...
[2026-03-20 17:41:06] ✅ Pixel Sanctuary update complete
mv: cannot stat '/tmp/status.json': No such file or directory
🦁 [ZOOKEEPER] ✅ Cycle complete
🦁 [ZOOKEEPER] Starting development cycle at Fri Mar 20 05:50:01 PM CST 2026
  → Designing environment...
  → Integrating Meebit assets...
  → Testing feeding system...
[2026-03-20 17:51:06] ✅ Pixel Sanctuary update complete
🦁 [ZOOKEEPER] ✅ Cycle complete
🦁 [ZOOKEEPER] Starting development cycle at Fri Mar 20 06:00:01 PM CST 2026
  → Designing environment...
  → Integrating Meebit assets...
  → Testing feeding system...
[2026-03-20 18:01:06] ✅ Pixel Sanctuary update complete
mv: cannot stat '/tmp/status.json': No such file or directory
🦁 [ZOOKEEPER] ✅ Cycle complete
🦁 [ZOOKEEPER] Starting development cycle at Fri Mar 20 06:10:01 PM CST 2026
  → Designing environment...
  → Integrating Meebit assets...
  → Testing feeding system...
[2026-03-20 18:11:06] ✅ Pixel Sanctuary update complete
🦁 [ZOOKEEPER] ✅ Cycle complete
🦁 [ZOOKEEPER] Starting development cycle at Fri Mar 20 06:20:01 PM CST 2026
  → Designing environment...
  → Integrating Meebit assets...
  → Testing feeding system...
[2026-03-20 18:21:06] ✅ Pixel Sanctuary update complete
🦁 [ZOOKEEPER] ✅ Cycle complete
🦁 [ZOOKEEPER] Starting development cycle at Fri Mar 20 06:30:01 PM CST 2026
  → Designing environment...
  → Integrating Meebit assets...
  → Testing feeding system...
[2026-03-20 18:31:06] ✅ Pixel Sanctuary update complete
mv: cannot stat '/tmp/status.json': No such file or directory
🦁 [ZOOKEEPER] ✅ Cycle complete
🦁 [ZOOKEEPER] Starting development cycle at Fri Mar 20 06:40:01 PM CST 2026
  → Designing environment...
  → Integrating Meebit assets...
  → Testing feeding system...
[2026-03-20 18:41:06] ✅ Pixel Sanctuary update complete
mv: cannot stat '/tmp/status.json': No such file or directory
🦁 [ZOOKEEPER] ✅ Cycle complete
🦁 [ZOOKEEPER] Starting development cycle at Fri Mar 20 06:50:01 PM CST 2026
  → Designing environment...
  → Integrating Meebit assets...
  → Testing feeding system...
[2026-03-20 18:51:06] ✅ Pixel Sanctuary update complete
🦁 [ZOOKEEPER] ✅ Cycle complete
🦁 [ZOOKEEPER] Starting development cycle at Fri Mar 20 07:00:01 PM CST 2026
  → Designing environment...
  → Integrating Meebit assets...
  → Testing feeding system...
[2026-03-20 19:01:06] ✅ Pixel Sanctuary update complete
mv: cannot stat '/tmp/status.json': No such file or directory
🦁 [ZOOKEEPER] ✅ Cycle complete
🦁 [ZOOKEEPER] Starting development cycle at Fri Mar 20 07:10:01 PM CST 2026
  → Designing environment...
  → Integrating Meebit assets...
  → Testing feeding system...
[2026-03-20 19:11:06] ✅ Pixel Sanctuary update complete
🦁 [ZOOKEEPER] ✅ Cycle complete
🦁 [ZOOKEEPER] Starting development cycle at Fri Mar 20 07:20:01 PM CST 2026
  → Designing environment...
  → Integrating Meebit assets...
  → Testing feeding system...
[2026-03-20 19:21:06] ✅ Pixel Sanctuary update complete
🦁 [ZOOKEEPER] ✅ Cycle complete
🦁 [ZOOKEEPER] Starting development cycle at Fri Mar 20 07:30:01 PM CST 2026
  → Designing environment...
  → Integrating Meebit assets...
  → Testing feeding system...
[2026-03-20 19:31:06] ✅ Pixel Sanctuary update complete
🦁 [ZOOKEEPER] ✅ Cycle complete
🦁 [ZOOKEEPER] Starting development cycle at Fri Mar 20 07:40:01 PM CST 2026
  → Designing environment...
  → Integrating Meebit assets...
  → Testing feeding system...
[2026-03-20 19:41:06] ✅ Pixel Sanctuary update complete
🦁 [ZOOKEEPER] ✅ Cycle complete
🦁 [ZOOKEEPER] Starting development cycle at Fri Mar 20 07:50:01 PM CST 2026
  → Designing environment...
  → Integrating Meebit assets...
  → Testing feeding system...
[2026-03-20 19:51:06] ✅ Pixel Sanctuary update complete
🦁 [ZOOKEEPER] ✅ Cycle complete
🦁 [ZOOKEEPER] Starting development cycle at Fri Mar 20 08:00:01 PM CST 2026
  → Designing environment...
  → Integrating Meebit assets...
  → Testing feeding system...
[2026-03-20 20:01:06] ✅ Pixel Sanctuary update complete
mv: cannot stat '/tmp/status.json': No such file or directory
🦁 [ZOOKEEPER] ✅ Cycle complete
🦁 [ZOOKEEPER] Starting development cycle at Fri Mar 20 08:10:01 PM CST 2026
  → Designing environment...
  → Integrating Meebit assets...
  → Testing feeding system...
[2026-03-20 20:11:06] ✅ Pixel Sanctuary update complete
mv: cannot move '/tmp/status.json' to '/root/.openclaw/workspace/mission-control-v2/data/agent-status.json': No such file or directory
🦁 [ZOOKEEPER] ✅ Cycle complete
🦁 [ZOOKEEPER] Starting development cycle at Fri Mar 20 08:20:01 PM CST 2026
  → Designing environment...
  → Integrating Meebit assets...
  → Testing feeding system...
[2026-03-20 20:21:06] ✅ Pixel Sanctuary update complete
mv: cannot stat '/tmp/status.json': No such file or directory
🦁 [ZOOKEEPER] ✅ Cycle complete
🦁 [ZOOKEEPER] Starting development cycle at Fri Mar 20 08:30:01 PM CST 2026
  → Designing environment...
  → Integrating Meebit assets...
  → Testing feeding system...
[2026-03-20 20:31:06] ✅ Pixel Sanctuary update complete
🦁 [ZOOKEEPER] ✅ Cycle complete
🦁 [ZOOKEEPER] Starting development cycle at Fri Mar 20 08:40:01 PM CST 2026
  → Designing environment...
  → Integrating Meebit assets...
  → Testing feeding system...
[2026-03-20 20:41:06] ✅ Pixel Sanctuary update complete
mv: cannot stat '/tmp/status.json': No such file or directory
🦁 [ZOOKEEPER] ✅ Cycle complete
🦁 [ZOOKEEPER] Starting development cycle at Fri Mar 20 08:50:01 PM CST 2026
  → Designing environment...
  → Integrating Meebit assets...
  → Testing feeding system...
[2026-03-20 20:51:06] ✅ Pixel Sanctuary update complete
🦁 [ZOOKEEPER] ✅ Cycle complete
🦁 [ZOOKEEPER] Starting development cycle at Fri Mar 20 09:00:01 PM CST 2026
  → Designing environment...
  → Integrating Meebit assets...
  → Testing feeding system...
[2026-03-20 21:01:06] ✅ Pixel Sanctuary update complete
🦁 [ZOOKEEPER] ✅ Cycle complete
🦁 [ZOOKEEPER] Starting development cycle at Fri Mar 20 09:10:01 PM CST 2026
  → Designing environment...
  → Integrating Meebit assets...
  → Testing feeding system...
[2026-03-20 21:11:06] ✅ Pixel Sanctuary update complete
🦁 [ZOOKEEPER] ✅ Cycle complete
🦁 [ZOOKEEPER] Starting development cycle at Fri Mar 20 09:20:01 PM CST 2026
  → Designing environment...
  → Integrating Meebit assets...
  → Testing feeding system...
[2026-03-20 21:21:06] ✅ Pixel Sanctuary update complete
mv: cannot stat '/tmp/status.json': No such file or directory
🦁 [ZOOKEEPER] ✅ Cycle complete
🦁 [ZOOKEEPER] Starting development cycle at Fri Mar 20 09:30:01 PM CST 2026
  → Designing environment...
  → Integrating Meebit assets...
  → Testing feeding system...
[2026-03-20 21:31:06] ✅ Pixel Sanctuary update complete
mv: cannot stat '/tmp/status.json': No such file or directory
🦁 [ZOOKEEPER] ✅ Cycle complete
🦁 [ZOOKEEPER] Starting development cycle at Fri Mar 20 09:40:01 PM CST 2026
  → Designing environment...
  → Integrating Meebit assets...
  → Testing feeding system...
[2026-03-20 21:41:06] ✅ Pixel Sanctuary update complete
mv: cannot move '/tmp/status.json' to '/root/.openclaw/workspace/mission-control-v2/data/agent-status.json': No such file or directory
🦁 [ZOOKEEPER] ✅ Cycle complete
